"../../../Engine/Content/EngineMeshes/Humanoid.uasset" 0
"../../../Engine/Content/EngineMeshes/Humanoid.uexp" 1
"C:/Users/lev/Documents/Unreal Projects/ShootThemUp/Content/ExternalContent/Characters/HeroTPP/HeroTPP_Skeleton.uasset" 2
"C:/Users/lev/Documents/Unreal Projects/ShootThemUp/Content/ExternalContent/Characters/HeroTPP/HeroTPP_Skeleton.uexp" 3
"C:/Users/lev/Documents/Unreal Projects/ShootThemUp/Content/ExternalContent/Animations/TTP_Animations/Idle.uasset" 4
"C:/Users/lev/Documents/Unreal Projects/ShootThemUp/Content/ExternalContent/Animations/TTP_Animations/Idle.uexp" 5
"../../../Engine/Content/Animation/DefaultAnimBoneCompressionSettings.uasset" 6
"../../../Engine/Content/Animation/DefaultAnimBoneCompressionSettings.uexp" 7
"../../../Engine/Content/Animation/DefaultAnimCurveCompressionSettings.uasset" 8
"../../../Engine/Content/Animation/DefaultAnimCurveCompressionSettings.uexp" 9
"C:/Users/lev/Documents/Unreal Projects/ShootThemUp/Content/ExternalContent/Animations/TTP_Animations/AimOffsetDown.uasset" 10
"C:/Users/lev/Documents/Unreal Projects/ShootThemUp/Content/ExternalContent/Animations/TTP_Animations/AimOffsetDown.uexp" 11
"C:/Users/lev/Documents/Unreal Projects/ShootThemUp/Content/ExternalContent/Animations/TTP_Animations/AimOffsetFwd.uasset" 12
"C:/Users/lev/Documents/Unreal Projects/ShootThemUp/Content/ExternalContent/Animations/TTP_Animations/AimOffsetFwd.uexp" 13
"C:/Users/lev/Documents/Unreal Projects/ShootThemUp/Content/ExternalContent/Animations/TTP_Animations/AimOffsetLeft.uasset" 14
"C:/Users/lev/Documents/Unreal Projects/ShootThemUp/Content/ExternalContent/Animations/TTP_Animations/AimOffsetLeft.uexp" 15
"C:/Users/lev/Documents/Unreal Projects/ShootThemUp/Content/ExternalContent/Animations/TTP_Animations/AimOffsetLeftDown.uasset" 16
"C:/Users/lev/Documents/Unreal Projects/ShootThemUp/Content/ExternalContent/Animations/TTP_Animations/AimOffsetLeftDown.uexp" 17
"C:/Users/lev/Documents/Unreal Projects/ShootThemUp/Content/ExternalContent/Animations/TTP_Animations/AimOffsetLeftUp.uasset" 18
"C:/Users/lev/Documents/Unreal Projects/ShootThemUp/Content/ExternalContent/Animations/TTP_Animations/AimOffsetLeftUp.uexp" 19
"C:/Users/lev/Documents/Unreal Projects/ShootThemUp/Content/ExternalContent/Animations/TTP_Animations/AimOffsetRight.uasset" 20
"C:/Users/lev/Documents/Unreal Projects/ShootThemUp/Content/ExternalContent/Animations/TTP_Animations/AimOffsetRight.uexp" 21
"C:/Users/lev/Documents/Unreal Projects/ShootThemUp/Content/ExternalContent/Animations/TTP_Animations/AimOffsetRightDown.uasset" 22
"C:/Users/lev/Documents/Unreal Projects/ShootThemUp/Content/ExternalContent/Animations/TTP_Animations/AimOffsetRightDown.uexp" 23
"C:/Users/lev/Documents/Unreal Projects/ShootThemUp/Content/ExternalContent/Animations/TTP_Animations/AimOffsetRightUp.uasset" 24
"C:/Users/lev/Documents/Unreal Projects/ShootThemUp/Content/ExternalContent/Animations/TTP_Animations/AimOffsetRightUp.uexp" 25
"C:/Users/lev/Documents/Unreal Projects/ShootThemUp/Content/ExternalContent/Animations/TTP_Animations/AimOffsetUp.uasset" 26
"C:/Users/lev/Documents/Unreal Projects/ShootThemUp/Content/ExternalContent/Animations/TTP_Animations/AimOffsetUp.uexp" 27
"C:/Users/lev/Documents/Unreal Projects/ShootThemUp/Content/ExternalContent/Animations/TTP_Animations/Death.uasset" 28
"C:/Users/lev/Documents/Unreal Projects/ShootThemUp/Content/ExternalContent/Animations/TTP_Animations/Death.uexp" 29
"C:/Users/lev/Documents/Unreal Projects/ShootThemUp/Content/ExternalContent/Animations/TTP_Animations/Equip.uasset" 30
"C:/Users/lev/Documents/Unreal Projects/ShootThemUp/Content/ExternalContent/Animations/TTP_Animations/Equip.uexp" 31
"C:/Users/lev/Documents/Unreal Projects/ShootThemUp/Content/ExternalContent/Animations/TTP_Animations/Launcher_Reload.uasset" 32
"C:/Users/lev/Documents/Unreal Projects/ShootThemUp/Content/ExternalContent/Animations/TTP_Animations/Launcher_Reload.uexp" 33
"C:/Users/lev/Documents/Unreal Projects/ShootThemUp/Content/ExternalContent/Animations/TTP_Animations/Reload.uasset" 34
"C:/Users/lev/Documents/Unreal Projects/ShootThemUp/Content/ExternalContent/Animations/TTP_Animations/Reload.uexp" 35
"C:/Users/lev/Documents/Unreal Projects/ShootThemUp/Content/ExternalContent/Sounds/Audio_Settings/Attenuation/Foley.uasset" 36
"C:/Users/lev/Documents/Unreal Projects/ShootThemUp/Content/ExternalContent/Sounds/Audio_Settings/Attenuation/Foley.uexp" 37
"C:/Users/lev/Documents/Unreal Projects/ShootThemUp/Content/ExternalContent/Sounds/Audio_Settings/Attenuation/Footsteps.uasset" 38
"C:/Users/lev/Documents/Unreal Projects/ShootThemUp/Content/ExternalContent/Sounds/Audio_Settings/Attenuation/Footsteps.uexp" 39
"C:/Users/lev/Documents/Unreal Projects/ShootThemUp/Content/ExternalContent/Sounds/Foley/wav/sw_Foley_JumpLand_Tile_01.uasset" 40
"C:/Users/lev/Documents/Unreal Projects/ShootThemUp/Content/ExternalContent/Sounds/Foley/wav/sw_Foley_JumpLand_Tile_01.uexp" 41
"C:/Users/lev/Documents/Unreal Projects/ShootThemUp/Content/ExternalContent/Sounds/Foley/wav/sw_Foley_JumpLand_Tile_01.ubulk" 42
"C:/Users/lev/Documents/Unreal Projects/ShootThemUp/Content/ExternalContent/Sounds/Foley/wav/sw_Foley_JumpLand_Tile_02.uasset" 43
"C:/Users/lev/Documents/Unreal Projects/ShootThemUp/Content/ExternalContent/Sounds/Foley/wav/sw_Foley_JumpLand_Tile_02.uexp" 44
"C:/Users/lev/Documents/Unreal Projects/ShootThemUp/Content/ExternalContent/Sounds/Foley/wav/sw_Foley_JumpLand_Tile_02.ubulk" 45
"C:/Users/lev/Documents/Unreal Projects/ShootThemUp/Content/ExternalContent/Sounds/Foley/wav/sw_Foley_JumpLand_Tile_03.uasset" 46
"C:/Users/lev/Documents/Unreal Projects/ShootThemUp/Content/ExternalContent/Sounds/Foley/wav/sw_Foley_JumpLand_Tile_03.uexp" 47
"C:/Users/lev/Documents/Unreal Projects/ShootThemUp/Content/ExternalContent/Sounds/Foley/wav/sw_Foley_JumpLand_Tile_03.ubulk" 48
"C:/Users/lev/Documents/Unreal Projects/ShootThemUp/Content/ExternalContent/Sounds/Foley/wav/sw_Foley_Jump_01.uasset" 49
"C:/Users/lev/Documents/Unreal Projects/ShootThemUp/Content/ExternalContent/Sounds/Foley/wav/sw_Foley_Jump_01.uexp" 50
"C:/Users/lev/Documents/Unreal Projects/ShootThemUp/Content/ExternalContent/Sounds/Foley/wav/sw_Foley_Jump_01.ubulk" 51
"C:/Users/lev/Documents/Unreal Projects/ShootThemUp/Content/ExternalContent/Sounds/Foley/wav/sw_Foley_Jump_02.uasset" 52
"C:/Users/lev/Documents/Unreal Projects/ShootThemUp/Content/ExternalContent/Sounds/Foley/wav/sw_Foley_Jump_02.uexp" 53
"C:/Users/lev/Documents/Unreal Projects/ShootThemUp/Content/ExternalContent/Sounds/Foley/wav/sw_Foley_Jump_02.ubulk" 54
"C:/Users/lev/Documents/Unreal Projects/ShootThemUp/Content/ExternalContent/Sounds/Foley/wav/sw_Foley_Jump_03.uasset" 55
"C:/Users/lev/Documents/Unreal Projects/ShootThemUp/Content/ExternalContent/Sounds/Foley/wav/sw_Foley_Jump_03.uexp" 56
"C:/Users/lev/Documents/Unreal Projects/ShootThemUp/Content/ExternalContent/Sounds/Foley/wav/sw_Foley_Jump_03.ubulk" 57
"C:/Users/lev/Documents/Unreal Projects/ShootThemUp/Content/ExternalContent/Sounds/Foley/wav/sw_Foley_Run_01.uasset" 58
"C:/Users/lev/Documents/Unreal Projects/ShootThemUp/Content/ExternalContent/Sounds/Foley/wav/sw_Foley_Run_01.uexp" 59
"C:/Users/lev/Documents/Unreal Projects/ShootThemUp/Content/ExternalContent/Sounds/Foley/wav/sw_Foley_Run_01.ubulk" 60
"C:/Users/lev/Documents/Unreal Projects/ShootThemUp/Content/ExternalContent/Sounds/Foley/wav/sw_Foley_Run_02.uasset" 61
"C:/Users/lev/Documents/Unreal Projects/ShootThemUp/Content/ExternalContent/Sounds/Foley/wav/sw_Foley_Run_02.uexp" 62
"C:/Users/lev/Documents/Unreal Projects/ShootThemUp/Content/ExternalContent/Sounds/Foley/wav/sw_Foley_Run_02.ubulk" 63
"C:/Users/lev/Documents/Unreal Projects/ShootThemUp/Content/ExternalContent/Sounds/Foley/wav/sw_Foley_Run_03.uasset" 64
"C:/Users/lev/Documents/Unreal Projects/ShootThemUp/Content/ExternalContent/Sounds/Foley/wav/sw_Foley_Run_03.uexp" 65
"C:/Users/lev/Documents/Unreal Projects/ShootThemUp/Content/ExternalContent/Sounds/Foley/wav/sw_Foley_Run_03.ubulk" 66
"C:/Users/lev/Documents/Unreal Projects/ShootThemUp/Content/ExternalContent/Sounds/Foley/wav/sw_Foley_Run_04.uasset" 67
"C:/Users/lev/Documents/Unreal Projects/ShootThemUp/Content/ExternalContent/Sounds/Foley/wav/sw_Foley_Run_04.uexp" 68
"C:/Users/lev/Documents/Unreal Projects/ShootThemUp/Content/ExternalContent/Sounds/Foley/wav/sw_Foley_Run_04.ubulk" 69
"C:/Users/lev/Documents/Unreal Projects/ShootThemUp/Content/ExternalContent/Sounds/Foley/wav/sw_Foley_Run_05.uasset" 70
"C:/Users/lev/Documents/Unreal Projects/ShootThemUp/Content/ExternalContent/Sounds/Foley/wav/sw_Foley_Run_05.uexp" 71
"C:/Users/lev/Documents/Unreal Projects/ShootThemUp/Content/ExternalContent/Sounds/Foley/wav/sw_Foley_Run_05.ubulk" 72
"C:/Users/lev/Documents/Unreal Projects/ShootThemUp/Content/ExternalContent/Sounds/Foley/wav/sw_Foley_Run_06.uasset" 73
"C:/Users/lev/Documents/Unreal Projects/ShootThemUp/Content/ExternalContent/Sounds/Foley/wav/sw_Foley_Run_06.uexp" 74
"C:/Users/lev/Documents/Unreal Projects/ShootThemUp/Content/ExternalContent/Sounds/Foley/wav/sw_Foley_Run_06.ubulk" 75
"C:/Users/lev/Documents/Unreal Projects/ShootThemUp/Content/ExternalContent/Sounds/Foley/wav/sw_Foley_Run_07.uasset" 76
"C:/Users/lev/Documents/Unreal Projects/ShootThemUp/Content/ExternalContent/Sounds/Foley/wav/sw_Foley_Run_07.uexp" 77
"C:/Users/lev/Documents/Unreal Projects/ShootThemUp/Content/ExternalContent/Sounds/Foley/wav/sw_Foley_Run_07.ubulk" 78
"C:/Users/lev/Documents/Unreal Projects/ShootThemUp/Content/ExternalContent/Sounds/Foley/wav/sw_Foley_Run_08.uasset" 79
"C:/Users/lev/Documents/Unreal Projects/ShootThemUp/Content/ExternalContent/Sounds/Foley/wav/sw_Foley_Run_08.uexp" 80
"C:/Users/lev/Documents/Unreal Projects/ShootThemUp/Content/ExternalContent/Sounds/Foley/wav/sw_Foley_Run_08.ubulk" 81
"C:/Users/lev/Documents/Unreal Projects/ShootThemUp/Content/ExternalContent/Sounds/Foley/wav/sw_Foley_Run_09.uasset" 82
"C:/Users/lev/Documents/Unreal Projects/ShootThemUp/Content/ExternalContent/Sounds/Foley/wav/sw_Foley_Run_09.uexp" 83
"C:/Users/lev/Documents/Unreal Projects/ShootThemUp/Content/ExternalContent/Sounds/Foley/wav/sw_Foley_Run_09.ubulk" 84
"C:/Users/lev/Documents/Unreal Projects/ShootThemUp/Content/ExternalContent/Sounds/Foley/wav/sw_Foley_Run_10.uasset" 85
"C:/Users/lev/Documents/Unreal Projects/ShootThemUp/Content/ExternalContent/Sounds/Foley/wav/sw_Foley_Run_10.uexp" 86
"C:/Users/lev/Documents/Unreal Projects/ShootThemUp/Content/ExternalContent/Sounds/Foley/wav/sw_Foley_Run_10.ubulk" 87
"C:/Users/lev/Documents/Unreal Projects/ShootThemUp/Content/ExternalContent/Sounds/Footsteps/wav/sw_FS_Tile_01.uasset" 88
"C:/Users/lev/Documents/Unreal Projects/ShootThemUp/Content/ExternalContent/Sounds/Footsteps/wav/sw_FS_Tile_01.uexp" 89
"C:/Users/lev/Documents/Unreal Projects/ShootThemUp/Content/ExternalContent/Sounds/Footsteps/wav/sw_FS_Tile_02.uasset" 90
"C:/Users/lev/Documents/Unreal Projects/ShootThemUp/Content/ExternalContent/Sounds/Footsteps/wav/sw_FS_Tile_02.uexp" 91
"C:/Users/lev/Documents/Unreal Projects/ShootThemUp/Content/ExternalContent/Sounds/Footsteps/wav/sw_FS_Tile_03.uasset" 92
"C:/Users/lev/Documents/Unreal Projects/ShootThemUp/Content/ExternalContent/Sounds/Footsteps/wav/sw_FS_Tile_03.uexp" 93
"C:/Users/lev/Documents/Unreal Projects/ShootThemUp/Content/ExternalContent/Sounds/Footsteps/wav/sw_FS_Tile_04.uasset" 94
"C:/Users/lev/Documents/Unreal Projects/ShootThemUp/Content/ExternalContent/Sounds/Footsteps/wav/sw_FS_Tile_04.uexp" 95
"C:/Users/lev/Documents/Unreal Projects/ShootThemUp/Content/ExternalContent/Sounds/Footsteps/wav/sw_FS_Tile_05.uasset" 96
"C:/Users/lev/Documents/Unreal Projects/ShootThemUp/Content/ExternalContent/Sounds/Footsteps/wav/sw_FS_Tile_05.uexp" 97
"C:/Users/lev/Documents/Unreal Projects/ShootThemUp/Content/ExternalContent/Sounds/Footsteps/wav/sw_FS_Tile_06.uasset" 98
"C:/Users/lev/Documents/Unreal Projects/ShootThemUp/Content/ExternalContent/Sounds/Footsteps/wav/sw_FS_Tile_06.uexp" 99
"C:/Users/lev/Documents/Unreal Projects/ShootThemUp/Content/ExternalContent/Sounds/Footsteps/wav/sw_FS_Tile_07.uasset" 100
"C:/Users/lev/Documents/Unreal Projects/ShootThemUp/Content/ExternalContent/Sounds/Footsteps/wav/sw_FS_Tile_07.uexp" 101
"C:/Users/lev/Documents/Unreal Projects/ShootThemUp/Content/ExternalContent/Sounds/Footsteps/wav/sw_FS_Tile_08.uasset" 102
"C:/Users/lev/Documents/Unreal Projects/ShootThemUp/Content/ExternalContent/Sounds/Footsteps/wav/sw_FS_Tile_08.uexp" 103
"C:/Users/lev/Documents/Unreal Projects/ShootThemUp/Content/ExternalContent/Sounds/Footsteps/wav/sw_FS_Tile_08.ubulk" 104
"C:/Users/lev/Documents/Unreal Projects/ShootThemUp/Content/ExternalContent/Sounds/Footsteps/wav/sw_FS_Tile_09.uasset" 105
"C:/Users/lev/Documents/Unreal Projects/ShootThemUp/Content/ExternalContent/Sounds/Footsteps/wav/sw_FS_Tile_09.uexp" 106
"C:/Users/lev/Documents/Unreal Projects/ShootThemUp/Content/ExternalContent/Sounds/Footsteps/wav/sw_FS_Tile_10.uasset" 107
"C:/Users/lev/Documents/Unreal Projects/ShootThemUp/Content/ExternalContent/Sounds/Footsteps/wav/sw_FS_Tile_10.uexp" 108
"C:/Users/lev/Documents/Unreal Projects/ShootThemUp/Content/ExternalContent/Sounds/Weapons/AssultRifle/wav/sw_Wep_AR_Equip_01.uasset" 109
"C:/Users/lev/Documents/Unreal Projects/ShootThemUp/Content/ExternalContent/Sounds/Weapons/AssultRifle/wav/sw_Wep_AR_Equip_01.uexp" 110
"C:/Users/lev/Documents/Unreal Projects/ShootThemUp/Content/ExternalContent/Sounds/Weapons/AssultRifle/wav/sw_Wep_AR_Equip_01.ubulk" 111
"C:/Users/lev/Documents/Unreal Projects/ShootThemUp/Content/ExternalContent/Sounds/Weapons/AssultRifle/wav/sw_Wep_AR_Equip_02.uasset" 112
"C:/Users/lev/Documents/Unreal Projects/ShootThemUp/Content/ExternalContent/Sounds/Weapons/AssultRifle/wav/sw_Wep_AR_Equip_02.uexp" 113
"C:/Users/lev/Documents/Unreal Projects/ShootThemUp/Content/ExternalContent/Sounds/Weapons/AssultRifle/wav/sw_Wep_AR_Equip_02.ubulk" 114
"C:/Users/lev/Documents/Unreal Projects/ShootThemUp/Content/ExternalContent/Sounds/Weapons/AssultRifle/wav/sw_Wep_AR_Equip_03.uasset" 115
"C:/Users/lev/Documents/Unreal Projects/ShootThemUp/Content/ExternalContent/Sounds/Weapons/AssultRifle/wav/sw_Wep_AR_Equip_03.uexp" 116
"C:/Users/lev/Documents/Unreal Projects/ShootThemUp/Content/ExternalContent/Sounds/Weapons/AssultRifle/wav/sw_Wep_AR_Equip_03.ubulk" 117
"C:/Users/lev/Documents/Unreal Projects/ShootThemUp/Content/ExternalContent/Sounds/Weapons/AssultRifle/wav/sw_Wep_Reload_AR.uasset" 118
"C:/Users/lev/Documents/Unreal Projects/ShootThemUp/Content/ExternalContent/Sounds/Weapons/AssultRifle/wav/sw_Wep_Reload_AR.uexp" 119
"C:/Users/lev/Documents/Unreal Projects/ShootThemUp/Content/ExternalContent/Sounds/Weapons/AssultRifle/wav/sw_Wep_Reload_AR.ubulk" 120
"C:/Users/lev/Documents/Unreal Projects/ShootThemUp/Content/ExternalContent/Sounds/Weapons/GrenadeLauncher/wav/sw_Wep_Reload_Launcher_End.uasset" 121
"C:/Users/lev/Documents/Unreal Projects/ShootThemUp/Content/ExternalContent/Sounds/Weapons/GrenadeLauncher/wav/sw_Wep_Reload_Launcher_End.uexp" 122
"C:/Users/lev/Documents/Unreal Projects/ShootThemUp/Content/ExternalContent/Sounds/Weapons/GrenadeLauncher/wav/sw_Wep_Reload_Launcher_End.ubulk" 123
"C:/Users/lev/Documents/Unreal Projects/ShootThemUp/Content/ExternalContent/Sounds/Weapons/GrenadeLauncher/wav/sw_Wep_Reload_Launcher_Start.uasset" 124
"C:/Users/lev/Documents/Unreal Projects/ShootThemUp/Content/ExternalContent/Sounds/Weapons/GrenadeLauncher/wav/sw_Wep_Reload_Launcher_Start.uexp" 125
"C:/Users/lev/Documents/Unreal Projects/ShootThemUp/Content/ExternalContent/Sounds/Weapons/GrenadeLauncher/wav/sw_Wep_Reload_Launcher_Start.ubulk" 126
"C:/Users/lev/Documents/Unreal Projects/ShootThemUp/Content/ExternalContent/Weapons/MaterialLayers/T_PaintedMetal01_N.uasset" 127
"C:/Users/lev/Documents/Unreal Projects/ShootThemUp/Content/ExternalContent/Weapons/MaterialLayers/T_PaintedMetal01_N.uexp" 128
"C:/Users/lev/Documents/Unreal Projects/ShootThemUp/Content/ExternalContent/Weapons/MaterialLayers/T_PaintedMetal01_N.ubulk" 129
"C:/Users/lev/Documents/Unreal Projects/ShootThemUp/Content/ExternalContent/Weapons/MaterialLayers/T_PaintedMetal02.uasset" 130
"C:/Users/lev/Documents/Unreal Projects/ShootThemUp/Content/ExternalContent/Weapons/MaterialLayers/T_PaintedMetal02.uexp" 131
"C:/Users/lev/Documents/Unreal Projects/ShootThemUp/Content/ExternalContent/Weapons/MaterialLayers/T_PaintedMetal02.ubulk" 132
"../../../Engine/Content/Functions/MaterialLayerFunctions/MatLayerBlend_Standard.uasset" 133
"../../../Engine/Content/Functions/MaterialLayerFunctions/MatLayerBlend_Standard.uexp" 134
"../../../Engine/Content/Functions/Engine_MaterialFunctions02/Utility/BlendAngleCorrectedNormals.uasset" 135
"../../../Engine/Content/Functions/Engine_MaterialFunctions02/Utility/BlendAngleCorrectedNormals.uexp" 136
"../../../Engine/Content/Functions/MaterialLayerFunctions/MatLayerBlend_BakedNormal.uasset" 137
"../../../Engine/Content/Functions/MaterialLayerFunctions/MatLayerBlend_BakedNormal.uexp" 138
"../../../Engine/Content/Functions/MaterialLayerFunctions/MatLayerBlend_TintAllChannels.uasset" 139
"../../../Engine/Content/Functions/MaterialLayerFunctions/MatLayerBlend_TintAllChannels.uexp" 140
"../../../Engine/Content/Functions/MaterialLayerFunctions/MatLayerBlend_Emissive.uasset" 141
"../../../Engine/Content/Functions/MaterialLayerFunctions/MatLayerBlend_Emissive.uexp" 142
"../../../Engine/Content/Functions/MaterialLayerFunctions/MatLayerBlend_RoughnessOverride.uasset" 143
"../../../Engine/Content/Functions/MaterialLayerFunctions/MatLayerBlend_RoughnessOverride.uexp" 144
"C:/Users/lev/Documents/Unreal Projects/ShootThemUp/Content/ExternalContent/Weapons/Textures/Launcher_01_N.uasset" 145
"C:/Users/lev/Documents/Unreal Projects/ShootThemUp/Content/ExternalContent/Weapons/Textures/Launcher_01_N.uexp" 146
"C:/Users/lev/Documents/Unreal Projects/ShootThemUp/Content/ExternalContent/Weapons/Textures/Launcher_01_N.ubulk" 147
"C:/Users/lev/Documents/Unreal Projects/ShootThemUp/Content/ExternalContent/Weapons/Textures/LauncherT1_section.uasset" 148
"C:/Users/lev/Documents/Unreal Projects/ShootThemUp/Content/ExternalContent/Weapons/Textures/LauncherT1_section.uexp" 149
"C:/Users/lev/Documents/Unreal Projects/ShootThemUp/Content/ExternalContent/Weapons/Textures/LauncherT1_section.ubulk" 150
"C:/Users/lev/Documents/Unreal Projects/ShootThemUp/Content/ExternalContent/Weapons/Textures/LauncherT1_shade.uasset" 151
"C:/Users/lev/Documents/Unreal Projects/ShootThemUp/Content/ExternalContent/Weapons/Textures/LauncherT1_shade.uexp" 152
"C:/Users/lev/Documents/Unreal Projects/ShootThemUp/Content/ExternalContent/Weapons/Textures/LauncherT1_shade.ubulk" 153
"C:/Users/lev/Documents/Unreal Projects/ShootThemUp/Content/ExternalContent/Weapons/MaterialLayers/ML_BoltMetal.uasset" 154
"C:/Users/lev/Documents/Unreal Projects/ShootThemUp/Content/ExternalContent/Weapons/MaterialLayers/ML_BoltMetal.uexp" 155
"C:/Users/lev/Documents/Unreal Projects/ShootThemUp/Content/ExternalContent/Weapons/MaterialLayers/T_Metal_Metal02_D.uasset" 156
"C:/Users/lev/Documents/Unreal Projects/ShootThemUp/Content/ExternalContent/Weapons/MaterialLayers/T_Metal_Metal02_D.uexp" 157
"C:/Users/lev/Documents/Unreal Projects/ShootThemUp/Content/ExternalContent/Weapons/MaterialLayers/T_Metal_Metal02_D.ubulk" 158
"C:/Users/lev/Documents/Unreal Projects/ShootThemUp/Content/ExternalContent/Weapons/MaterialLayers/ML_Metal_Gray.uasset" 159
"C:/Users/lev/Documents/Unreal Projects/ShootThemUp/Content/ExternalContent/Weapons/MaterialLayers/ML_Metal_Gray.uexp" 160
"../../../Engine/Content/Functions/Engine_MaterialFunctions01/Texturing/FlattenNormal.uasset" 161
"../../../Engine/Content/Functions/Engine_MaterialFunctions01/Texturing/FlattenNormal.uexp" 162
"C:/Users/lev/Documents/Unreal Projects/ShootThemUp/Content/ExternalContent/Weapons/MaterialLayers/ML_Paint.uasset" 163
"C:/Users/lev/Documents/Unreal Projects/ShootThemUp/Content/ExternalContent/Weapons/MaterialLayers/ML_Paint.uexp" 164
"C:/Users/lev/Documents/Unreal Projects/ShootThemUp/Content/ExternalContent/Weapons/Materials/Launcher_MatA.uasset" 165
"C:/Users/lev/Documents/Unreal Projects/ShootThemUp/Content/ExternalContent/Weapons/Materials/Launcher_MatA.uexp" 166
"C:/Users/lev/Documents/Unreal Projects/ShootThemUp/Content/ExternalContent/Weapons/Materials/Launcher_MatA_Inst.uasset" 167
"C:/Users/lev/Documents/Unreal Projects/ShootThemUp/Content/ExternalContent/Weapons/Materials/Launcher_MatA_Inst.uexp" 168
"C:/Users/lev/Documents/Unreal Projects/ShootThemUp/Content/ExternalContent/Characters/Textures/Chr_FPS_Metal_02.uasset" 169
"C:/Users/lev/Documents/Unreal Projects/ShootThemUp/Content/ExternalContent/Characters/Textures/Chr_FPS_Metal_02.uexp" 170
"C:/Users/lev/Documents/Unreal Projects/ShootThemUp/Content/ExternalContent/Characters/Textures/Chr_FPS_Metal_02.ubulk" 171
"C:/Users/lev/Documents/Unreal Projects/ShootThemUp/Content/ExternalContent/Weapons/MaterialLayers/T_Rubber.uasset" 172
"C:/Users/lev/Documents/Unreal Projects/ShootThemUp/Content/ExternalContent/Weapons/MaterialLayers/T_Rubber.uexp" 173
"C:/Users/lev/Documents/Unreal Projects/ShootThemUp/Content/ExternalContent/Weapons/MaterialLayers/T_Rubber.ubulk" 174
"C:/Users/lev/Documents/Unreal Projects/ShootThemUp/Content/ExternalContent/Weapons/MaterialLayers/ML_Rubber.uasset" 175
"C:/Users/lev/Documents/Unreal Projects/ShootThemUp/Content/ExternalContent/Weapons/MaterialLayers/ML_Rubber.uexp" 176
"../../../Engine/Content/Functions/MaterialLayerFunctions/MatLayerBlend_Decal.uasset" 177
"../../../Engine/Content/Functions/MaterialLayerFunctions/MatLayerBlend_Decal.uexp" 178
"C:/Users/lev/Documents/Unreal Projects/ShootThemUp/Content/ExternalContent/Weapons/Textures/Launcher_02_N.uasset" 179
"C:/Users/lev/Documents/Unreal Projects/ShootThemUp/Content/ExternalContent/Weapons/Textures/Launcher_02_N.uexp" 180
"C:/Users/lev/Documents/Unreal Projects/ShootThemUp/Content/ExternalContent/Weapons/Textures/Launcher_02_N.ubulk" 181
"C:/Users/lev/Documents/Unreal Projects/ShootThemUp/Content/ExternalContent/Weapons/Textures/LauncherT2_section.uasset" 182
"C:/Users/lev/Documents/Unreal Projects/ShootThemUp/Content/ExternalContent/Weapons/Textures/LauncherT2_section.uexp" 183
"C:/Users/lev/Documents/Unreal Projects/ShootThemUp/Content/ExternalContent/Weapons/Textures/LauncherT2_section.ubulk" 184
"C:/Users/lev/Documents/Unreal Projects/ShootThemUp/Content/ExternalContent/Weapons/Textures/LauncherT2_shade.uasset" 185
"C:/Users/lev/Documents/Unreal Projects/ShootThemUp/Content/ExternalContent/Weapons/Textures/LauncherT2_shade.uexp" 186
"C:/Users/lev/Documents/Unreal Projects/ShootThemUp/Content/ExternalContent/Weapons/Textures/LauncherT2_shade.ubulk" 187
"C:/Users/lev/Documents/Unreal Projects/ShootThemUp/Content/ExternalContent/Weapons/Textures/MagGun_Decals.uasset" 188
"C:/Users/lev/Documents/Unreal Projects/ShootThemUp/Content/ExternalContent/Weapons/Textures/MagGun_Decals.uexp" 189
"C:/Users/lev/Documents/Unreal Projects/ShootThemUp/Content/ExternalContent/Weapons/Textures/MagGun_Decals.ubulk" 190
"C:/Users/lev/Documents/Unreal Projects/ShootThemUp/Content/ExternalContent/Weapons/MaterialLayers/T_ExampleLayers_Metal02_N.uasset" 191
"C:/Users/lev/Documents/Unreal Projects/ShootThemUp/Content/ExternalContent/Weapons/MaterialLayers/T_ExampleLayers_Metal02_N.uexp" 192
"C:/Users/lev/Documents/Unreal Projects/ShootThemUp/Content/ExternalContent/Weapons/MaterialLayers/T_ExampleLayers_Metal02_N.ubulk" 193
"C:/Users/lev/Documents/Unreal Projects/ShootThemUp/Content/ExternalContent/Weapons/MaterialLayers/ML_Metal_Copper.uasset" 194
"C:/Users/lev/Documents/Unreal Projects/ShootThemUp/Content/ExternalContent/Weapons/MaterialLayers/ML_Metal_Copper.uexp" 195
"C:/Users/lev/Documents/Unreal Projects/ShootThemUp/Content/ExternalContent/Weapons/Materials/Launcher_MatB.uasset" 196
"C:/Users/lev/Documents/Unreal Projects/ShootThemUp/Content/ExternalContent/Weapons/Materials/Launcher_MatB.uexp" 197
"C:/Users/lev/Documents/Unreal Projects/ShootThemUp/Content/ExternalContent/Weapons/Materials/Launcher_MatB_Inst.uasset" 198
"C:/Users/lev/Documents/Unreal Projects/ShootThemUp/Content/ExternalContent/Weapons/Materials/Launcher_MatB_Inst.uexp" 199
"C:/Users/lev/Documents/Unreal Projects/ShootThemUp/Content/ExternalContent/Weapons/Launcher_Skeleton.uasset" 200
"C:/Users/lev/Documents/Unreal Projects/ShootThemUp/Content/ExternalContent/Weapons/Launcher_Skeleton.uexp" 201
"C:/Users/lev/Documents/Unreal Projects/ShootThemUp/Content/ExternalContent/Weapons/Launcher.uasset" 202
"C:/Users/lev/Documents/Unreal Projects/ShootThemUp/Content/ExternalContent/Weapons/Launcher.uexp" 203
"C:/Users/lev/Documents/Unreal Projects/ShootThemUp/Content/ExternalContent/Weapons/Textures/MagGun_01_N.uasset" 204
"C:/Users/lev/Documents/Unreal Projects/ShootThemUp/Content/ExternalContent/Weapons/Textures/MagGun_01_N.uexp" 205
"C:/Users/lev/Documents/Unreal Projects/ShootThemUp/Content/ExternalContent/Weapons/Textures/MagGun_01_N.ubulk" 206
"C:/Users/lev/Documents/Unreal Projects/ShootThemUp/Content/ExternalContent/Weapons/Textures/MagGunT1_section.uasset" 207
"C:/Users/lev/Documents/Unreal Projects/ShootThemUp/Content/ExternalContent/Weapons/Textures/MagGunT1_section.uexp" 208
"C:/Users/lev/Documents/Unreal Projects/ShootThemUp/Content/ExternalContent/Weapons/Textures/MagGunT1_section.ubulk" 209
"C:/Users/lev/Documents/Unreal Projects/ShootThemUp/Content/ExternalContent/Weapons/Textures/MagGunT1_shade.uasset" 210
"C:/Users/lev/Documents/Unreal Projects/ShootThemUp/Content/ExternalContent/Weapons/Textures/MagGunT1_shade.uexp" 211
"C:/Users/lev/Documents/Unreal Projects/ShootThemUp/Content/ExternalContent/Weapons/Textures/MagGunT1_shade.ubulk" 212
"C:/Users/lev/Documents/Unreal Projects/ShootThemUp/Content/ExternalContent/Weapons/Materials/MagGun_MatA.uasset" 213
"C:/Users/lev/Documents/Unreal Projects/ShootThemUp/Content/ExternalContent/Weapons/Materials/MagGun_MatA.uexp" 214
"C:/Users/lev/Documents/Unreal Projects/ShootThemUp/Content/ExternalContent/Weapons/Materials/MagGun_MatA_Inst3.uasset" 215
"C:/Users/lev/Documents/Unreal Projects/ShootThemUp/Content/ExternalContent/Weapons/Materials/MagGun_MatA_Inst3.uexp" 216
"C:/Users/lev/Documents/Unreal Projects/ShootThemUp/Content/ExternalContent/Weapons/Textures/MagGun_02_N.uasset" 217
"C:/Users/lev/Documents/Unreal Projects/ShootThemUp/Content/ExternalContent/Weapons/Textures/MagGun_02_N.uexp" 218
"C:/Users/lev/Documents/Unreal Projects/ShootThemUp/Content/ExternalContent/Weapons/Textures/MagGun_02_N.ubulk" 219
"C:/Users/lev/Documents/Unreal Projects/ShootThemUp/Content/ExternalContent/Weapons/Textures/MagGun_Display_EM.uasset" 220
"C:/Users/lev/Documents/Unreal Projects/ShootThemUp/Content/ExternalContent/Weapons/Textures/MagGun_Display_EM.uexp" 221
"C:/Users/lev/Documents/Unreal Projects/ShootThemUp/Content/ExternalContent/Weapons/Textures/MagGun_Display_EM.ubulk" 222
"C:/Users/lev/Documents/Unreal Projects/ShootThemUp/Content/ExternalContent/Weapons/Textures/MagGunT2_section.uasset" 223
"C:/Users/lev/Documents/Unreal Projects/ShootThemUp/Content/ExternalContent/Weapons/Textures/MagGunT2_section.uexp" 224
"C:/Users/lev/Documents/Unreal Projects/ShootThemUp/Content/ExternalContent/Weapons/Textures/MagGunT2_section.ubulk" 225
"C:/Users/lev/Documents/Unreal Projects/ShootThemUp/Content/ExternalContent/Weapons/Textures/MagGunT2_shade.uasset" 226
"C:/Users/lev/Documents/Unreal Projects/ShootThemUp/Content/ExternalContent/Weapons/Textures/MagGunT2_shade.uexp" 227
"C:/Users/lev/Documents/Unreal Projects/ShootThemUp/Content/ExternalContent/Weapons/Textures/MagGunT2_shade.ubulk" 228
"C:/Users/lev/Documents/Unreal Projects/ShootThemUp/Content/ExternalContent/Weapons/Materials/MagGun_MatB.uasset" 229
"C:/Users/lev/Documents/Unreal Projects/ShootThemUp/Content/ExternalContent/Weapons/Materials/MagGun_MatB.uexp" 230
"C:/Users/lev/Documents/Unreal Projects/ShootThemUp/Content/ExternalContent/Weapons/Materials/MagGun_MatB_Inst2.uasset" 231
"C:/Users/lev/Documents/Unreal Projects/ShootThemUp/Content/ExternalContent/Weapons/Materials/MagGun_MatB_Inst2.uexp" 232
"C:/Users/lev/Documents/Unreal Projects/ShootThemUp/Content/ExternalContent/Environment/Textures/holo_layer_1_5.uasset" 233
"C:/Users/lev/Documents/Unreal Projects/ShootThemUp/Content/ExternalContent/Environment/Textures/holo_layer_1_5.uexp" 234
"C:/Users/lev/Documents/Unreal Projects/ShootThemUp/Content/ExternalContent/Environment/Textures/holo_layer_1_5.ubulk" 235
"C:/Users/lev/Documents/Unreal Projects/ShootThemUp/Content/ExternalContent/Weapons/Textures/SightLens_maskA.uasset" 236
"C:/Users/lev/Documents/Unreal Projects/ShootThemUp/Content/ExternalContent/Weapons/Textures/SightLens_maskA.uexp" 237
"C:/Users/lev/Documents/Unreal Projects/ShootThemUp/Content/ExternalContent/Weapons/Textures/SightLens_maskA.ubulk" 238
"C:/Users/lev/Documents/Unreal Projects/ShootThemUp/Content/ExternalContent/Weapons/Textures/SightLens_maskB.uasset" 239
"C:/Users/lev/Documents/Unreal Projects/ShootThemUp/Content/ExternalContent/Weapons/Textures/SightLens_maskB.uexp" 240
"C:/Users/lev/Documents/Unreal Projects/ShootThemUp/Content/ExternalContent/Weapons/Textures/SightLens_maskB.ubulk" 241
"C:/Users/lev/Documents/Unreal Projects/ShootThemUp/Content/ExternalContent/Weapons/Materials/MagGun_SightLens_Mat.uasset" 242
"C:/Users/lev/Documents/Unreal Projects/ShootThemUp/Content/ExternalContent/Weapons/Materials/MagGun_SightLens_Mat.uexp" 243
"C:/Users/lev/Documents/Unreal Projects/ShootThemUp/Content/ExternalContent/Weapons/Materials/MagGun_SightLens_Mat_Inst.uasset" 244
"C:/Users/lev/Documents/Unreal Projects/ShootThemUp/Content/ExternalContent/Weapons/Materials/MagGun_SightLens_Mat_Inst.uexp" 245
"C:/Users/lev/Documents/Unreal Projects/ShootThemUp/Content/ExternalContent/Weapons/Rifle_Skeleton.uasset" 246
"C:/Users/lev/Documents/Unreal Projects/ShootThemUp/Content/ExternalContent/Weapons/Rifle_Skeleton.uexp" 247
"C:/Users/lev/Documents/Unreal Projects/ShootThemUp/Content/ExternalContent/Weapons/Rifle.uasset" 248
"C:/Users/lev/Documents/Unreal Projects/ShootThemUp/Content/ExternalContent/Weapons/Rifle.uexp" 249
"../../../Engine/Plugins/Bridge/Content/MSPresets/MSTextures/Placeholder_Normal.uasset" 250
"../../../Engine/Plugins/Bridge/Content/MSPresets/MSTextures/Placeholder_Normal.uexp" 251
"../../../Engine/Plugins/Bridge/Content/MSPresets/MSTextures/WhitePlaceholder.uasset" 252
"../../../Engine/Plugins/Bridge/Content/MSPresets/MSTextures/WhitePlaceholder.uexp" 253
"../../../Engine/Content/EngineMaterials/DefaultDiffuse.uasset" 254
"../../../Engine/Content/EngineMaterials/DefaultDiffuse.uexp" 255
"../../../Engine/Content/EngineMaterials/DefaultDiffuse.ubulk" 256
"../../../Engine/Plugins/Bridge/Content/MSPresets/MSTextures/BlackPlaceholder.uasset" 257
"../../../Engine/Plugins/Bridge/Content/MSPresets/MSTextures/BlackPlaceholder.uexp" 258
"../../../Engine/Plugins/Bridge/Content/MSPresets/M_MS_Default_Fuzz_Material/Functions/MF_Fuzz.uasset" 259
"../../../Engine/Plugins/Bridge/Content/MSPresets/M_MS_Default_Fuzz_Material/Functions/MF_Fuzz.uexp" 260
"../../../Engine/Content/Functions/Engine_MaterialFunctions02/Texturing/CustomRotator.uasset" 261
"../../../Engine/Content/Functions/Engine_MaterialFunctions02/Texturing/CustomRotator.uexp" 262
"../../../Engine/Plugins/Bridge/Content/MSPresets/M_MS_Default_Fuzz_Material/Functions/MF_Tiling.uasset" 263
"../../../Engine/Plugins/Bridge/Content/MSPresets/M_MS_Default_Fuzz_Material/Functions/MF_Tiling.uexp" 264
"../../../Engine/Content/EngineResources/Black.uasset" 265
"../../../Engine/Content/EngineResources/Black.uexp" 266
"../../../Engine/Plugins/Bridge/Content/MSPresets/M_MS_Default_Material/Functions/MF_Transmission.uasset" 267
"../../../Engine/Plugins/Bridge/Content/MSPresets/M_MS_Default_Material/Functions/MF_Transmission.uexp" 268
"../../../Engine/Plugins/Bridge/Content/MSPresets/M_MS_Default_Material/Functions/MF_MapAdjustments.uasset" 269
"../../../Engine/Plugins/Bridge/Content/MSPresets/M_MS_Default_Material/Functions/MF_MapAdjustments.uexp" 270
"C:/Users/lev/Documents/Unreal Projects/ShootThemUp/Content/MSPresets/M_MS_Default_Fuzz_Material/M_MS_Default_Fuzz_Material.uasset" 271
"C:/Users/lev/Documents/Unreal Projects/ShootThemUp/Content/MSPresets/M_MS_Default_Fuzz_Material/M_MS_Default_Fuzz_Material.uexp" 272
"C:/Users/lev/Documents/Unreal Projects/ShootThemUp/Content/Megascans/3D_Assets/Japanese_Stone_Wall_ud0sdajfa/T_Japanese_Stone_Wall_ud0sdajfa_2K_D.uasset" 273
"C:/Users/lev/Documents/Unreal Projects/ShootThemUp/Content/Megascans/3D_Assets/Japanese_Stone_Wall_ud0sdajfa/T_Japanese_Stone_Wall_ud0sdajfa_2K_D.uexp" 274
"C:/Users/lev/Documents/Unreal Projects/ShootThemUp/Content/Megascans/3D_Assets/Japanese_Stone_Wall_ud0sdajfa/T_Japanese_Stone_Wall_ud0sdajfa_2K_D.ubulk" 275
"C:/Users/lev/Documents/Unreal Projects/ShootThemUp/Content/Megascans/3D_Assets/Japanese_Stone_Wall_ud0sdajfa/T_Japanese_Stone_Wall_ud0sdajfa_2K_N.uasset" 276
"C:/Users/lev/Documents/Unreal Projects/ShootThemUp/Content/Megascans/3D_Assets/Japanese_Stone_Wall_ud0sdajfa/T_Japanese_Stone_Wall_ud0sdajfa_2K_N.uexp" 277
"C:/Users/lev/Documents/Unreal Projects/ShootThemUp/Content/Megascans/3D_Assets/Japanese_Stone_Wall_ud0sdajfa/T_Japanese_Stone_Wall_ud0sdajfa_2K_N.ubulk" 278
"C:/Users/lev/Documents/Unreal Projects/ShootThemUp/Content/Megascans/3D_Assets/Japanese_Stone_Wall_ud0sdajfa/T_JapaneseStoneWall_ud0sdajfa_2K_DpRF.uasset" 279
"C:/Users/lev/Documents/Unreal Projects/ShootThemUp/Content/Megascans/3D_Assets/Japanese_Stone_Wall_ud0sdajfa/T_JapaneseStoneWall_ud0sdajfa_2K_DpRF.uexp" 280
"C:/Users/lev/Documents/Unreal Projects/ShootThemUp/Content/Megascans/3D_Assets/Japanese_Stone_Wall_ud0sdajfa/T_JapaneseStoneWall_ud0sdajfa_2K_DpRF.ubulk" 281
"C:/Users/lev/Documents/Unreal Projects/ShootThemUp/Content/Megascans/3D_Assets/Japanese_Stone_Wall_ud0sdajfa/MI_Japanese_Stone_Wall_ud0sdajfa_2K.uasset" 282
"C:/Users/lev/Documents/Unreal Projects/ShootThemUp/Content/Megascans/3D_Assets/Japanese_Stone_Wall_ud0sdajfa/MI_Japanese_Stone_Wall_ud0sdajfa_2K.uexp" 283
"C:/Users/lev/Documents/Unreal Projects/ShootThemUp/Content/Megascans/3D_Assets/Japanese_Stone_Wall_ud0sdajfa/S_Japanese_Stone_Wall_ud0sdajfa_lod3_Var1.uasset" 284
"C:/Users/lev/Documents/Unreal Projects/ShootThemUp/Content/Megascans/3D_Assets/Japanese_Stone_Wall_ud0sdajfa/S_Japanese_Stone_Wall_ud0sdajfa_lod3_Var1.uexp" 285
"C:/Users/lev/Documents/Unreal Projects/ShootThemUp/Content/Megascans/3D_Assets/Japanese_Stone_Wall_ud0sdajfa/S_Japanese_Stone_Wall_ud0sdajfa_lod3_Var1.ubulk" 286
"C:/Users/lev/Documents/Unreal Projects/ShootThemUp/Content/MSPresets/MSTextures/BlackPlaceholder.uasset" 287
"C:/Users/lev/Documents/Unreal Projects/ShootThemUp/Content/MSPresets/MSTextures/BlackPlaceholder.uexp" 288
"C:/Users/lev/Documents/Unreal Projects/ShootThemUp/Content/MSPresets/MSTextures/Placeholder.uasset" 289
"C:/Users/lev/Documents/Unreal Projects/ShootThemUp/Content/MSPresets/MSTextures/Placeholder.uexp" 290
"C:/Users/lev/Documents/Unreal Projects/ShootThemUp/Content/MSPresets/MSTextures/Placeholder_Normal.uasset" 291
"C:/Users/lev/Documents/Unreal Projects/ShootThemUp/Content/MSPresets/MSTextures/Placeholder_Normal.uexp" 292
"C:/Users/lev/Documents/Unreal Projects/ShootThemUp/Content/MSPresets/MSTextures/WhitePlaceholder.uasset" 293
"C:/Users/lev/Documents/Unreal Projects/ShootThemUp/Content/MSPresets/MSTextures/WhitePlaceholder.uexp" 294
"../../../Engine/Content/EngineMaterials/BlendFunc_DefBase.uasset" 295
"../../../Engine/Content/EngineMaterials/BlendFunc_DefBase.uexp" 296
"../../../Engine/Content/EngineMaterials/BlendFunc_DefBlend.uasset" 297
"../../../Engine/Content/EngineMaterials/BlendFunc_DefBlend.uexp" 298
"../../../Engine/Content/Functions/Engine_MaterialFunctions03/Blends/Blend_Overlay.uasset" 299
"../../../Engine/Content/Functions/Engine_MaterialFunctions03/Blends/Blend_Overlay.uexp" 300
"../../../Engine/Plugins/Bridge/Content/MSPresets/M_MS_Foliage_Material/Functions/MF_Translucency.uasset" 301
"../../../Engine/Plugins/Bridge/Content/MSPresets/M_MS_Foliage_Material/Functions/MF_Translucency.uexp" 302
"../../../Engine/Content/Functions/Engine_MaterialFunctions02/Utility/VectorToRadialValue.uasset" 303
"../../../Engine/Content/Functions/Engine_MaterialFunctions02/Utility/VectorToRadialValue.uexp" 304
"../../../Engine/Content/ArtTools/RenderToTexture/MaterialFunctions/FoliageZRotation.uasset" 305
"../../../Engine/Content/ArtTools/RenderToTexture/MaterialFunctions/FoliageZRotation.uexp" 306
"../../../Engine/Content/Functions/Engine_MaterialFunctions01/SpeedTree/SpeedTreeColorVariation.uasset" 307
"../../../Engine/Content/Functions/Engine_MaterialFunctions01/SpeedTree/SpeedTreeColorVariation.uexp" 308
"../../../Engine/Content/Functions/Engine_MaterialFunctions01/WorldPositionOffset/SimpleGrassWind.uasset" 309
"../../../Engine/Content/Functions/Engine_MaterialFunctions01/WorldPositionOffset/SimpleGrassWind.uexp" 310
"../../../Engine/Content/Functions/Engine_MaterialFunctions02/Utility/BreakOutFloat3Components.uasset" 311
"../../../Engine/Content/Functions/Engine_MaterialFunctions02/Utility/BreakOutFloat3Components.uexp" 312
"../../../Engine/Content/Functions/Engine_MaterialFunctions02/Math/Transform3x3Matrix.uasset" 313
"../../../Engine/Content/Functions/Engine_MaterialFunctions02/Math/Transform3x3Matrix.uexp" 314
"../../../Engine/Content/Functions/Engine_MaterialFunctions02/WorldPositionOffset/ObjectPivotPoint.uasset" 315
"../../../Engine/Content/Functions/Engine_MaterialFunctions02/WorldPositionOffset/ObjectPivotPoint.uexp" 316
"C:/Users/lev/Documents/Unreal Projects/ShootThemUp/Content/MSPresets/M_MS_Billboard_Material/M_MS_Billboard_Material.uasset" 317
"C:/Users/lev/Documents/Unreal Projects/ShootThemUp/Content/MSPresets/M_MS_Billboard_Material/M_MS_Billboard_Material.uexp" 318
"../../../Engine/Content/Functions/Engine_MaterialFunctions02/SafeNormalize.uasset" 319
"../../../Engine/Content/Functions/Engine_MaterialFunctions02/SafeNormalize.uexp" 320
"../../../Engine/Content/Functions/Engine_MaterialFunctions02/Math/CreateThirdOrthogonalVector.uasset" 321
"../../../Engine/Content/Functions/Engine_MaterialFunctions02/Math/CreateThirdOrthogonalVector.uexp" 322
"../../../Engine/Content/Functions/Engine_MaterialFunctions02/Math/InverseTransformMatrix.uasset" 323
"../../../Engine/Content/Functions/Engine_MaterialFunctions02/Math/InverseTransformMatrix.uexp" 324
"../../../Engine/Content/Functions/Engine_MaterialFunctions02/Math/TransformToZVector.uasset" 325
"../../../Engine/Content/Functions/Engine_MaterialFunctions02/Math/TransformToZVector.uexp" 326
"../../../Engine/Content/Functions/Engine_MaterialFunctions02/Utility/CameraDirectionVector.uasset" 327
"../../../Engine/Content/Functions/Engine_MaterialFunctions02/Utility/CameraDirectionVector.uexp" 328
"../../../Engine/Content/Functions/Engine_MaterialFunctions02/Utility/VectorLength.uasset" 329
"../../../Engine/Content/Functions/Engine_MaterialFunctions02/Utility/VectorLength.uexp" 330
"../../../Engine/Content/EngineVolumetrics/Fogsheet/Materials/T_EV_BlankWhite_01.uasset" 331
"../../../Engine/Content/EngineVolumetrics/Fogsheet/Materials/T_EV_BlankWhite_01.uexp" 332
"C:/Users/lev/Documents/Unreal Projects/ShootThemUp/Content/MSPresets/M_MS_Decal_Material/MF_QuixelDecalPOM.uasset" 333
"C:/Users/lev/Documents/Unreal Projects/ShootThemUp/Content/MSPresets/M_MS_Decal_Material/MF_QuixelDecalPOM.uexp" 334
"../../../Engine/Plugins/Bridge/Content/MSPresets/M_MS_Decal_Material/MF_QuixelDecalPOM.uasset" 335
"../../../Engine/Plugins/Bridge/Content/MSPresets/M_MS_Decal_Material/MF_QuixelDecalPOM.uexp" 336
"../../../Engine/Content/Functions/Engine_MaterialFunctions02/Utility/MakeFloat2.uasset" 337
"../../../Engine/Content/Functions/Engine_MaterialFunctions02/Utility/MakeFloat2.uexp" 338
"../../../Engine/Content/EngineMaterials/DefaultNormal.uasset" 339
"../../../Engine/Content/EngineMaterials/DefaultNormal.uexp" 340
"../../../Engine/Content/EngineMaterials/DefaultNormal.ubulk" 341
"C:/Users/lev/Documents/Unreal Projects/ShootThemUp/Content/MSPresets/M_MS_Decal_Material/M_MS_Decal_Material.uasset" 342
"C:/Users/lev/Documents/Unreal Projects/ShootThemUp/Content/MSPresets/M_MS_Decal_Material/M_MS_Decal_Material.uexp" 343
"C:/Users/lev/Documents/Unreal Projects/ShootThemUp/Content/MSPresets/M_MS_Default_Fuzz_Material/Functions/MF_Fuzz.uasset" 344
"C:/Users/lev/Documents/Unreal Projects/ShootThemUp/Content/MSPresets/M_MS_Default_Fuzz_Material/Functions/MF_Fuzz.uexp" 345
"C:/Users/lev/Documents/Unreal Projects/ShootThemUp/Content/MSPresets/M_MS_Default_Fuzz_Material/Functions/MF_Tiling.uasset" 346
"C:/Users/lev/Documents/Unreal Projects/ShootThemUp/Content/MSPresets/M_MS_Default_Fuzz_Material/Functions/MF_Tiling.uexp" 347
"../../../Engine/Plugins/Bridge/Content/MSPresets/M_MS_Default_Material/Functions/MF_ObjAdjustments.uasset" 348
"../../../Engine/Plugins/Bridge/Content/MSPresets/M_MS_Default_Material/Functions/MF_ObjAdjustments.uexp" 349
"C:/Users/lev/Documents/Unreal Projects/ShootThemUp/Content/MSPresets/M_MS_Default_Material/M_MS_Default_Material.uasset" 350
"C:/Users/lev/Documents/Unreal Projects/ShootThemUp/Content/MSPresets/M_MS_Default_Material/M_MS_Default_Material.uexp" 351
"C:/Users/lev/Documents/Unreal Projects/ShootThemUp/Content/MSPresets/M_MS_Default_Material/Functions/MF_DetailNormalTiling.uasset" 352
"C:/Users/lev/Documents/Unreal Projects/ShootThemUp/Content/MSPresets/M_MS_Default_Material/Functions/MF_DetailNormalTiling.uexp" 353
"C:/Users/lev/Documents/Unreal Projects/ShootThemUp/Content/MSPresets/M_MS_Default_Material/Functions/MF_Displacement.uasset" 354
"C:/Users/lev/Documents/Unreal Projects/ShootThemUp/Content/MSPresets/M_MS_Default_Material/Functions/MF_Displacement.uexp" 355
"C:/Users/lev/Documents/Unreal Projects/ShootThemUp/Content/MSPresets/M_MS_Default_Material/Functions/MF_Fuzz.uasset" 356
"C:/Users/lev/Documents/Unreal Projects/ShootThemUp/Content/MSPresets/M_MS_Default_Material/Functions/MF_Fuzz.uexp" 357
"C:/Users/lev/Documents/Unreal Projects/ShootThemUp/Content/MSPresets/M_MS_Default_Material/Functions/MF_MapAdjustments.uasset" 358
"C:/Users/lev/Documents/Unreal Projects/ShootThemUp/Content/MSPresets/M_MS_Default_Material/Functions/MF_MapAdjustments.uexp" 359
"C:/Users/lev/Documents/Unreal Projects/ShootThemUp/Content/MSPresets/M_MS_Default_Material/Functions/MF_ObjAdjustments.uasset" 360
"C:/Users/lev/Documents/Unreal Projects/ShootThemUp/Content/MSPresets/M_MS_Default_Material/Functions/MF_ObjAdjustments.uexp" 361
"C:/Users/lev/Documents/Unreal Projects/ShootThemUp/Content/MSPresets/M_MS_Default_Material/Functions/MF_Tiling.uasset" 362
"C:/Users/lev/Documents/Unreal Projects/ShootThemUp/Content/MSPresets/M_MS_Default_Material/Functions/MF_Tiling.uexp" 363
"C:/Users/lev/Documents/Unreal Projects/ShootThemUp/Content/MSPresets/M_MS_Default_Material/Functions/MF_Transmission.uasset" 364
"C:/Users/lev/Documents/Unreal Projects/ShootThemUp/Content/MSPresets/M_MS_Default_Material/Functions/MF_Transmission.uexp" 365
"../../../Engine/Plugins/Bridge/Content/MSPresets/M_MS_Default_Transmission_Material/Functions/MF_SSSObjAdjustments.uasset" 366
"../../../Engine/Plugins/Bridge/Content/MSPresets/M_MS_Default_Transmission_Material/Functions/MF_SSSObjAdjustments.uexp" 367
"C:/Users/lev/Documents/Unreal Projects/ShootThemUp/Content/MSPresets/M_MS_Default_Transmission_Material/M_MS_Default_Transmission_Material.uasset" 368
"C:/Users/lev/Documents/Unreal Projects/ShootThemUp/Content/MSPresets/M_MS_Default_Transmission_Material/M_MS_Default_Transmission_Material.uexp" 369
"C:/Users/lev/Documents/Unreal Projects/ShootThemUp/Content/MSPresets/M_MS_Default_Transmission_Material/Functions/MF_SSSObjAdjustments.uasset" 370
"C:/Users/lev/Documents/Unreal Projects/ShootThemUp/Content/MSPresets/M_MS_Default_Transmission_Material/Functions/MF_SSSObjAdjustments.uexp" 371
"C:/Users/lev/Documents/Unreal Projects/ShootThemUp/Content/MSPresets/M_MS_Foliage_Material/MF_Translucency.uasset" 372
"C:/Users/lev/Documents/Unreal Projects/ShootThemUp/Content/MSPresets/M_MS_Foliage_Material/MF_Translucency.uexp" 373
"C:/Users/lev/Documents/Unreal Projects/ShootThemUp/Content/MSPresets/M_MS_Foliage_Material/M_MS_Foliage_Material.uasset" 374
"C:/Users/lev/Documents/Unreal Projects/ShootThemUp/Content/MSPresets/M_MS_Foliage_Material/M_MS_Foliage_Material.uexp" 375
"C:/Users/lev/Documents/Unreal Projects/ShootThemUp/Content/MSPresets/M_MS_Foliage_Material/Functions/MF_Translucency.uasset" 376
"C:/Users/lev/Documents/Unreal Projects/ShootThemUp/Content/MSPresets/M_MS_Foliage_Material/Functions/MF_Translucency.uexp" 377
"../../../Engine/Content/Functions/Engine_MaterialFunctions01/Texturing/ParallaxOcclusionMapping.uasset" 378
"../../../Engine/Content/Functions/Engine_MaterialFunctions01/Texturing/ParallaxOcclusionMapping.uexp" 379
"../../../Engine/Content/EngineMaterials/DefaultWhiteGrid.uasset" 380
"../../../Engine/Content/EngineMaterials/DefaultWhiteGrid.uexp" 381
"../../../Engine/Content/EngineMaterials/DefaultWhiteGrid.ubulk" 382
"C:/Users/lev/Documents/Unreal Projects/ShootThemUp/Content/MSPresets/M_MS_ImperfectionDecal_Material/M_MS_ImperfectionDecal_Material.uasset" 383
"C:/Users/lev/Documents/Unreal Projects/ShootThemUp/Content/MSPresets/M_MS_ImperfectionDecal_Material/M_MS_ImperfectionDecal_Material.uexp" 384
"../../../Engine/Plugins/Bridge/Content/MSPresets/M_MS_Default_Material/Functions/MF_Tiling.uasset" 385
"../../../Engine/Plugins/Bridge/Content/MSPresets/M_MS_Default_Material/Functions/MF_Tiling.uexp" 386
"C:/Users/lev/Documents/Unreal Projects/ShootThemUp/Content/MSPresets/M_MS_Imperfection_Material/M_MS_Imperfection_Material.uasset" 387
"C:/Users/lev/Documents/Unreal Projects/ShootThemUp/Content/MSPresets/M_MS_Imperfection_Material/M_MS_Imperfection_Material.uexp" 388
"C:/Users/lev/Documents/Unreal Projects/ShootThemUp/Content/MSPresets/M_MS_Imperfection_Material/M_MS_Imperfection_Material_Var.uasset" 389
"C:/Users/lev/Documents/Unreal Projects/ShootThemUp/Content/MSPresets/M_MS_Imperfection_Material/M_MS_Imperfection_Material_Var.uexp" 390
"C:/Users/lev/Documents/Unreal Projects/ShootThemUp/Content/MSPresets/M_MS_Imperfection_Material_Var/M_MS_Imperfection_Material_Var.uasset" 391
"C:/Users/lev/Documents/Unreal Projects/ShootThemUp/Content/MSPresets/M_MS_Imperfection_Material_Var/M_MS_Imperfection_Material_Var.uexp" 392
"../../../Engine/Plugins/Bridge/Content/MSPresets/M_MS_SurfaceBlend_Material/LayerFunctions/Top/MF_TopLayerAdjustments.uasset" 393
"../../../Engine/Plugins/Bridge/Content/MSPresets/M_MS_SurfaceBlend_Material/LayerFunctions/Top/MF_TopLayerAdjustments.uexp" 394
"../../../Engine/Plugins/Bridge/Content/MSPresets/M_MS_SurfaceBlend_Material/LayerFunctions/Base/MF_BaseLayerAdjustments.uasset" 395
"../../../Engine/Plugins/Bridge/Content/MSPresets/M_MS_SurfaceBlend_Material/LayerFunctions/Base/MF_BaseLayerAdjustments.uexp" 396
"../../../Engine/Plugins/Bridge/Content/MSPresets/M_MS_SurfaceBlend_Material/LayerFunctions/MF_NormalCorrection.uasset" 397
"../../../Engine/Plugins/Bridge/Content/MSPresets/M_MS_SurfaceBlend_Material/LayerFunctions/MF_NormalCorrection.uexp" 398
"../../../Engine/Plugins/Bridge/Content/MSPresets/M_MS_SurfaceBlend_Material/LayerFunctions/Base/MF_BaseLayerTextures.uasset" 399
"../../../Engine/Plugins/Bridge/Content/MSPresets/M_MS_SurfaceBlend_Material/LayerFunctions/Base/MF_BaseLayerTextures.uexp" 400
"../../../Engine/Content/Engine_MI_Shaders/T_Base_Tile_Normal.uasset" 401
"../../../Engine/Content/Engine_MI_Shaders/T_Base_Tile_Normal.uexp" 402
"../../../Engine/Content/Engine_MI_Shaders/T_Base_Tile_Normal.ubulk" 403
"../../../Engine/Content/Functions/Engine_MaterialFunctions03/ComplexMotion/Motion_4WayChaos_Normal.uasset" 404
"../../../Engine/Content/Functions/Engine_MaterialFunctions03/ComplexMotion/Motion_4WayChaos_Normal.uexp" 405
"../../../Engine/Plugins/Bridge/Content/MSPresets/M_MS_SurfaceBlend_Material/LayerFunctions/Puddle/MF_PuddleLayer.uasset" 406
"../../../Engine/Plugins/Bridge/Content/MSPresets/M_MS_SurfaceBlend_Material/LayerFunctions/Puddle/MF_PuddleLayer.uexp" 407
"../../../Engine/Content/Functions/Engine_MaterialFunctions01/Gradient/LinearGradient.uasset" 408
"../../../Engine/Content/Functions/Engine_MaterialFunctions01/Gradient/LinearGradient.uexp" 409
"../../../Engine/Content/Functions/Engine_MaterialFunctions01/ImageAdjustment/CheapContrast.uasset" 410
"../../../Engine/Content/Functions/Engine_MaterialFunctions01/ImageAdjustment/CheapContrast.uexp" 411
"../../../Engine/Plugins/Bridge/Content/MSPresets/M_MS_SurfaceBlend_Material/LayerFunctions/MF_BlendScatter.uasset" 412
"../../../Engine/Plugins/Bridge/Content/MSPresets/M_MS_SurfaceBlend_Material/LayerFunctions/MF_BlendScatter.uexp" 413
"../../../Engine/Plugins/Bridge/Content/MSPresets/M_MS_SurfaceBlend_Material/LayerFunctions/MF_MaterialBlend.uasset" 414
"../../../Engine/Plugins/Bridge/Content/MSPresets/M_MS_SurfaceBlend_Material/LayerFunctions/MF_MaterialBlend.uexp" 415
"../../../Engine/Plugins/Bridge/Content/MSPresets/M_MS_SurfaceBlend_Material/LayerFunctions/MF_ScatterLayer.uasset" 416
"../../../Engine/Plugins/Bridge/Content/MSPresets/M_MS_SurfaceBlend_Material/LayerFunctions/MF_ScatterLayer.uexp" 417
"../../../Engine/Plugins/Bridge/Content/MSPresets/M_MS_SurfaceBlend_Material/LayerFunctions/Middle/MF_MiddleLayerAdjustments.uasset" 418
"../../../Engine/Plugins/Bridge/Content/MSPresets/M_MS_SurfaceBlend_Material/LayerFunctions/Middle/MF_MiddleLayerAdjustments.uexp" 419
"../../../Engine/Plugins/Bridge/Content/MSPresets/M_MS_SurfaceBlend_Material/LayerFunctions/Top/MF_TopLayerTextures.uasset" 420
"../../../Engine/Plugins/Bridge/Content/MSPresets/M_MS_SurfaceBlend_Material/LayerFunctions/Top/MF_TopLayerTextures.uexp" 421
"../../../Engine/Plugins/Bridge/Content/MSPresets/M_MS_SurfaceBlend_Material/LayerFunctions/Middle/MF_MiddleLayerTextures.uasset" 422
"../../../Engine/Plugins/Bridge/Content/MSPresets/M_MS_SurfaceBlend_Material/LayerFunctions/Middle/MF_MiddleLayerTextures.uexp" 423
"C:/Users/lev/Documents/Unreal Projects/ShootThemUp/Content/MSPresets/M_MS_SurfaceBlend_Material/M_MS_SurfaceBlend_Material.uasset" 424
"C:/Users/lev/Documents/Unreal Projects/ShootThemUp/Content/MSPresets/M_MS_SurfaceBlend_Material/M_MS_SurfaceBlend_Material.uexp" 425
"C:/Users/lev/Documents/Unreal Projects/ShootThemUp/Content/MSPresets/M_MS_SurfaceBlend_Material/LayerFunctions/MF_BlendScatter.uasset" 426
"C:/Users/lev/Documents/Unreal Projects/ShootThemUp/Content/MSPresets/M_MS_SurfaceBlend_Material/LayerFunctions/MF_BlendScatter.uexp" 427
"C:/Users/lev/Documents/Unreal Projects/ShootThemUp/Content/MSPresets/M_MS_SurfaceBlend_Material/LayerFunctions/MF_Displacement.uasset" 428
"C:/Users/lev/Documents/Unreal Projects/ShootThemUp/Content/MSPresets/M_MS_SurfaceBlend_Material/LayerFunctions/MF_Displacement.uexp" 429
"../../../Engine/Plugins/Bridge/Content/MSPresets/M_MS_SurfaceBlend_Material/LayerFunctions/MF_Displacement.uasset" 430
"../../../Engine/Plugins/Bridge/Content/MSPresets/M_MS_SurfaceBlend_Material/LayerFunctions/MF_Displacement.uexp" 431
"C:/Users/lev/Documents/Unreal Projects/ShootThemUp/Content/MSPresets/M_MS_SurfaceBlend_Material/LayerFunctions/MF_DisplacementBlend.uasset" 432
"C:/Users/lev/Documents/Unreal Projects/ShootThemUp/Content/MSPresets/M_MS_SurfaceBlend_Material/LayerFunctions/MF_DisplacementBlend.uexp" 433
"C:/Users/lev/Documents/Unreal Projects/ShootThemUp/Content/MSPresets/M_MS_SurfaceBlend_Material/LayerFunctions/MF_MaterialBlend.uasset" 434
"C:/Users/lev/Documents/Unreal Projects/ShootThemUp/Content/MSPresets/M_MS_SurfaceBlend_Material/LayerFunctions/MF_MaterialBlend.uexp" 435
"C:/Users/lev/Documents/Unreal Projects/ShootThemUp/Content/MSPresets/M_MS_SurfaceBlend_Material/LayerFunctions/MF_NormalCorrection.uasset" 436
"C:/Users/lev/Documents/Unreal Projects/ShootThemUp/Content/MSPresets/M_MS_SurfaceBlend_Material/LayerFunctions/MF_NormalCorrection.uexp" 437
"C:/Users/lev/Documents/Unreal Projects/ShootThemUp/Content/MSPresets/M_MS_SurfaceBlend_Material/LayerFunctions/MF_ScatterLayer.uasset" 438
"C:/Users/lev/Documents/Unreal Projects/ShootThemUp/Content/MSPresets/M_MS_SurfaceBlend_Material/LayerFunctions/MF_ScatterLayer.uexp" 439
"C:/Users/lev/Documents/Unreal Projects/ShootThemUp/Content/MSPresets/M_MS_SurfaceBlend_Material/LayerFunctions/Base/MF_BaseLayerAdjustments.uasset" 440
"C:/Users/lev/Documents/Unreal Projects/ShootThemUp/Content/MSPresets/M_MS_SurfaceBlend_Material/LayerFunctions/Base/MF_BaseLayerAdjustments.uexp" 441
"C:/Users/lev/Documents/Unreal Projects/ShootThemUp/Content/MSPresets/M_MS_SurfaceBlend_Material/LayerFunctions/Base/MF_BaseLayerTessellation.uasset" 442
"C:/Users/lev/Documents/Unreal Projects/ShootThemUp/Content/MSPresets/M_MS_SurfaceBlend_Material/LayerFunctions/Base/MF_BaseLayerTessellation.uexp" 443
"C:/Users/lev/Documents/Unreal Projects/ShootThemUp/Content/MSPresets/M_MS_SurfaceBlend_Material/LayerFunctions/Base/MF_BaseLayerTextures.uasset" 444
"C:/Users/lev/Documents/Unreal Projects/ShootThemUp/Content/MSPresets/M_MS_SurfaceBlend_Material/LayerFunctions/Base/MF_BaseLayerTextures.uexp" 445
"C:/Users/lev/Documents/Unreal Projects/ShootThemUp/Content/MSPresets/M_MS_SurfaceBlend_Material/LayerFunctions/Middle/MF_MiddleLayerAdjustments.uasset" 446
"C:/Users/lev/Documents/Unreal Projects/ShootThemUp/Content/MSPresets/M_MS_SurfaceBlend_Material/LayerFunctions/Middle/MF_MiddleLayerAdjustments.uexp" 447
"C:/Users/lev/Documents/Unreal Projects/ShootThemUp/Content/MSPresets/M_MS_SurfaceBlend_Material/LayerFunctions/Middle/MF_MiddleLayerTessellation.uasset" 448
"C:/Users/lev/Documents/Unreal Projects/ShootThemUp/Content/MSPresets/M_MS_SurfaceBlend_Material/LayerFunctions/Middle/MF_MiddleLayerTessellation.uexp" 449
"C:/Users/lev/Documents/Unreal Projects/ShootThemUp/Content/MSPresets/M_MS_SurfaceBlend_Material/LayerFunctions/Middle/MF_MiddleLayerTextures.uasset" 450
"C:/Users/lev/Documents/Unreal Projects/ShootThemUp/Content/MSPresets/M_MS_SurfaceBlend_Material/LayerFunctions/Middle/MF_MiddleLayerTextures.uexp" 451
"C:/Users/lev/Documents/Unreal Projects/ShootThemUp/Content/MSPresets/M_MS_SurfaceBlend_Material/LayerFunctions/Puddle/MF_PuddleLayer.uasset" 452
"C:/Users/lev/Documents/Unreal Projects/ShootThemUp/Content/MSPresets/M_MS_SurfaceBlend_Material/LayerFunctions/Puddle/MF_PuddleLayer.uexp" 453
"C:/Users/lev/Documents/Unreal Projects/ShootThemUp/Content/MSPresets/M_MS_SurfaceBlend_Material/LayerFunctions/Top/MF_TopLayerAdjustments.uasset" 454
"C:/Users/lev/Documents/Unreal Projects/ShootThemUp/Content/MSPresets/M_MS_SurfaceBlend_Material/LayerFunctions/Top/MF_TopLayerAdjustments.uexp" 455
"C:/Users/lev/Documents/Unreal Projects/ShootThemUp/Content/MSPresets/M_MS_SurfaceBlend_Material/LayerFunctions/Top/MF_TopLayerTessellation.uasset" 456
"C:/Users/lev/Documents/Unreal Projects/ShootThemUp/Content/MSPresets/M_MS_SurfaceBlend_Material/LayerFunctions/Top/MF_TopLayerTessellation.uexp" 457
"C:/Users/lev/Documents/Unreal Projects/ShootThemUp/Content/MSPresets/M_MS_SurfaceBlend_Material/LayerFunctions/Top/MF_TopLayerTextures.uasset" 458
"C:/Users/lev/Documents/Unreal Projects/ShootThemUp/Content/MSPresets/M_MS_SurfaceBlend_Material/LayerFunctions/Top/MF_TopLayerTextures.uexp" 459
"C:/Users/lev/Documents/Unreal Projects/ShootThemUp/Content/MSPresets/M_MS_Surface_Material/M_MS_Surface_Material.uasset" 460
"C:/Users/lev/Documents/Unreal Projects/ShootThemUp/Content/MSPresets/M_MS_Surface_Material/M_MS_Surface_Material.uexp" 461
"C:/Users/lev/Documents/Unreal Projects/ShootThemUp/Content/MSPresets/M_MS_Surface_Material/Functions/MF_Displacement.uasset" 462
"C:/Users/lev/Documents/Unreal Projects/ShootThemUp/Content/MSPresets/M_MS_Surface_Material/Functions/MF_Displacement.uexp" 463
"../../../Engine/Plugins/Bridge/Content/MSPresets/M_MS_Surface_Material/Functions/MF_Transmission.uasset" 464
"../../../Engine/Plugins/Bridge/Content/MSPresets/M_MS_Surface_Material/Functions/MF_Transmission.uexp" 465
"C:/Users/lev/Documents/Unreal Projects/ShootThemUp/Content/MSPresets/M_MS_Surface_Material/Functions/MF_MapAdjustments.uasset" 466
"C:/Users/lev/Documents/Unreal Projects/ShootThemUp/Content/MSPresets/M_MS_Surface_Material/Functions/MF_MapAdjustments.uexp" 467
"C:/Users/lev/Documents/Unreal Projects/ShootThemUp/Content/MSPresets/M_MS_Surface_Material/Functions/MF_ObjAdjustments.uasset" 468
"C:/Users/lev/Documents/Unreal Projects/ShootThemUp/Content/MSPresets/M_MS_Surface_Material/Functions/MF_ObjAdjustments.uexp" 469
"C:/Users/lev/Documents/Unreal Projects/ShootThemUp/Content/MSPresets/M_MS_Surface_Material/Functions/MF_Tiling.uasset" 470
"C:/Users/lev/Documents/Unreal Projects/ShootThemUp/Content/MSPresets/M_MS_Surface_Material/Functions/MF_Tiling.uexp" 471
"C:/Users/lev/Documents/Unreal Projects/ShootThemUp/Content/MSPresets/M_MS_Surface_Material/Functions/MF_Transmission.uasset" 472
"C:/Users/lev/Documents/Unreal Projects/ShootThemUp/Content/MSPresets/M_MS_Surface_Material/Functions/MF_Transmission.uexp" 473
"C:/Users/lev/Documents/Unreal Projects/ShootThemUp/Content/ExternalContent/Animations/TTP_Animations/RoadieRun_Fwd.uasset" 474
"C:/Users/lev/Documents/Unreal Projects/ShootThemUp/Content/ExternalContent/Animations/TTP_Animations/RoadieRun_Fwd.uexp" 475
"C:/Users/lev/Documents/Unreal Projects/ShootThemUp/Content/Player/Animations/BS_LocomotionRun.uasset" 476
"C:/Users/lev/Documents/Unreal Projects/ShootThemUp/Content/Player/Animations/BS_LocomotionRun.uexp" 477
"../../../Engine/Content/EngineMaterials/T_Default_Material_Grid_N.uasset" 478
"../../../Engine/Content/EngineMaterials/T_Default_Material_Grid_N.uexp" 479
"../../../Engine/Content/EngineMaterials/T_Default_Material_Grid_N.ubulk" 480
"../../../Engine/Content/EngineMaterials/T_Default_Material_Grid_M.uasset" 481
"../../../Engine/Content/EngineMaterials/T_Default_Material_Grid_M.uexp" 482
"../../../Engine/Content/EngineMaterials/T_Default_Material_Grid_M.ubulk" 483
"../../../Engine/Content/Functions/Engine_MaterialFunctions01/Opacity/CameraDepthFade.uasset" 484
"../../../Engine/Content/Functions/Engine_MaterialFunctions01/Opacity/CameraDepthFade.uexp" 485
"../../../Engine/Content/EngineMaterials/WorldGridMaterial.uasset" 486
"../../../Engine/Content/EngineMaterials/WorldGridMaterial.uexp" 487
"../../../Engine/Content/ArtTools/RenderToTexture/Meshes/S_1_Unit_Plane.uasset" 488
"../../../Engine/Content/ArtTools/RenderToTexture/Meshes/S_1_Unit_Plane.uexp" 489
"../../../Engine/Content/ArtTools/RenderToTexture/Meshes/S_1_Unit_Plane.ubulk" 490
"../../../Engine/Content/EngineMaterials/DefaultMaterial.uasset" 491
"../../../Engine/Content/EngineMaterials/DefaultMaterial.uexp" 492
"../../../Engine/Content/BasicShapes/Cone.uasset" 493
"../../../Engine/Content/BasicShapes/Cone.uexp" 494
"../../../Engine/Content/BasicShapes/Cone.ubulk" 495
"../../../Engine/Content/BasicShapes/Plane.uasset" 496
"../../../Engine/Content/BasicShapes/Plane.uexp" 497
"../../../Engine/Content/BasicShapes/Plane.ubulk" 498
"../../../Engine/Content/BasicShapes/Sphere.uasset" 499
"../../../Engine/Content/BasicShapes/Sphere.uexp" 500
"../../../Engine/Content/BasicShapes/Sphere.ubulk" 501
"../../../Engine/Content/EditorLandscapeResources/DataLayer.uasset" 502
"../../../Engine/Content/EditorLandscapeResources/DataLayer.uexp" 503
"../../../Engine/Content/EditorLandscapeResources/DefaultAlphaTexture.uasset" 504
"../../../Engine/Content/EditorLandscapeResources/DefaultAlphaTexture.uexp" 505
"../../../Engine/Content/EditorMaterials/MAT_Groups_Toggle.uasset" 506
"../../../Engine/Content/EditorMaterials/MAT_Groups_Toggle.uexp" 507
"../../../Engine/Content/EditorMaterials/MAT_Groups_Visibility.uasset" 508
"../../../Engine/Content/EditorMaterials/MAT_Groups_Visibility.uexp" 509
"../../../Engine/Content/EditorMaterials/PreviewShadowIndicator.uasset" 510
"../../../Engine/Content/EditorMaterials/PreviewShadowIndicator.uexp" 511
"../../../Engine/Content/EditorMaterials/PreviewShadowIndicator.ubulk" 512
"../../../Engine/Content/EditorMaterials/PreviewShadowIndicatorMaterial.uasset" 513
"../../../Engine/Content/EditorMaterials/PreviewShadowIndicatorMaterial.uexp" 514
"../../../Engine/Content/EditorMaterials/MatineeGroups/MAT_ColorTrack.uasset" 515
"../../../Engine/Content/EditorMaterials/MatineeGroups/MAT_ColorTrack.uexp" 516
"../../../Engine/Content/EditorMaterials/MatineeGroups/MAT_Groups_Anim.uasset" 517
"../../../Engine/Content/EditorMaterials/MatineeGroups/MAT_Groups_Anim.uexp" 518
"../../../Engine/Content/EditorMaterials/MatineeGroups/MAT_Groups_AudioMaster.uasset" 519
"../../../Engine/Content/EditorMaterials/MatineeGroups/MAT_Groups_AudioMaster.uexp" 520
"../../../Engine/Content/EditorMaterials/MatineeGroups/MAT_Groups_Director.uasset" 521
"../../../Engine/Content/EditorMaterials/MatineeGroups/MAT_Groups_Director.uexp" 522
"../../../Engine/Content/EditorMaterials/MatineeGroups/MAT_Groups_Event.uasset" 523
"../../../Engine/Content/EditorMaterials/MatineeGroups/MAT_Groups_Event.uexp" 524
"../../../Engine/Content/EditorMaterials/MatineeGroups/MAT_Groups_Fade.uasset" 525
"../../../Engine/Content/EditorMaterials/MatineeGroups/MAT_Groups_Fade.uexp" 526
"../../../Engine/Content/EditorMaterials/MatineeGroups/MAT_Groups_Float.uasset" 527
"../../../Engine/Content/EditorMaterials/MatineeGroups/MAT_Groups_Float.uexp" 528
"../../../Engine/Content/EditorMaterials/MatineeGroups/MAT_Groups_Move.uasset" 529
"../../../Engine/Content/EditorMaterials/MatineeGroups/MAT_Groups_Move.uexp" 530
"../../../Engine/Content/EditorMaterials/MatineeGroups/MAT_Groups_Slomo.uasset" 531
"../../../Engine/Content/EditorMaterials/MatineeGroups/MAT_Groups_Slomo.uexp" 532
"../../../Engine/Content/EditorMaterials/MatineeGroups/MAT_Groups_Sound.uasset" 533
"../../../Engine/Content/EditorMaterials/MatineeGroups/MAT_Groups_Sound.uexp" 534
"../../../Engine/Content/EditorMaterials/MatineeGroups/MAT_Groups_Vector.uasset" 535
"../../../Engine/Content/EditorMaterials/MatineeGroups/MAT_Groups_Vector.uexp" 536
"../../../Engine/Content/EditorMaterials/ParticleSystems/PSysThumbnail_NoImage.uasset" 537
"../../../Engine/Content/EditorMaterials/ParticleSystems/PSysThumbnail_NoImage.uexp" 538
"../../../Engine/Content/EditorMaterials/ParticleSystems/PSysThumbnail_NoImage.ubulk" 539
"../../../Engine/Content/EditorMaterials/ParticleSystems/PSysThumbnail_OOD.uasset" 540
"../../../Engine/Content/EditorMaterials/ParticleSystems/PSysThumbnail_OOD.uexp" 541
"../../../Engine/Content/EditorMaterials/ParticleSystems/PSysThumbnail_OOD.ubulk" 542
"../../../Engine/Content/Functions/Engine_MaterialFunctions02/Utility/MakeFloat4.uasset" 543
"../../../Engine/Content/Functions/Engine_MaterialFunctions02/Utility/MakeFloat4.uexp" 544
"../../../Engine/Content/Functions/Engine_MaterialFunctions02/Utility/MakeFloat3.uasset" 545
"../../../Engine/Content/Functions/Engine_MaterialFunctions02/Utility/MakeFloat3.uexp" 546
"../../../Engine/Content/EditorMaterials/WorldPartition/WorldPartitionSpatialHashGridPreviewMaterial.uasset" 547
"../../../Engine/Content/EditorMaterials/WorldPartition/WorldPartitionSpatialHashGridPreviewMaterial.uexp" 548
"../../../Engine/Content/EditorMaterials/Camera/CineMat.uasset" 549
"../../../Engine/Content/EditorMaterials/Camera/CineMat.uexp" 550
"../../../Engine/Content/EditorMaterials/Camera/MI_CineMat_Rig.uasset" 551
"../../../Engine/Content/EditorMaterials/Camera/MI_CineMat_Rig.uexp" 552
"../../../Engine/Content/EditorMeshes/Camera/SM_CraneRig_Arm.uasset" 553
"../../../Engine/Content/EditorMeshes/Camera/SM_CraneRig_Arm.uexp" 554
"../../../Engine/Content/EditorMeshes/Camera/SM_CraneRig_Arm.ubulk" 555
"../../../Engine/Content/EditorMeshes/Camera/SM_CraneRig_Base.uasset" 556
"../../../Engine/Content/EditorMeshes/Camera/SM_CraneRig_Base.uexp" 557
"../../../Engine/Content/EditorMeshes/Camera/SM_CraneRig_Base.ubulk" 558
"../../../Engine/Content/EditorMeshes/Camera/SM_CraneRig_Body.uasset" 559
"../../../Engine/Content/EditorMeshes/Camera/SM_CraneRig_Body.uexp" 560
"../../../Engine/Content/EditorMeshes/Camera/SM_CraneRig_Body.ubulk" 561
"../../../Engine/Content/EditorMeshes/Camera/SM_CraneRig_Mount.uasset" 562
"../../../Engine/Content/EditorMeshes/Camera/SM_CraneRig_Mount.uexp" 563
"../../../Engine/Content/EditorMeshes/Camera/SM_CraneRig_Mount.ubulk" 564
"../../../Engine/Content/EditorMeshes/Camera/SM_RailRig_Mount.uasset" 565
"../../../Engine/Content/EditorMeshes/Camera/SM_RailRig_Mount.uexp" 566
"../../../Engine/Content/EditorMeshes/Camera/SM_RailRig_Mount.ubulk" 567
"../../../Engine/Content/EditorMeshes/Camera/SM_RailRig_Track.uasset" 568
"../../../Engine/Content/EditorMeshes/Camera/SM_RailRig_Track.uexp" 569
"../../../Engine/Content/EditorMeshes/Camera/SM_RailRig_Track.ubulk" 570
"../../../Engine/Content/EditorResources/BSPVertex.uasset" 571
"../../../Engine/Content/EditorResources/BSPVertex.uexp" 572
"../../../Engine/Content/EditorResources/EmptyActor.uasset" 573
"../../../Engine/Content/EditorResources/EmptyActor.uexp" 574
"../../../Engine/Content/EditorResources/S_Actor.uasset" 575
"../../../Engine/Content/EditorResources/S_Actor.uexp" 576
"../../../Engine/Content/EditorResources/S_Actor.ubulk" 577
"../../../Engine/Content/EditorResources/S_BoxReflectionCapture.uasset" 578
"../../../Engine/Content/EditorResources/S_BoxReflectionCapture.uexp" 579
"../../../Engine/Content/EditorResources/S_Note.uasset" 580
"../../../Engine/Content/EditorResources/S_Note.uexp" 581
"../../../Engine/Content/EditorResources/S_Solver.uasset" 582
"../../../Engine/Content/EditorResources/S_Solver.uexp" 583
"../../../Engine/Content/EditorResources/S_Solver.ubulk" 584
"../../../Engine/Content/EditorResources/S_Terrain.uasset" 585
"../../../Engine/Content/EditorResources/S_Terrain.uexp" 586
"../../../Engine/Content/EditorResources/S_Terrain.ubulk" 587
"../../../Engine/Content/EditorResources/S_Trigger.uasset" 588
"../../../Engine/Content/EditorResources/S_Trigger.uexp" 589
"../../../Engine/Content/EditorResources/S_Trigger.ubulk" 590
"../../../Engine/Content/EditorResources/S_TriggerBox.uasset" 591
"../../../Engine/Content/EditorResources/S_TriggerBox.uexp" 592
"../../../Engine/Content/EditorResources/S_TriggerCapsule.uasset" 593
"../../../Engine/Content/EditorResources/S_TriggerCapsule.uexp" 594
"../../../Engine/Content/EditorResources/S_TriggerSphere.uasset" 595
"../../../Engine/Content/EditorResources/S_TriggerSphere.uexp" 596
"../../../Engine/Content/EditorResources/AudioIcons/S_AudioComponent_AutoActivate.uasset" 597
"../../../Engine/Content/EditorResources/AudioIcons/S_AudioComponent_AutoActivate.uexp" 598
"../../../Engine/Content/EditorResources/SequenceRecorder/Countdown.uasset" 599
"../../../Engine/Content/EditorResources/SequenceRecorder/Countdown.uexp" 600
"../../../Engine/Content/EditorResources/SequenceRecorder/RecordingIndicator.uasset" 601
"../../../Engine/Content/EditorResources/SequenceRecorder/RecordingIndicator.uexp" 602
"../../../Engine/Content/EngineDamageTypes/DmgTypeBP_Environmental.uasset" 603
"../../../Engine/Content/EngineDamageTypes/DmgTypeBP_Environmental.uexp" 604
"../../../Engine/Content/EngineDebugMaterials/DebugEditorMaterial.uasset" 605
"../../../Engine/Content/EngineDebugMaterials/DebugEditorMaterial.uexp" 606
"../../../Engine/Content/EngineDebugMaterials/DebugMeshMaterial.uasset" 607
"../../../Engine/Content/EngineDebugMaterials/DebugMeshMaterial.uexp" 608
"../../../Engine/Content/EngineDebugMaterials/M_SimpleUnlitTranslucent.uasset" 609
"../../../Engine/Content/EngineDebugMaterials/M_SimpleUnlitTranslucent.uexp" 610
"../../../Engine/Content/EngineDebugMaterials/VolumeToRender.uasset" 611
"../../../Engine/Content/EngineDebugMaterials/VolumeToRender.uexp" 612
"../../../Engine/Content/EngineDebugMaterials/M_VolumeRenderSphereTracePP.uasset" 613
"../../../Engine/Content/EngineDebugMaterials/M_VolumeRenderSphereTracePP.uexp" 614
"../../../Engine/Content/Functions/Engine_MaterialFunctions01/Shading/ConvertFromDiffSpec.uasset" 615
"../../../Engine/Content/Functions/Engine_MaterialFunctions01/Shading/ConvertFromDiffSpec.uexp" 616
"../../../Engine/Content/EngineDebugMaterials/VertexColorMaterial.uasset" 617
"../../../Engine/Content/EngineDebugMaterials/VertexColorMaterial.uexp" 618
"../../../Engine/Content/EngineDebugMaterials/WireframeMaterial.uasset" 619
"../../../Engine/Content/EngineDebugMaterials/WireframeMaterial.uexp" 620
"../../../Engine/Content/EngineFonts/Faces/DroidSansFallback.uasset" 621
"../../../Engine/Content/EngineFonts/Faces/DroidSansFallback.uexp" 622
"../../../Engine/Content/EngineFonts/Faces/DroidSansFallback.ufont" 623
"../../../Engine/Content/EngineFonts/Faces/RobotoBoldItalic.uasset" 624
"../../../Engine/Content/EngineFonts/Faces/RobotoBoldItalic.uexp" 625
"../../../Engine/Content/EngineFonts/Faces/RobotoBoldItalic.ufont" 626
"../../../Engine/Content/EngineFonts/Faces/RobotoRegular.uasset" 627
"../../../Engine/Content/EngineFonts/Faces/RobotoRegular.uexp" 628
"../../../Engine/Content/EngineFonts/Faces/RobotoRegular.ufont" 629
"../../../Engine/Content/EngineFonts/Faces/RobotoItalic.uasset" 630
"../../../Engine/Content/EngineFonts/Faces/RobotoItalic.uexp" 631
"../../../Engine/Content/EngineFonts/Faces/RobotoItalic.ufont" 632
"../../../Engine/Content/EngineFonts/Faces/RobotoBold.uasset" 633
"../../../Engine/Content/EngineFonts/Faces/RobotoBold.uexp" 634
"../../../Engine/Content/EngineFonts/Faces/RobotoBold.ufont" 635
"../../../Engine/Content/EngineFonts/Faces/RobotoLight.uasset" 636
"../../../Engine/Content/EngineFonts/Faces/RobotoLight.uexp" 637
"../../../Engine/Content/EngineFonts/Faces/RobotoLight.ufont" 638
"../../../Engine/Content/EngineFonts/Roboto.uasset" 639
"../../../Engine/Content/EngineFonts/Roboto.uexp" 640
"../../../Engine/Content/EngineMaterials/BaseFlattenDiffuseMap.uasset" 641
"../../../Engine/Content/EngineMaterials/BaseFlattenDiffuseMap.uexp" 642
"../../../Engine/Content/EngineMaterials/BaseFlattenEmissiveMap.uasset" 643
"../../../Engine/Content/EngineMaterials/BaseFlattenEmissiveMap.uexp" 644
"../../../Engine/Content/EngineMaterials/BaseFlattenGrayscaleMap.uasset" 645
"../../../Engine/Content/EngineMaterials/BaseFlattenGrayscaleMap.uexp" 646
"../../../Engine/Content/EngineMaterials/BaseFlattenNormalMap.uasset" 647
"../../../Engine/Content/EngineMaterials/BaseFlattenNormalMap.uexp" 648
"../../../Engine/Content/EngineMaterials/BaseFlattenMaterial.uasset" 649
"../../../Engine/Content/EngineMaterials/BaseFlattenMaterial.uexp" 650
"../../../Engine/Content/EngineMaterials/BaseFlattenDiffuseMap_VT.uasset" 651
"../../../Engine/Content/EngineMaterials/BaseFlattenDiffuseMap_VT.uexp" 652
"../../../Engine/Content/EngineMaterials/BaseFlattenNormalMap_VT.uasset" 653
"../../../Engine/Content/EngineMaterials/BaseFlattenNormalMap_VT.uexp" 654
"../../../Engine/Content/EngineMaterials/BaseFlattenEmissiveMap_VT.uasset" 655
"../../../Engine/Content/EngineMaterials/BaseFlattenEmissiveMap_VT.uexp" 656
"../../../Engine/Content/EngineMaterials/BaseFlattenGrayscaleMap_VT.uasset" 657
"../../../Engine/Content/EngineMaterials/BaseFlattenGrayscaleMap_VT.uexp" 658
"../../../Engine/Content/EngineMaterials/BaseFlattenMaterial_VT.uasset" 659
"../../../Engine/Content/EngineMaterials/BaseFlattenMaterial_VT.uexp" 660
"../../../Engine/Content/EngineMaterials/BlueNoise.uasset" 661
"../../../Engine/Content/EngineMaterials/BlueNoise.uexp" 662
"../../../Engine/Content/EngineMaterials/DefaultBloomKernel.uasset" 663
"../../../Engine/Content/EngineMaterials/DefaultBloomKernel.uexp" 664
"../../../Engine/Content/EngineMaterials/DefaultBokeh.uasset" 665
"../../../Engine/Content/EngineMaterials/DefaultBokeh.uexp" 666
"../../../Engine/Content/EngineMaterials/DefaultDeferredDecalMaterial.uasset" 667
"../../../Engine/Content/EngineMaterials/DefaultDeferredDecalMaterial.uexp" 668
"../../../Engine/Content/EngineMaterials/DefaultLightFunctionMaterial.uasset" 669
"../../../Engine/Content/EngineMaterials/DefaultLightFunctionMaterial.uexp" 670
"../../../Engine/Content/Functions/Engine_MaterialFunctions02/Utility/BreakOutFloat2Components.uasset" 671
"../../../Engine/Content/Functions/Engine_MaterialFunctions02/Utility/BreakOutFloat2Components.uexp" 672
"../../../Engine/Content/EngineMaterials/DefaultPostProcessMaterial.uasset" 673
"../../../Engine/Content/EngineMaterials/DefaultPostProcessMaterial.uexp" 674
"../../../Engine/Content/EngineFonts/RobotoDistanceField.uasset" 675
"../../../Engine/Content/EngineFonts/RobotoDistanceField.uexp" 676
"../../../Engine/Content/EngineMaterials/DefaultTextMaterialOpaque.uasset" 677
"../../../Engine/Content/EngineMaterials/DefaultTextMaterialOpaque.uexp" 678
"../../../Engine/Content/EngineMaterials/DefaultWhiteGrid_Low.uasset" 679
"../../../Engine/Content/EngineMaterials/DefaultWhiteGrid_Low.uexp" 680
"../../../Engine/Content/EngineMaterials/EmissiveMeshMaterial.uasset" 681
"../../../Engine/Content/EngineMaterials/EmissiveMeshMaterial.uexp" 682
"../../../Engine/Content/EngineMaterials/GizmoMaterial.uasset" 683
"../../../Engine/Content/EngineMaterials/GizmoMaterial.uexp" 684
"../../../Engine/Content/EngineMaterials/Good64x64TilingNoiseHighFreq.uasset" 685
"../../../Engine/Content/EngineMaterials/Good64x64TilingNoiseHighFreq.uexp" 686
"../../../Engine/Content/EngineMaterials/MiniFont.uasset" 687
"../../../Engine/Content/EngineMaterials/MiniFont.uexp" 688
"../../../Engine/Content/EngineMaterials/InvalidLightmapSettings.uasset" 689
"../../../Engine/Content/EngineMaterials/InvalidLightmapSettings.uexp" 690
"../../../Engine/Content/EngineMaterials/InvalidLightmapSettings.ubulk" 691
"../../../Engine/Content/EngineMaterials/M_InvalidLightmapSettings.uasset" 692
"../../../Engine/Content/EngineMaterials/M_InvalidLightmapSettings.uexp" 693
"../../../Engine/Content/Functions/Engine_MaterialFunctions02/WorldPositionOffset/CameraOffset.uasset" 694
"../../../Engine/Content/Functions/Engine_MaterialFunctions02/WorldPositionOffset/CameraOffset.uexp" 695
"../../../Engine/Content/EngineMaterials/PhAT_JointLimitMaterial.uasset" 696
"../../../Engine/Content/EngineMaterials/PhAT_JointLimitMaterial.uexp" 697
"../../../Engine/Content/EngineMaterials/PreintegratedSkinBRDF.uasset" 698
"../../../Engine/Content/EngineMaterials/PreintegratedSkinBRDF.uexp" 699
"../../../Engine/Content/EngineMaterials/RemoveSurfaceMaterial.uasset" 700
"../../../Engine/Content/EngineMaterials/RemoveSurfaceMaterial.uexp" 701
"../../../Engine/Content/EngineMaterials/WeightMapPlaceholderTexture.uasset" 702
"../../../Engine/Content/EngineMaterials/WeightMapPlaceholderTexture.uexp" 703
"../../../Engine/Content/EngineResources/WhiteSquareTexture.uasset" 704
"../../../Engine/Content/EngineResources/WhiteSquareTexture.uexp" 705
"../../../Engine/Content/EngineMaterials/Widget3DPassThrough.uasset" 706
"../../../Engine/Content/EngineMaterials/Widget3DPassThrough.uexp" 707
"../../../Engine/Content/EngineMaterials/Widget3DPassThrough_Masked.uasset" 708
"../../../Engine/Content/EngineMaterials/Widget3DPassThrough_Masked.uexp" 709
"../../../Engine/Content/EngineMaterials/Widget3DPassThrough_Opaque.uasset" 710
"../../../Engine/Content/EngineMaterials/Widget3DPassThrough_Opaque.uexp" 711
"../../../Engine/Content/EngineMaterials/Widget3DPassThrough_Masked_OneSided.uasset" 712
"../../../Engine/Content/EngineMaterials/Widget3DPassThrough_Masked_OneSided.uexp" 713
"../../../Engine/Content/EngineMaterials/Widget3DPassThrough_Opaque_OneSided.uasset" 714
"../../../Engine/Content/EngineMaterials/Widget3DPassThrough_Opaque_OneSided.uexp" 715
"../../../Engine/Content/EngineMaterials/Widget3DPassThrough_Translucent.uasset" 716
"../../../Engine/Content/EngineMaterials/Widget3DPassThrough_Translucent.uexp" 717
"../../../Engine/Content/EngineMaterials/Widget3DPassThrough_Translucent_OneSided.uasset" 718
"../../../Engine/Content/EngineMaterials/Widget3DPassThrough_Translucent_OneSided.uexp" 719
"../../../Engine/Content/EngineMeshes/Sphere.uasset" 720
"../../../Engine/Content/EngineMeshes/Sphere.uexp" 721
"../../../Engine/Content/EngineMeshes/Sphere.ubulk" 722
"../../../Engine/Content/EngineResources/DefaultTextureCube.uasset" 723
"../../../Engine/Content/EngineResources/DefaultTextureCube.uexp" 724
"../../../Engine/Content/EngineResources/DefaultVolumeTexture2D.uasset" 725
"../../../Engine/Content/EngineResources/DefaultVolumeTexture2D.uexp" 726
"../../../Engine/Content/EngineResources/DefaultVolumeTexture.uasset" 727
"../../../Engine/Content/EngineResources/DefaultVolumeTexture.uexp" 728
"../../../Engine/Content/EngineResources/GradientTexture0.uasset" 729
"../../../Engine/Content/EngineResources/GradientTexture0.uexp" 730
"../../../Engine/Content/EngineSky/VolumetricClouds/CloudWeatherTexture.uasset" 731
"../../../Engine/Content/EngineSky/VolumetricClouds/CloudWeatherTexture.uexp" 732
"../../../Engine/Content/EngineSky/VolumetricClouds/CloudGradientTexture.uasset" 733
"../../../Engine/Content/EngineSky/VolumetricClouds/CloudGradientTexture.uexp" 734
"../../../Engine/Content/EngineSky/VolumetricClouds/T_NoiseShape64.uasset" 735
"../../../Engine/Content/EngineSky/VolumetricClouds/T_NoiseShape64.uexp" 736
"../../../Engine/Content/EngineSky/VolumetricClouds/T_NoiseShape64.ubulk" 737
"../../../Engine/Content/EngineSky/VolumetricClouds/T_VolumeNoiseShape64.uasset" 738
"../../../Engine/Content/EngineSky/VolumetricClouds/T_VolumeNoiseShape64.uexp" 739
"../../../Engine/Content/EngineSky/VolumetricClouds/T_NoiseErosion.uasset" 740
"../../../Engine/Content/EngineSky/VolumetricClouds/T_NoiseErosion.uexp" 741
"../../../Engine/Content/EngineSky/VolumetricClouds/T_NoiseErosion.ubulk" 742
"../../../Engine/Content/EngineSky/VolumetricClouds/T_VolumeNoiseErosion32.uasset" 743
"../../../Engine/Content/EngineSky/VolumetricClouds/T_VolumeNoiseErosion32.uexp" 744
"../../../Engine/Content/EngineSky/VolumetricClouds/m_SimpleVolumetricCloud.uasset" 745
"../../../Engine/Content/EngineSky/VolumetricClouds/m_SimpleVolumetricCloud.uexp" 746
"../../../Engine/Content/EngineSky/VolumetricClouds/m_SimpleVolumetricCloud_Inst.uasset" 747
"../../../Engine/Content/EngineSky/VolumetricClouds/m_SimpleVolumetricCloud_Inst.uexp" 748
"../../../Engine/Content/EngineSounds/Master.uasset" 749
"../../../Engine/Content/EngineSounds/Master.uexp" 750
"../../../Engine/Content/Functions/Engine_MaterialFunctions01/Shading/PowerToRoughness.uasset" 751
"../../../Engine/Content/Functions/Engine_MaterialFunctions01/Shading/PowerToRoughness.uexp" 752
"../../../Engine/Content/Maps/Templates/Thumbnails/Default.uasset" 753
"../../../Engine/Content/Maps/Templates/Thumbnails/Default.uexp" 754
"../../../Engine/Content/Maps/Templates/Thumbnails/TimeOfDay.uasset" 755
"../../../Engine/Content/Maps/Templates/Thumbnails/TimeOfDay.uexp" 756
"../../../Engine/Content/Maps/Templates/Thumbnails/VR-Basic.uasset" 757
"../../../Engine/Content/Maps/Templates/Thumbnails/VR-Basic.uexp" 758
"../../../Engine/Content/MobileResources/T_MobileControls_texture.uasset" 759
"../../../Engine/Content/MobileResources/T_MobileControls_texture.uexp" 760
"../../../Engine/Content/MobileResources/T_MobileMenu2.uasset" 761
"../../../Engine/Content/MobileResources/T_MobileMenu2.uexp" 762
"../../../Engine/Content/MobileResources/HUD/AnalogHat.uasset" 763
"../../../Engine/Content/MobileResources/HUD/AnalogHat.uexp" 764
"../../../Engine/Content/MobileResources/HUD/VirtualJoystick_Background.uasset" 765
"../../../Engine/Content/MobileResources/HUD/VirtualJoystick_Background.uexp" 766
"../../../Engine/Content/MobileResources/HUD/VirtualJoystick_Thumb.uasset" 767
"../../../Engine/Content/MobileResources/HUD/VirtualJoystick_Thumb.uexp" 768
"../../../Engine/Content/MobileResources/HUD/DefaultVirtualJoysticks.uasset" 769
"../../../Engine/Content/MobileResources/HUD/DefaultVirtualJoysticks.uexp" 770
"../../../Engine/Content/MobileResources/HUD/LeftVirtualJoystickOnly.uasset" 771
"../../../Engine/Content/MobileResources/HUD/LeftVirtualJoystickOnly.uexp" 772
"../../../Engine/Content/MobileResources/HUD/MobileHUDButton1_off.uasset" 773
"../../../Engine/Content/MobileResources/HUD/MobileHUDButton1_off.uexp" 774
"../../../Engine/Content/MobileResources/HUD/MobileHUDButton1_on.uasset" 775
"../../../Engine/Content/MobileResources/HUD/MobileHUDButton1_on.uexp" 776
"../../../Engine/Content/MobileResources/HUD/MobileHUDButton2_off.uasset" 777
"../../../Engine/Content/MobileResources/HUD/MobileHUDButton2_off.uexp" 778
"../../../Engine/Content/MobileResources/HUD/MobileHUDButton2_on.uasset" 779
"../../../Engine/Content/MobileResources/HUD/MobileHUDButton2_on.uexp" 780
"../../../Engine/Content/MobileResources/HUD/MobileHUDButton3.uasset" 781
"../../../Engine/Content/MobileResources/HUD/MobileHUDButton3.uexp" 782
"../../../Engine/Content/MobileResources/HUD/MobileHUDButtonFire.uasset" 783
"../../../Engine/Content/MobileResources/HUD/MobileHUDButtonFire.uexp" 784
"../../../Engine/Content/MobileResources/HUD/MobileHUDDirectionPad.uasset" 785
"../../../Engine/Content/MobileResources/HUD/MobileHUDDirectionPad.uexp" 786
"../../../Engine/Content/MobileResources/HUD/MobileHUDDirectionPad2.uasset" 787
"../../../Engine/Content/MobileResources/HUD/MobileHUDDirectionPad2.uexp" 788
"../../../Engine/Content/MobileResources/HUD/MobileHUDDirectionPad3.uasset" 789
"../../../Engine/Content/MobileResources/HUD/MobileHUDDirectionPad3.uexp" 790
"../../../Engine/Content/MobileResources/HUD/MobileHUDDirectionStick.uasset" 791
"../../../Engine/Content/MobileResources/HUD/MobileHUDDirectionStick.uexp" 792
"../../../Engine/Content/MobileResources/HUD/T_Castle_ThumbstickInner.uasset" 793
"../../../Engine/Content/MobileResources/HUD/T_Castle_ThumbstickInner.uexp" 794
"../../../Engine/Content/MobileResources/HUD/T_Castle_ThumbstickOutter.uasset" 795
"../../../Engine/Content/MobileResources/HUD/T_Castle_ThumbstickOutter.uexp" 796
"../../../Engine/Content/Tutorial/ContentIntroCurve.uasset" 797
"../../../Engine/Content/Tutorial/ContentIntroCurve.uexp" 798
"../../../Engine/Content/Tutorial/Foliage/TutorialAssets/Foliage.uasset" 799
"../../../Engine/Content/Tutorial/Foliage/TutorialAssets/Foliage.uexp" 800
"../../../Engine/Content/VREditor/LaserPointer/VR_LaserPower_01.uasset" 801
"../../../Engine/Content/VREditor/LaserPointer/VR_LaserPower_01.uexp" 802
"../../../Engine/Content/VREditor/LaserPointer/VR_LaserPower_01.ubulk" 803
"../../../Engine/Content/VREditor/TransformGizmo/TransformGizmoMaterial.uasset" 804
"../../../Engine/Content/VREditor/TransformGizmo/TransformGizmoMaterial.uexp" 805
"../../../Engine/Content/VREditor/TransformGizmo/TranslucentTransformGizmoMaterial.uasset" 806
"../../../Engine/Content/VREditor/TransformGizmo/TranslucentTransformGizmoMaterial.uexp" 807
"../../../Engine/Content/VREditor/TransformGizmo/BoundingBoxCorner.uasset" 808
"../../../Engine/Content/VREditor/TransformGizmo/BoundingBoxCorner.uexp" 809
"../../../Engine/Content/VREditor/TransformGizmo/BoundingBoxCorner.ubulk" 810
"../../../Engine/Content/VREditor/TransformGizmo/BoundingBoxEdge.uasset" 811
"../../../Engine/Content/VREditor/TransformGizmo/BoundingBoxEdge.uexp" 812
"../../../Engine/Content/VREditor/TransformGizmo/BoundingBoxEdge.ubulk" 813
"../../../Engine/Content/VREditor/TransformGizmo/PlaneTranslationHandle.uasset" 814
"../../../Engine/Content/VREditor/TransformGizmo/PlaneTranslationHandle.uexp" 815
"../../../Engine/Content/VREditor/TransformGizmo/PlaneTranslationHandle.ubulk" 816
"../../../Engine/Content/VREditor/TransformGizmo/Xray.uasset" 817
"../../../Engine/Content/VREditor/TransformGizmo/Xray.uexp" 818
"../../../Engine/Content/VREditor/TransformGizmo/Main.uasset" 819
"../../../Engine/Content/VREditor/TransformGizmo/Main.uexp" 820
"../../../Engine/Content/VREditor/TransformGizmo/SM_Sequencer_Key.uasset" 821
"../../../Engine/Content/VREditor/TransformGizmo/SM_Sequencer_Key.uexp" 822
"../../../Engine/Content/VREditor/TransformGizmo/SM_Sequencer_Key.ubulk" 823
"../../../Engine/Content/VREditor/TransformGizmo/SM_Sequencer_Node.uasset" 824
"../../../Engine/Content/VREditor/TransformGizmo/SM_Sequencer_Node.uexp" 825
"../../../Engine/Content/VREditor/TransformGizmo/SM_Sequencer_Node.ubulk" 826
"../../../Engine/Plugins/2D/Paper2D/Content/PlaceholderTextures/DummySpriteTexture.uasset" 827
"../../../Engine/Plugins/2D/Paper2D/Content/PlaceholderTextures/DummySpriteTexture.uexp" 828
"../../../Engine/Plugins/2D/Paper2D/Content/PlaceholderTextures/DummySpriteTexture.ubulk" 829
"../../../Engine/Plugins/2D/Paper2D/Content/DummySprite.uasset" 830
"../../../Engine/Plugins/2D/Paper2D/Content/DummySprite.uexp" 831
"../../../Engine/Plugins/2D/Paper2D/Content/DefaultPaperTerrainMaterial.uasset" 832
"../../../Engine/Plugins/2D/Paper2D/Content/DefaultPaperTerrainMaterial.uexp" 833
"../../../Engine/Plugins/2D/Paper2D/Content/DefaultSpriteMaterial.uasset" 834
"../../../Engine/Plugins/2D/Paper2D/Content/DefaultSpriteMaterial.uexp" 835
"../../../Engine/Plugins/2D/Paper2D/Content/MaskedUnlitSpriteMaterial.uasset" 836
"../../../Engine/Plugins/2D/Paper2D/Content/MaskedUnlitSpriteMaterial.uexp" 837
"../../../Engine/Plugins/2D/Paper2D/Content/OpaqueUnlitSpriteMaterial.uasset" 838
"../../../Engine/Plugins/2D/Paper2D/Content/OpaqueUnlitSpriteMaterial.uexp" 839
"../../../Engine/Content/Functions/Engine_MaterialFunctions02/ObjectLocalBounds.uasset" 840
"../../../Engine/Content/Functions/Engine_MaterialFunctions02/ObjectLocalBounds.uexp" 841
"../../../Engine/Content/Functions/Engine_MaterialFunctions02/UVs/BoundingBoxBased_0-1_UVW.uasset" 842
"../../../Engine/Content/Functions/Engine_MaterialFunctions02/UVs/BoundingBoxBased_0-1_UVW.uexp" 843
"../../../Engine/Plugins/Editor/SpeedTreeImporter/Content/SpeedTree9/game_wind_noise.uasset" 844
"../../../Engine/Plugins/Editor/SpeedTreeImporter/Content/SpeedTree9/game_wind_noise.uexp" 845
"../../../Engine/Plugins/Editor/SpeedTreeImporter/Content/SpeedTree9/game_wind_noise.ubulk" 846
"../../../Engine/Plugins/Editor/SpeedTreeImporter/Content/SpeedTree9/SpeedTreeBillboard.uasset" 847
"../../../Engine/Plugins/Editor/SpeedTreeImporter/Content/SpeedTree9/SpeedTreeBillboard.uexp" 848
"../../../Engine/Plugins/Editor/SpeedTreeImporter/Content/SpeedTree9/SpeedTreeWindMotion.uasset" 849
"../../../Engine/Plugins/Editor/SpeedTreeImporter/Content/SpeedTree9/SpeedTreeWindMotion.uexp" 850
"../../../Engine/Plugins/Editor/SpeedTreeImporter/Content/SpeedTree9/UnpackDirection.uasset" 851
"../../../Engine/Plugins/Editor/SpeedTreeImporter/Content/SpeedTree9/UnpackDirection.uexp" 852
"../../../Engine/Plugins/Editor/SpeedTreeImporter/Content/SpeedTree9/UnpackInteger3.uasset" 853
"../../../Engine/Plugins/Editor/SpeedTreeImporter/Content/SpeedTree9/UnpackInteger3.uexp" 854
"../../../Engine/Plugins/Editor/SpeedTreeImporter/Content/SpeedTree9/SpeedTreeBranchMotion.uasset" 855
"../../../Engine/Plugins/Editor/SpeedTreeImporter/Content/SpeedTree9/SpeedTreeBranchMotion.uexp" 856
"../../../Engine/Plugins/Editor/SpeedTreeImporter/Content/SpeedTree9/SpeedTreeWind.uasset" 857
"../../../Engine/Plugins/Editor/SpeedTreeImporter/Content/SpeedTree9/SpeedTreeWind.uexp" 858
"../../../Engine/Content/EngineResources/DefaultTexture.uasset" 859
"../../../Engine/Content/EngineResources/DefaultTexture.uexp" 860
"../../../Engine/Content/EngineResources/DefaultTexture.ubulk" 861
"../../../Engine/Plugins/Editor/SpeedTreeImporter/Content/SpeedTree9/SpeedTreeBillboardMaster.uasset" 862
"../../../Engine/Plugins/Editor/SpeedTreeImporter/Content/SpeedTree9/SpeedTreeBillboardMaster.uexp" 863
"../../../Engine/Plugins/Editor/SpeedTreeImporter/Content/SpeedTree9/SpeedTreeCameraFacing.uasset" 864
"../../../Engine/Plugins/Editor/SpeedTreeImporter/Content/SpeedTree9/SpeedTreeCameraFacing.uexp" 865
"../../../Engine/Plugins/Editor/SpeedTreeImporter/Content/SpeedTree9/SpeedTreeMaster.uasset" 866
"../../../Engine/Plugins/Editor/SpeedTreeImporter/Content/SpeedTree9/SpeedTreeMaster.uexp" 867
"../../../Engine/Plugins/Runtime/HairStrands/Content/Materials/HairCardsDefaultMaterial.uasset" 868
"../../../Engine/Plugins/Runtime/HairStrands/Content/Materials/HairCardsDefaultMaterial.uexp" 869
"../../../Engine/Content/EngineMaterials/HairColorMap.uasset" 870
"../../../Engine/Content/EngineMaterials/HairColorMap.uexp" 871
"../../../Engine/Content/EngineMaterials/HairDebugColor.uasset" 872
"../../../Engine/Content/EngineMaterials/HairDebugColor.uexp" 873
"../../../Engine/Plugins/Runtime/HairStrands/Content/Materials/HairDebugMaterial.uasset" 874
"../../../Engine/Plugins/Runtime/HairStrands/Content/Materials/HairDebugMaterial.uexp" 875
"../../../Engine/Plugins/Runtime/HairStrands/Content/Materials/HairDefaultMaterial.uasset" 876
"../../../Engine/Plugins/Runtime/HairStrands/Content/Materials/HairDefaultMaterial.uexp" 877
"../../../Engine/Plugins/Runtime/HairStrands/Content/Materials/HairMeshesDefaultMaterial.uasset" 878
"../../../Engine/Plugins/Runtime/HairStrands/Content/Materials/HairMeshesDefaultMaterial.uexp" 879
"../../../Engine/Content/ArtTools/RenderToTexture/Materials/Debug/M_Emissive_Color.uasset" 880
"../../../Engine/Content/ArtTools/RenderToTexture/Materials/Debug/M_Emissive_Color.uexp" 881
"../../../Engine/Content/BasicShapes/Cylinder.uasset" 882
"../../../Engine/Content/BasicShapes/Cylinder.uexp" 883
"../../../Engine/Content/BasicShapes/Cylinder.ubulk" 884
"../../../Engine/Plugins/Lumin/MagicLeapPassableWorld/Content/MagicLeapARPinInfoActor.uasset" 885
"../../../Engine/Plugins/Lumin/MagicLeapPassableWorld/Content/MagicLeapARPinInfoActor.uexp" 886
"../../../Engine/Content/Functions/Engine_MaterialFunctions02/Utility/BreakOutFloat4Components.uasset" 887
"../../../Engine/Content/Functions/Engine_MaterialFunctions02/Utility/BreakOutFloat4Components.uexp" 888
"../../../Engine/Plugins/Runtime/Oculus/OculusVR/Content/Materials/OculusMR_ChromaKey.uasset" 889
"../../../Engine/Plugins/Runtime/Oculus/OculusVR/Content/Materials/OculusMR_ChromaKey.uexp" 890
"../../../Engine/Plugins/Runtime/Oculus/OculusVR/Content/Materials/OculusMR_OpaqueColoredMaterial.uasset" 891
"../../../Engine/Plugins/Runtime/Oculus/OculusVR/Content/Materials/OculusMR_OpaqueColoredMaterial.uexp" 892
"../../../Engine/Plugins/Runtime/Oculus/OculusVR/Content/Materials/PokeAHoleMaterial.uasset" 893
"../../../Engine/Plugins/Runtime/Oculus/OculusVR/Content/Materials/PokeAHoleMaterial.uexp" 894
"C:/Users/lev/Documents/Unreal Projects/ShootThemUp/Content/ExternalContent/Animations/TTP_Animations/Run_Fwd.uasset" 895
"C:/Users/lev/Documents/Unreal Projects/ShootThemUp/Content/ExternalContent/Animations/TTP_Animations/Run_Fwd.uexp" 896
"C:/Users/lev/Documents/Unreal Projects/ShootThemUp/Content/ExternalContent/Characters/Textures/Tiles/T_Sctraches_01.uasset" 897
"C:/Users/lev/Documents/Unreal Projects/ShootThemUp/Content/ExternalContent/Characters/Textures/Tiles/T_Sctraches_01.uexp" 898
"C:/Users/lev/Documents/Unreal Projects/ShootThemUp/Content/ExternalContent/Characters/Textures/Tiles/T_Sctraches_01.ubulk" 899
"C:/Users/lev/Documents/Unreal Projects/ShootThemUp/Content/ExternalContent/Characters/Materials/ML_Glass.uasset" 900
"C:/Users/lev/Documents/Unreal Projects/ShootThemUp/Content/ExternalContent/Characters/Materials/ML_Glass.uexp" 901
"C:/Users/lev/Documents/Unreal Projects/ShootThemUp/Content/ExternalContent/Characters/Materials/ML_Metal_light.uasset" 902
"C:/Users/lev/Documents/Unreal Projects/ShootThemUp/Content/ExternalContent/Characters/Materials/ML_Metal_light.uexp" 903
"C:/Users/lev/Documents/Unreal Projects/ShootThemUp/Content/ExternalContent/Characters/Textures/Chr_FPS_M.uasset" 904
"C:/Users/lev/Documents/Unreal Projects/ShootThemUp/Content/ExternalContent/Characters/Textures/Chr_FPS_M.uexp" 905
"C:/Users/lev/Documents/Unreal Projects/ShootThemUp/Content/ExternalContent/Characters/Textures/Chr_FPS_M.ubulk" 906
"C:/Users/lev/Documents/Unreal Projects/ShootThemUp/Content/ExternalContent/Characters/Textures/Chr_FPS_Metal_01.uasset" 907
"C:/Users/lev/Documents/Unreal Projects/ShootThemUp/Content/ExternalContent/Characters/Textures/Chr_FPS_Metal_01.uexp" 908
"C:/Users/lev/Documents/Unreal Projects/ShootThemUp/Content/ExternalContent/Characters/Textures/Chr_FPS_Metal_01.ubulk" 909
"C:/Users/lev/Documents/Unreal Projects/ShootThemUp/Content/ExternalContent/Characters/Materials/ML_Metal_Painted.uasset" 910
"C:/Users/lev/Documents/Unreal Projects/ShootThemUp/Content/ExternalContent/Characters/Materials/ML_Metal_Painted.uexp" 911
"C:/Users/lev/Documents/Unreal Projects/ShootThemUp/Content/ExternalContent/Environment/Textures/T_Vista_Grass_N.uasset" 912
"C:/Users/lev/Documents/Unreal Projects/ShootThemUp/Content/ExternalContent/Environment/Textures/T_Vista_Grass_N.uexp" 913
"C:/Users/lev/Documents/Unreal Projects/ShootThemUp/Content/ExternalContent/Environment/Textures/T_Vista_Grass_N.ubulk" 914
"C:/Users/lev/Documents/Unreal Projects/ShootThemUp/Content/ExternalContent/Characters/Materials/ML_Rubber_dark.uasset" 915
"C:/Users/lev/Documents/Unreal Projects/ShootThemUp/Content/ExternalContent/Characters/Materials/ML_Rubber_dark.uexp" 916
"C:/Users/lev/Documents/Unreal Projects/ShootThemUp/Content/ExternalContent/Characters/Textures/Chr_FPS_Fabric_N_01.uasset" 917
"C:/Users/lev/Documents/Unreal Projects/ShootThemUp/Content/ExternalContent/Characters/Textures/Chr_FPS_Fabric_N_01.uexp" 918
"C:/Users/lev/Documents/Unreal Projects/ShootThemUp/Content/ExternalContent/Characters/Textures/Chr_FPS_Fabric_N_01.ubulk" 919
"C:/Users/lev/Documents/Unreal Projects/ShootThemUp/Content/ExternalContent/Characters/Materials/ML_Rubber_light.uasset" 920
"C:/Users/lev/Documents/Unreal Projects/ShootThemUp/Content/ExternalContent/Characters/Materials/ML_Rubber_light.uexp" 921
"C:/Users/lev/Documents/Unreal Projects/ShootThemUp/Content/ExternalContent/Characters/Textures/Chr_FPS_02_M.uasset" 922
"C:/Users/lev/Documents/Unreal Projects/ShootThemUp/Content/ExternalContent/Characters/Textures/Chr_FPS_02_M.uexp" 923
"C:/Users/lev/Documents/Unreal Projects/ShootThemUp/Content/ExternalContent/Characters/Textures/Chr_FPS_02_M.ubulk" 924
"C:/Users/lev/Documents/Unreal Projects/ShootThemUp/Content/ExternalContent/Characters/Textures/Chr_FPS_D.uasset" 925
"C:/Users/lev/Documents/Unreal Projects/ShootThemUp/Content/ExternalContent/Characters/Textures/Chr_FPS_D.uexp" 926
"C:/Users/lev/Documents/Unreal Projects/ShootThemUp/Content/ExternalContent/Characters/Textures/Chr_FPS_D.ubulk" 927
"C:/Users/lev/Documents/Unreal Projects/ShootThemUp/Content/ExternalContent/Characters/Textures/Chr_FPS_M_03tga.uasset" 928
"C:/Users/lev/Documents/Unreal Projects/ShootThemUp/Content/ExternalContent/Characters/Textures/Chr_FPS_M_03tga.uexp" 929
"C:/Users/lev/Documents/Unreal Projects/ShootThemUp/Content/ExternalContent/Characters/Textures/Chr_FPS_M_03tga.ubulk" 930
"C:/Users/lev/Documents/Unreal Projects/ShootThemUp/Content/ExternalContent/Characters/Textures/Chr_FPS_N.uasset" 931
"C:/Users/lev/Documents/Unreal Projects/ShootThemUp/Content/ExternalContent/Characters/Textures/Chr_FPS_N.uexp" 932
"C:/Users/lev/Documents/Unreal Projects/ShootThemUp/Content/ExternalContent/Characters/Materials/ML_Base.uasset" 933
"C:/Users/lev/Documents/Unreal Projects/ShootThemUp/Content/ExternalContent/Characters/Materials/ML_Base.uexp" 934
"C:/Users/lev/Documents/Unreal Projects/ShootThemUp/Content/ExternalContent/Characters/Materials/ML_Emissive_Custom.uasset" 935
"C:/Users/lev/Documents/Unreal Projects/ShootThemUp/Content/ExternalContent/Characters/Materials/ML_Emissive_Custom.uexp" 936
"C:/Users/lev/Documents/Unreal Projects/ShootThemUp/Content/ExternalContent/Characters/Materials/HeroTPP.uasset" 937
"C:/Users/lev/Documents/Unreal Projects/ShootThemUp/Content/ExternalContent/Characters/Materials/HeroTPP.uexp" 938
"C:/Users/lev/Documents/Unreal Projects/ShootThemUp/Content/ExternalContent/Characters/HeroTPP/HeroTPP_Physics.uasset" 939
"C:/Users/lev/Documents/Unreal Projects/ShootThemUp/Content/ExternalContent/Characters/HeroTPP/HeroTPP_Physics.uexp" 940
"C:/Users/lev/Documents/Unreal Projects/ShootThemUp/Content/ExternalContent/Characters/HeroTPP/HeroTPP.uasset" 941
"C:/Users/lev/Documents/Unreal Projects/ShootThemUp/Content/ExternalContent/Characters/HeroTPP/HeroTPP.uexp" 942
"C:/Users/lev/Documents/Unreal Projects/ShootThemUp/Content/ExternalContent/Animations/TTP_Animations/JumpEnd.uasset" 943
"C:/Users/lev/Documents/Unreal Projects/ShootThemUp/Content/ExternalContent/Animations/TTP_Animations/JumpEnd.uexp" 944
"C:/Users/lev/Documents/Unreal Projects/ShootThemUp/Content/ExternalContent/Animations/TTP_Animations/JumpLoop.uasset" 945
"C:/Users/lev/Documents/Unreal Projects/ShootThemUp/Content/ExternalContent/Animations/TTP_Animations/JumpLoop.uexp" 946
"C:/Users/lev/Documents/Unreal Projects/ShootThemUp/Content/ExternalContent/Animations/TTP_Animations/JumpStart.uasset" 947
"C:/Users/lev/Documents/Unreal Projects/ShootThemUp/Content/ExternalContent/Animations/TTP_Animations/JumpStart.uexp" 948
"C:/Users/lev/Documents/Unreal Projects/ShootThemUp/Content/ExternalContent/Animations/TTP_Animations/Run_Bwd.uasset" 949
"C:/Users/lev/Documents/Unreal Projects/ShootThemUp/Content/ExternalContent/Animations/TTP_Animations/Run_Bwd.uexp" 950
"C:/Users/lev/Documents/Unreal Projects/ShootThemUp/Content/ExternalContent/Animations/TTP_Animations/Run_Lt.uasset" 951
"C:/Users/lev/Documents/Unreal Projects/ShootThemUp/Content/ExternalContent/Animations/TTP_Animations/Run_Lt.uexp" 952
"C:/Users/lev/Documents/Unreal Projects/ShootThemUp/Content/ExternalContent/Animations/TTP_Animations/Run_Rt.uasset" 953
"C:/Users/lev/Documents/Unreal Projects/ShootThemUp/Content/ExternalContent/Animations/TTP_Animations/Run_Rt.uexp" 954
"C:/Users/lev/Documents/Unreal Projects/ShootThemUp/Content/Player/Animations/BS_LocomotionWalk.uasset" 955
"C:/Users/lev/Documents/Unreal Projects/ShootThemUp/Content/Player/Animations/BS_LocomotionWalk.uexp" 956
"../../../Engine/Content/EditorBlueprintResources/StandardMacros.uasset" 957
"../../../Engine/Content/EditorBlueprintResources/StandardMacros.uexp" 958
"C:/Users/lev/Documents/Unreal Projects/ShootThemUp/Content/Player/Animations/APB_BaseCharacter.uasset" 959
"C:/Users/lev/Documents/Unreal Projects/ShootThemUp/Content/Player/Animations/APB_BaseCharacter.uexp" 960
"C:/Users/lev/Documents/Unreal Projects/ShootThemUp/Content/Player/BP_STUBaseCharacter.uasset" 961
"C:/Users/lev/Documents/Unreal Projects/ShootThemUp/Content/Player/BP_STUBaseCharacter.uexp" 962
"C:/Users/lev/Documents/Unreal Projects/ShootThemUp/Content/Player/BP_STUPlayerController.uasset" 963
"C:/Users/lev/Documents/Unreal Projects/ShootThemUp/Content/Player/BP_STUPlayerController.uexp" 964
"C:/Users/lev/Documents/Unreal Projects/ShootThemUp/Content/BP_STUGameModeBase.uasset" 965
"C:/Users/lev/Documents/Unreal Projects/ShootThemUp/Content/BP_STUGameModeBase.uexp" 966
"C:/Users/lev/Documents/Unreal Projects/ShootThemUp/Content/Levels/TestLevel_BuiltData.uasset" 967
"C:/Users/lev/Documents/Unreal Projects/ShootThemUp/Content/Levels/TestLevel_BuiltData.uexp" 968
"../../../Engine/Content/BasicShapes/BasicShapeMaterial.uasset" 969
"../../../Engine/Content/BasicShapes/BasicShapeMaterial.uexp" 970
"../../../Engine/Content/BasicShapes/Cube.uasset" 971
"../../../Engine/Content/BasicShapes/Cube.uexp" 972
"../../../Engine/Content/BasicShapes/Cube.ubulk" 973
"../../../Engine/Content/EngineMaterials/DefaultPhysicalMaterial.uasset" 974
"../../../Engine/Content/EngineMaterials/DefaultPhysicalMaterial.uexp" 975
"C:/Users/lev/Documents/Unreal Projects/ShootThemUp/Content/Music/Dude_s_Cover_-_Giorno_s_Theme.uasset" 976
"C:/Users/lev/Documents/Unreal Projects/ShootThemUp/Content/Music/Dude_s_Cover_-_Giorno_s_Theme.uexp" 977
"C:/Users/lev/Documents/Unreal Projects/ShootThemUp/Content/Music/Dude_s_Cover_-_Giorno_s_Theme.ubulk" 978
"C:/Users/lev/Documents/Unreal Projects/ShootThemUp/Content/Levels/TestLevel.uexp" 979
"C:/Users/lev/Documents/Unreal Projects/ShootThemUp/Content/Levels/TestLevel.ubulk" 980
"C:/Users/lev/Documents/Unreal Projects/ShootThemUp/Content/Levels/TestLevel.umap" 981
"../../../Engine/Content/Maps/Entry_BuiltData.uasset" 982
"../../../Engine/Content/Maps/Entry_BuiltData.uexp" 983
"../../../Engine/Content/Maps/Entry.uexp" 984
"../../../Engine/Content/Maps/Entry.umap" 985
