"../../../Engine/Content/Animation/DefaultAnimCurveCompressionSettings.uasset" 0
"../../../Engine/Content/Animation/DefaultAnimCurveCompressionSettings.uexp" 1
"../../../Engine/Content/EngineMeshes/Humanoid.uasset" 2
"../../../Engine/Content/EngineMeshes/Humanoid.uexp" 3
"C:/Users/lev/Documents/Unreal Projects/UE5_STUGame/Content/ExternalContent/Characters/HeroTPP/HeroTPP_Skeleton.uasset" 4
"C:/Users/lev/Documents/Unreal Projects/UE5_STUGame/Content/ExternalContent/Characters/HeroTPP/HeroTPP_Skeleton.uexp" 5
"C:/Users/lev/Documents/Unreal Projects/UE5_STUGame/Content/ExternalContent/Animations/TTP_Animations/Idle.uasset" 6
"C:/Users/lev/Documents/Unreal Projects/UE5_STUGame/Content/ExternalContent/Animations/TTP_Animations/Idle.uexp" 7
"../../../Engine/Content/Animation/DefaultAnimBoneCompressionSettings.uasset" 8
"../../../Engine/Content/Animation/DefaultAnimBoneCompressionSettings.uexp" 9
"C:/Users/lev/Documents/Unreal Projects/UE5_STUGame/Content/ExternalContent/Animations/TTP_Animations/AimOffsetDown.uasset" 10
"C:/Users/lev/Documents/Unreal Projects/UE5_STUGame/Content/ExternalContent/Animations/TTP_Animations/AimOffsetDown.uexp" 11
"C:/Users/lev/Documents/Unreal Projects/UE5_STUGame/Content/ExternalContent/Animations/TTP_Animations/AimOffsetFwd.uasset" 12
"C:/Users/lev/Documents/Unreal Projects/UE5_STUGame/Content/ExternalContent/Animations/TTP_Animations/AimOffsetFwd.uexp" 13
"C:/Users/lev/Documents/Unreal Projects/UE5_STUGame/Content/ExternalContent/Animations/TTP_Animations/AimOffsetLeft.uasset" 14
"C:/Users/lev/Documents/Unreal Projects/UE5_STUGame/Content/ExternalContent/Animations/TTP_Animations/AimOffsetLeft.uexp" 15
"C:/Users/lev/Documents/Unreal Projects/UE5_STUGame/Content/ExternalContent/Animations/TTP_Animations/AimOffsetLeftDown.uasset" 16
"C:/Users/lev/Documents/Unreal Projects/UE5_STUGame/Content/ExternalContent/Animations/TTP_Animations/AimOffsetLeftDown.uexp" 17
"C:/Users/lev/Documents/Unreal Projects/UE5_STUGame/Content/ExternalContent/Animations/TTP_Animations/AimOffsetLeftUp.uasset" 18
"C:/Users/lev/Documents/Unreal Projects/UE5_STUGame/Content/ExternalContent/Animations/TTP_Animations/AimOffsetLeftUp.uexp" 19
"C:/Users/lev/Documents/Unreal Projects/UE5_STUGame/Content/ExternalContent/Animations/TTP_Animations/AimOffsetRight.uasset" 20
"C:/Users/lev/Documents/Unreal Projects/UE5_STUGame/Content/ExternalContent/Animations/TTP_Animations/AimOffsetRight.uexp" 21
"C:/Users/lev/Documents/Unreal Projects/UE5_STUGame/Content/ExternalContent/Animations/TTP_Animations/AimOffsetRightDown.uasset" 22
"C:/Users/lev/Documents/Unreal Projects/UE5_STUGame/Content/ExternalContent/Animations/TTP_Animations/AimOffsetRightDown.uexp" 23
"C:/Users/lev/Documents/Unreal Projects/UE5_STUGame/Content/ExternalContent/Animations/TTP_Animations/AimOffsetRightUp.uasset" 24
"C:/Users/lev/Documents/Unreal Projects/UE5_STUGame/Content/ExternalContent/Animations/TTP_Animations/AimOffsetRightUp.uexp" 25
"C:/Users/lev/Documents/Unreal Projects/UE5_STUGame/Content/ExternalContent/Animations/TTP_Animations/AimOffsetUp.uasset" 26
"C:/Users/lev/Documents/Unreal Projects/UE5_STUGame/Content/ExternalContent/Animations/TTP_Animations/AimOffsetUp.uexp" 27
"C:/Users/lev/Documents/Unreal Projects/UE5_STUGame/Content/ExternalContent/Animations/TTP_Animations/Equip.uasset" 28
"C:/Users/lev/Documents/Unreal Projects/UE5_STUGame/Content/ExternalContent/Animations/TTP_Animations/Equip.uexp" 29
"C:/Users/lev/Documents/Unreal Projects/UE5_STUGame/Content/ExternalContent/Animations/TTP_Animations/Launcher_Reload.uasset" 30
"C:/Users/lev/Documents/Unreal Projects/UE5_STUGame/Content/ExternalContent/Animations/TTP_Animations/Launcher_Reload.uexp" 31
"C:/Users/lev/Documents/Unreal Projects/UE5_STUGame/Content/ExternalContent/Animations/TTP_Animations/Reload.uasset" 32
"C:/Users/lev/Documents/Unreal Projects/UE5_STUGame/Content/ExternalContent/Animations/TTP_Animations/Reload.uexp" 33
"C:/Users/lev/Documents/Unreal Projects/UE5_STUGame/Content/ExternalContent/Sounds/Audio_Settings/Attenuation/Foley.uasset" 34
"C:/Users/lev/Documents/Unreal Projects/UE5_STUGame/Content/ExternalContent/Sounds/Audio_Settings/Attenuation/Foley.uexp" 35
"C:/Users/lev/Documents/Unreal Projects/UE5_STUGame/Content/ExternalContent/Sounds/Audio_Settings/Attenuation/Footsteps.uasset" 36
"C:/Users/lev/Documents/Unreal Projects/UE5_STUGame/Content/ExternalContent/Sounds/Audio_Settings/Attenuation/Footsteps.uexp" 37
"C:/Users/lev/Documents/Unreal Projects/UE5_STUGame/Content/ExternalContent/Sounds/Foley/wav/sw_Foley_JumpLand_Tile_01.uasset" 38
"C:/Users/lev/Documents/Unreal Projects/UE5_STUGame/Content/ExternalContent/Sounds/Foley/wav/sw_Foley_JumpLand_Tile_01.uexp" 39
"C:/Users/lev/Documents/Unreal Projects/UE5_STUGame/Content/ExternalContent/Sounds/Foley/wav/sw_Foley_JumpLand_Tile_02.uasset" 40
"C:/Users/lev/Documents/Unreal Projects/UE5_STUGame/Content/ExternalContent/Sounds/Foley/wav/sw_Foley_JumpLand_Tile_02.uexp" 41
"C:/Users/lev/Documents/Unreal Projects/UE5_STUGame/Content/ExternalContent/Sounds/Foley/wav/sw_Foley_JumpLand_Tile_03.uasset" 42
"C:/Users/lev/Documents/Unreal Projects/UE5_STUGame/Content/ExternalContent/Sounds/Foley/wav/sw_Foley_JumpLand_Tile_03.uexp" 43
"C:/Users/lev/Documents/Unreal Projects/UE5_STUGame/Content/ExternalContent/Sounds/Foley/wav/sw_Foley_Jump_01.uasset" 44
"C:/Users/lev/Documents/Unreal Projects/UE5_STUGame/Content/ExternalContent/Sounds/Foley/wav/sw_Foley_Jump_01.uexp" 45
"C:/Users/lev/Documents/Unreal Projects/UE5_STUGame/Content/ExternalContent/Sounds/Foley/wav/sw_Foley_Jump_02.uasset" 46
"C:/Users/lev/Documents/Unreal Projects/UE5_STUGame/Content/ExternalContent/Sounds/Foley/wav/sw_Foley_Jump_02.uexp" 47
"C:/Users/lev/Documents/Unreal Projects/UE5_STUGame/Content/ExternalContent/Sounds/Foley/wav/sw_Foley_Jump_03.uasset" 48
"C:/Users/lev/Documents/Unreal Projects/UE5_STUGame/Content/ExternalContent/Sounds/Foley/wav/sw_Foley_Jump_03.uexp" 49
"C:/Users/lev/Documents/Unreal Projects/UE5_STUGame/Content/ExternalContent/Sounds/Foley/wav/sw_Foley_Run_01.uasset" 50
"C:/Users/lev/Documents/Unreal Projects/UE5_STUGame/Content/ExternalContent/Sounds/Foley/wav/sw_Foley_Run_01.uexp" 51
"C:/Users/lev/Documents/Unreal Projects/UE5_STUGame/Content/ExternalContent/Sounds/Foley/wav/sw_Foley_Run_02.uasset" 52
"C:/Users/lev/Documents/Unreal Projects/UE5_STUGame/Content/ExternalContent/Sounds/Foley/wav/sw_Foley_Run_02.uexp" 53
"C:/Users/lev/Documents/Unreal Projects/UE5_STUGame/Content/ExternalContent/Sounds/Foley/wav/sw_Foley_Run_03.uasset" 54
"C:/Users/lev/Documents/Unreal Projects/UE5_STUGame/Content/ExternalContent/Sounds/Foley/wav/sw_Foley_Run_03.uexp" 55
"C:/Users/lev/Documents/Unreal Projects/UE5_STUGame/Content/ExternalContent/Sounds/Foley/wav/sw_Foley_Run_04.uasset" 56
"C:/Users/lev/Documents/Unreal Projects/UE5_STUGame/Content/ExternalContent/Sounds/Foley/wav/sw_Foley_Run_04.uexp" 57
"C:/Users/lev/Documents/Unreal Projects/UE5_STUGame/Content/ExternalContent/Sounds/Foley/wav/sw_Foley_Run_05.uasset" 58
"C:/Users/lev/Documents/Unreal Projects/UE5_STUGame/Content/ExternalContent/Sounds/Foley/wav/sw_Foley_Run_05.uexp" 59
"C:/Users/lev/Documents/Unreal Projects/UE5_STUGame/Content/ExternalContent/Sounds/Foley/wav/sw_Foley_Run_06.uasset" 60
"C:/Users/lev/Documents/Unreal Projects/UE5_STUGame/Content/ExternalContent/Sounds/Foley/wav/sw_Foley_Run_06.uexp" 61
"C:/Users/lev/Documents/Unreal Projects/UE5_STUGame/Content/ExternalContent/Sounds/Foley/wav/sw_Foley_Run_07.uasset" 62
"C:/Users/lev/Documents/Unreal Projects/UE5_STUGame/Content/ExternalContent/Sounds/Foley/wav/sw_Foley_Run_07.uexp" 63
"C:/Users/lev/Documents/Unreal Projects/UE5_STUGame/Content/ExternalContent/Sounds/Foley/wav/sw_Foley_Run_08.uasset" 64
"C:/Users/lev/Documents/Unreal Projects/UE5_STUGame/Content/ExternalContent/Sounds/Foley/wav/sw_Foley_Run_08.uexp" 65
"C:/Users/lev/Documents/Unreal Projects/UE5_STUGame/Content/ExternalContent/Sounds/Foley/wav/sw_Foley_Run_09.uasset" 66
"C:/Users/lev/Documents/Unreal Projects/UE5_STUGame/Content/ExternalContent/Sounds/Foley/wav/sw_Foley_Run_09.uexp" 67
"C:/Users/lev/Documents/Unreal Projects/UE5_STUGame/Content/ExternalContent/Sounds/Foley/wav/sw_Foley_Run_10.uasset" 68
"C:/Users/lev/Documents/Unreal Projects/UE5_STUGame/Content/ExternalContent/Sounds/Foley/wav/sw_Foley_Run_10.uexp" 69
"C:/Users/lev/Documents/Unreal Projects/UE5_STUGame/Content/ExternalContent/Sounds/Footsteps/wav/sw_FS_Tile_01.uasset" 70
"C:/Users/lev/Documents/Unreal Projects/UE5_STUGame/Content/ExternalContent/Sounds/Footsteps/wav/sw_FS_Tile_01.uexp" 71
"C:/Users/lev/Documents/Unreal Projects/UE5_STUGame/Content/ExternalContent/Sounds/Footsteps/wav/sw_FS_Tile_02.uasset" 72
"C:/Users/lev/Documents/Unreal Projects/UE5_STUGame/Content/ExternalContent/Sounds/Footsteps/wav/sw_FS_Tile_02.uexp" 73
"C:/Users/lev/Documents/Unreal Projects/UE5_STUGame/Content/ExternalContent/Sounds/Footsteps/wav/sw_FS_Tile_03.uasset" 74
"C:/Users/lev/Documents/Unreal Projects/UE5_STUGame/Content/ExternalContent/Sounds/Footsteps/wav/sw_FS_Tile_03.uexp" 75
"C:/Users/lev/Documents/Unreal Projects/UE5_STUGame/Content/ExternalContent/Sounds/Footsteps/wav/sw_FS_Tile_04.uasset" 76
"C:/Users/lev/Documents/Unreal Projects/UE5_STUGame/Content/ExternalContent/Sounds/Footsteps/wav/sw_FS_Tile_04.uexp" 77
"C:/Users/lev/Documents/Unreal Projects/UE5_STUGame/Content/ExternalContent/Sounds/Footsteps/wav/sw_FS_Tile_05.uasset" 78
"C:/Users/lev/Documents/Unreal Projects/UE5_STUGame/Content/ExternalContent/Sounds/Footsteps/wav/sw_FS_Tile_05.uexp" 79
"C:/Users/lev/Documents/Unreal Projects/UE5_STUGame/Content/ExternalContent/Sounds/Footsteps/wav/sw_FS_Tile_06.uasset" 80
"C:/Users/lev/Documents/Unreal Projects/UE5_STUGame/Content/ExternalContent/Sounds/Footsteps/wav/sw_FS_Tile_06.uexp" 81
"C:/Users/lev/Documents/Unreal Projects/UE5_STUGame/Content/ExternalContent/Sounds/Footsteps/wav/sw_FS_Tile_07.uasset" 82
"C:/Users/lev/Documents/Unreal Projects/UE5_STUGame/Content/ExternalContent/Sounds/Footsteps/wav/sw_FS_Tile_07.uexp" 83
"C:/Users/lev/Documents/Unreal Projects/UE5_STUGame/Content/ExternalContent/Sounds/Footsteps/wav/sw_FS_Tile_08.uasset" 84
"C:/Users/lev/Documents/Unreal Projects/UE5_STUGame/Content/ExternalContent/Sounds/Footsteps/wav/sw_FS_Tile_08.uexp" 85
"C:/Users/lev/Documents/Unreal Projects/UE5_STUGame/Content/ExternalContent/Sounds/Footsteps/wav/sw_FS_Tile_09.uasset" 86
"C:/Users/lev/Documents/Unreal Projects/UE5_STUGame/Content/ExternalContent/Sounds/Footsteps/wav/sw_FS_Tile_09.uexp" 87
"C:/Users/lev/Documents/Unreal Projects/UE5_STUGame/Content/ExternalContent/Sounds/Footsteps/wav/sw_FS_Tile_10.uasset" 88
"C:/Users/lev/Documents/Unreal Projects/UE5_STUGame/Content/ExternalContent/Sounds/Footsteps/wav/sw_FS_Tile_10.uexp" 89
"C:/Users/lev/Documents/Unreal Projects/UE5_STUGame/Content/ExternalContent/Sounds/Weapons/AssultRifle/wav/sw_Wep_AR_Equip_01.uasset" 90
"C:/Users/lev/Documents/Unreal Projects/UE5_STUGame/Content/ExternalContent/Sounds/Weapons/AssultRifle/wav/sw_Wep_AR_Equip_01.uexp" 91
"C:/Users/lev/Documents/Unreal Projects/UE5_STUGame/Content/ExternalContent/Sounds/Weapons/AssultRifle/wav/sw_Wep_AR_Equip_02.uasset" 92
"C:/Users/lev/Documents/Unreal Projects/UE5_STUGame/Content/ExternalContent/Sounds/Weapons/AssultRifle/wav/sw_Wep_AR_Equip_02.uexp" 93
"C:/Users/lev/Documents/Unreal Projects/UE5_STUGame/Content/ExternalContent/Sounds/Weapons/AssultRifle/wav/sw_Wep_AR_Equip_03.uasset" 94
"C:/Users/lev/Documents/Unreal Projects/UE5_STUGame/Content/ExternalContent/Sounds/Weapons/AssultRifle/wav/sw_Wep_AR_Equip_03.uexp" 95
"C:/Users/lev/Documents/Unreal Projects/UE5_STUGame/Content/ExternalContent/Sounds/Weapons/AssultRifle/wav/sw_Wep_Reload_AR.uasset" 96
"C:/Users/lev/Documents/Unreal Projects/UE5_STUGame/Content/ExternalContent/Sounds/Weapons/AssultRifle/wav/sw_Wep_Reload_AR.uexp" 97
"C:/Users/lev/Documents/Unreal Projects/UE5_STUGame/Content/ExternalContent/Sounds/Weapons/GrenadeLauncher/wav/sw_Wep_Reload_Launcher_End.uasset" 98
"C:/Users/lev/Documents/Unreal Projects/UE5_STUGame/Content/ExternalContent/Sounds/Weapons/GrenadeLauncher/wav/sw_Wep_Reload_Launcher_End.uexp" 99
"C:/Users/lev/Documents/Unreal Projects/UE5_STUGame/Content/ExternalContent/Sounds/Weapons/GrenadeLauncher/wav/sw_Wep_Reload_Launcher_Start.uasset" 100
"C:/Users/lev/Documents/Unreal Projects/UE5_STUGame/Content/ExternalContent/Sounds/Weapons/GrenadeLauncher/wav/sw_Wep_Reload_Launcher_Start.uexp" 101
"C:/Users/lev/Documents/Unreal Projects/UE5_STUGame/Content/ExternalContent/Weapons/MaterialLayers/T_Metal_Metal02_D.uasset" 102
"C:/Users/lev/Documents/Unreal Projects/UE5_STUGame/Content/ExternalContent/Weapons/MaterialLayers/T_Metal_Metal02_D.uexp" 103
"C:/Users/lev/Documents/Unreal Projects/UE5_STUGame/Content/ExternalContent/Weapons/MaterialLayers/T_Metal_Metal02_D.ubulk" 104
"C:/Users/lev/Documents/Unreal Projects/UE5_STUGame/Content/ExternalContent/Weapons/MaterialLayers/T_PaintedMetal01_N.uasset" 105
"C:/Users/lev/Documents/Unreal Projects/UE5_STUGame/Content/ExternalContent/Weapons/MaterialLayers/T_PaintedMetal01_N.uexp" 106
"C:/Users/lev/Documents/Unreal Projects/UE5_STUGame/Content/ExternalContent/Weapons/MaterialLayers/T_PaintedMetal01_N.ubulk" 107
"C:/Users/lev/Documents/Unreal Projects/UE5_STUGame/Content/ExternalContent/Weapons/MaterialLayers/T_PaintedMetal02.uasset" 108
"C:/Users/lev/Documents/Unreal Projects/UE5_STUGame/Content/ExternalContent/Weapons/MaterialLayers/T_PaintedMetal02.uexp" 109
"C:/Users/lev/Documents/Unreal Projects/UE5_STUGame/Content/ExternalContent/Weapons/MaterialLayers/T_PaintedMetal02.ubulk" 110
"../../../Engine/Content/Functions/Engine_MaterialFunctions02/Utility/BlendAngleCorrectedNormals.uasset" 111
"../../../Engine/Content/Functions/Engine_MaterialFunctions02/Utility/BlendAngleCorrectedNormals.uexp" 112
"../../../Engine/Content/Functions/MaterialLayerFunctions/MatLayerBlend_BakedNormal.uasset" 113
"../../../Engine/Content/Functions/MaterialLayerFunctions/MatLayerBlend_BakedNormal.uexp" 114
"../../../Engine/Content/Functions/MaterialLayerFunctions/MatLayerBlend_Standard.uasset" 115
"../../../Engine/Content/Functions/MaterialLayerFunctions/MatLayerBlend_Standard.uexp" 116
"../../../Engine/Content/Functions/MaterialLayerFunctions/MatLayerBlend_TintAllChannels.uasset" 117
"../../../Engine/Content/Functions/MaterialLayerFunctions/MatLayerBlend_TintAllChannels.uexp" 118
"C:/Users/lev/Documents/Unreal Projects/UE5_STUGame/Content/ExternalContent/Weapons/MaterialLayers/ML_BoltMetal.uasset" 119
"C:/Users/lev/Documents/Unreal Projects/UE5_STUGame/Content/ExternalContent/Weapons/MaterialLayers/ML_BoltMetal.uexp" 120
"C:/Users/lev/Documents/Unreal Projects/UE5_STUGame/Content/ExternalContent/Weapons/MaterialLayers/ML_Metal_Gray.uasset" 121
"C:/Users/lev/Documents/Unreal Projects/UE5_STUGame/Content/ExternalContent/Weapons/MaterialLayers/ML_Metal_Gray.uexp" 122
"../../../Engine/Content/Functions/Engine_MaterialFunctions01/Texturing/FlattenNormal.uasset" 123
"../../../Engine/Content/Functions/Engine_MaterialFunctions01/Texturing/FlattenNormal.uexp" 124
"C:/Users/lev/Documents/Unreal Projects/UE5_STUGame/Content/ExternalContent/Weapons/MaterialLayers/ML_Paint.uasset" 125
"C:/Users/lev/Documents/Unreal Projects/UE5_STUGame/Content/ExternalContent/Weapons/MaterialLayers/ML_Paint.uexp" 126
"../../../Engine/Content/Functions/MaterialLayerFunctions/MatLayerBlend_Emissive.uasset" 127
"../../../Engine/Content/Functions/MaterialLayerFunctions/MatLayerBlend_Emissive.uexp" 128
"../../../Engine/Content/Functions/MaterialLayerFunctions/MatLayerBlend_RoughnessOverride.uasset" 129
"../../../Engine/Content/Functions/MaterialLayerFunctions/MatLayerBlend_RoughnessOverride.uexp" 130
"C:/Users/lev/Documents/Unreal Projects/UE5_STUGame/Content/ExternalContent/Weapons/Textures/Launcher_01_N.uasset" 131
"C:/Users/lev/Documents/Unreal Projects/UE5_STUGame/Content/ExternalContent/Weapons/Textures/Launcher_01_N.uexp" 132
"C:/Users/lev/Documents/Unreal Projects/UE5_STUGame/Content/ExternalContent/Weapons/Textures/Launcher_01_N.ubulk" 133
"C:/Users/lev/Documents/Unreal Projects/UE5_STUGame/Content/ExternalContent/Weapons/Textures/LauncherT1_section.uasset" 134
"C:/Users/lev/Documents/Unreal Projects/UE5_STUGame/Content/ExternalContent/Weapons/Textures/LauncherT1_section.uexp" 135
"C:/Users/lev/Documents/Unreal Projects/UE5_STUGame/Content/ExternalContent/Weapons/Textures/LauncherT1_section.ubulk" 136
"C:/Users/lev/Documents/Unreal Projects/UE5_STUGame/Content/ExternalContent/Weapons/Textures/LauncherT1_shade.uasset" 137
"C:/Users/lev/Documents/Unreal Projects/UE5_STUGame/Content/ExternalContent/Weapons/Textures/LauncherT1_shade.uexp" 138
"C:/Users/lev/Documents/Unreal Projects/UE5_STUGame/Content/ExternalContent/Weapons/Textures/LauncherT1_shade.ubulk" 139
"C:/Users/lev/Documents/Unreal Projects/UE5_STUGame/Content/ExternalContent/Weapons/Materials/Launcher_MatA.uasset" 140
"C:/Users/lev/Documents/Unreal Projects/UE5_STUGame/Content/ExternalContent/Weapons/Materials/Launcher_MatA.uexp" 141
"C:/Users/lev/Documents/Unreal Projects/UE5_STUGame/Content/ExternalContent/Weapons/Materials/Launcher_MatA_Inst.uasset" 142
"C:/Users/lev/Documents/Unreal Projects/UE5_STUGame/Content/ExternalContent/Weapons/Materials/Launcher_MatA_Inst.uexp" 143
"C:/Users/lev/Documents/Unreal Projects/UE5_STUGame/Content/ExternalContent/Weapons/MaterialLayers/T_ExampleLayers_Metal02_N.uasset" 144
"C:/Users/lev/Documents/Unreal Projects/UE5_STUGame/Content/ExternalContent/Weapons/MaterialLayers/T_ExampleLayers_Metal02_N.uexp" 145
"C:/Users/lev/Documents/Unreal Projects/UE5_STUGame/Content/ExternalContent/Weapons/MaterialLayers/T_ExampleLayers_Metal02_N.ubulk" 146
"C:/Users/lev/Documents/Unreal Projects/UE5_STUGame/Content/ExternalContent/Characters/Textures/Chr_FPS_Metal_02.uasset" 147
"C:/Users/lev/Documents/Unreal Projects/UE5_STUGame/Content/ExternalContent/Characters/Textures/Chr_FPS_Metal_02.uexp" 148
"C:/Users/lev/Documents/Unreal Projects/UE5_STUGame/Content/ExternalContent/Characters/Textures/Chr_FPS_Metal_02.ubulk" 149
"C:/Users/lev/Documents/Unreal Projects/UE5_STUGame/Content/ExternalContent/Weapons/MaterialLayers/T_Rubber.uasset" 150
"C:/Users/lev/Documents/Unreal Projects/UE5_STUGame/Content/ExternalContent/Weapons/MaterialLayers/T_Rubber.uexp" 151
"C:/Users/lev/Documents/Unreal Projects/UE5_STUGame/Content/ExternalContent/Weapons/MaterialLayers/T_Rubber.ubulk" 152
"C:/Users/lev/Documents/Unreal Projects/UE5_STUGame/Content/ExternalContent/Weapons/MaterialLayers/ML_Metal_Copper.uasset" 153
"C:/Users/lev/Documents/Unreal Projects/UE5_STUGame/Content/ExternalContent/Weapons/MaterialLayers/ML_Metal_Copper.uexp" 154
"C:/Users/lev/Documents/Unreal Projects/UE5_STUGame/Content/ExternalContent/Weapons/MaterialLayers/ML_Rubber.uasset" 155
"C:/Users/lev/Documents/Unreal Projects/UE5_STUGame/Content/ExternalContent/Weapons/MaterialLayers/ML_Rubber.uexp" 156
"../../../Engine/Content/Functions/MaterialLayerFunctions/MatLayerBlend_Decal.uasset" 157
"../../../Engine/Content/Functions/MaterialLayerFunctions/MatLayerBlend_Decal.uexp" 158
"C:/Users/lev/Documents/Unreal Projects/UE5_STUGame/Content/ExternalContent/Weapons/Textures/Launcher_02_N.uasset" 159
"C:/Users/lev/Documents/Unreal Projects/UE5_STUGame/Content/ExternalContent/Weapons/Textures/Launcher_02_N.uexp" 160
"C:/Users/lev/Documents/Unreal Projects/UE5_STUGame/Content/ExternalContent/Weapons/Textures/Launcher_02_N.ubulk" 161
"C:/Users/lev/Documents/Unreal Projects/UE5_STUGame/Content/ExternalContent/Weapons/Textures/LauncherT2_section.uasset" 162
"C:/Users/lev/Documents/Unreal Projects/UE5_STUGame/Content/ExternalContent/Weapons/Textures/LauncherT2_section.uexp" 163
"C:/Users/lev/Documents/Unreal Projects/UE5_STUGame/Content/ExternalContent/Weapons/Textures/LauncherT2_section.ubulk" 164
"C:/Users/lev/Documents/Unreal Projects/UE5_STUGame/Content/ExternalContent/Weapons/Textures/LauncherT2_shade.uasset" 165
"C:/Users/lev/Documents/Unreal Projects/UE5_STUGame/Content/ExternalContent/Weapons/Textures/LauncherT2_shade.uexp" 166
"C:/Users/lev/Documents/Unreal Projects/UE5_STUGame/Content/ExternalContent/Weapons/Textures/LauncherT2_shade.ubulk" 167
"C:/Users/lev/Documents/Unreal Projects/UE5_STUGame/Content/ExternalContent/Weapons/Textures/MagGun_Decals.uasset" 168
"C:/Users/lev/Documents/Unreal Projects/UE5_STUGame/Content/ExternalContent/Weapons/Textures/MagGun_Decals.uexp" 169
"C:/Users/lev/Documents/Unreal Projects/UE5_STUGame/Content/ExternalContent/Weapons/Textures/MagGun_Decals.ubulk" 170
"C:/Users/lev/Documents/Unreal Projects/UE5_STUGame/Content/ExternalContent/Weapons/Materials/Launcher_MatB.uasset" 171
"C:/Users/lev/Documents/Unreal Projects/UE5_STUGame/Content/ExternalContent/Weapons/Materials/Launcher_MatB.uexp" 172
"C:/Users/lev/Documents/Unreal Projects/UE5_STUGame/Content/ExternalContent/Weapons/Materials/Launcher_MatB_Inst.uasset" 173
"C:/Users/lev/Documents/Unreal Projects/UE5_STUGame/Content/ExternalContent/Weapons/Materials/Launcher_MatB_Inst.uexp" 174
"C:/Users/lev/Documents/Unreal Projects/UE5_STUGame/Content/ExternalContent/Weapons/Launcher_Skeleton.uasset" 175
"C:/Users/lev/Documents/Unreal Projects/UE5_STUGame/Content/ExternalContent/Weapons/Launcher_Skeleton.uexp" 176
"C:/Users/lev/Documents/Unreal Projects/UE5_STUGame/Content/ExternalContent/Weapons/Launcher.uasset" 177
"C:/Users/lev/Documents/Unreal Projects/UE5_STUGame/Content/ExternalContent/Weapons/Launcher.uexp" 178
"C:/Users/lev/Documents/Unreal Projects/UE5_STUGame/Content/ExternalContent/Weapons/Textures/MagGun_01_N.uasset" 179
"C:/Users/lev/Documents/Unreal Projects/UE5_STUGame/Content/ExternalContent/Weapons/Textures/MagGun_01_N.uexp" 180
"C:/Users/lev/Documents/Unreal Projects/UE5_STUGame/Content/ExternalContent/Weapons/Textures/MagGun_01_N.ubulk" 181
"C:/Users/lev/Documents/Unreal Projects/UE5_STUGame/Content/ExternalContent/Weapons/Textures/MagGunT1_section.uasset" 182
"C:/Users/lev/Documents/Unreal Projects/UE5_STUGame/Content/ExternalContent/Weapons/Textures/MagGunT1_section.uexp" 183
"C:/Users/lev/Documents/Unreal Projects/UE5_STUGame/Content/ExternalContent/Weapons/Textures/MagGunT1_section.ubulk" 184
"C:/Users/lev/Documents/Unreal Projects/UE5_STUGame/Content/ExternalContent/Weapons/Textures/MagGunT1_shade.uasset" 185
"C:/Users/lev/Documents/Unreal Projects/UE5_STUGame/Content/ExternalContent/Weapons/Textures/MagGunT1_shade.uexp" 186
"C:/Users/lev/Documents/Unreal Projects/UE5_STUGame/Content/ExternalContent/Weapons/Textures/MagGunT1_shade.ubulk" 187
"C:/Users/lev/Documents/Unreal Projects/UE5_STUGame/Content/ExternalContent/Weapons/Materials/MagGun_MatA.uasset" 188
"C:/Users/lev/Documents/Unreal Projects/UE5_STUGame/Content/ExternalContent/Weapons/Materials/MagGun_MatA.uexp" 189
"C:/Users/lev/Documents/Unreal Projects/UE5_STUGame/Content/ExternalContent/Weapons/Materials/MagGun_MatA_Inst3.uasset" 190
"C:/Users/lev/Documents/Unreal Projects/UE5_STUGame/Content/ExternalContent/Weapons/Materials/MagGun_MatA_Inst3.uexp" 191
"C:/Users/lev/Documents/Unreal Projects/UE5_STUGame/Content/ExternalContent/Weapons/Textures/MagGunT2_shade.uasset" 192
"C:/Users/lev/Documents/Unreal Projects/UE5_STUGame/Content/ExternalContent/Weapons/Textures/MagGunT2_shade.uexp" 193
"C:/Users/lev/Documents/Unreal Projects/UE5_STUGame/Content/ExternalContent/Weapons/Textures/MagGunT2_shade.ubulk" 194
"C:/Users/lev/Documents/Unreal Projects/UE5_STUGame/Content/ExternalContent/Weapons/Textures/MagGun_02_N.uasset" 195
"C:/Users/lev/Documents/Unreal Projects/UE5_STUGame/Content/ExternalContent/Weapons/Textures/MagGun_02_N.uexp" 196
"C:/Users/lev/Documents/Unreal Projects/UE5_STUGame/Content/ExternalContent/Weapons/Textures/MagGun_02_N.ubulk" 197
"C:/Users/lev/Documents/Unreal Projects/UE5_STUGame/Content/ExternalContent/Weapons/Textures/MagGun_Display_EM.uasset" 198
"C:/Users/lev/Documents/Unreal Projects/UE5_STUGame/Content/ExternalContent/Weapons/Textures/MagGun_Display_EM.uexp" 199
"C:/Users/lev/Documents/Unreal Projects/UE5_STUGame/Content/ExternalContent/Weapons/Textures/MagGun_Display_EM.ubulk" 200
"C:/Users/lev/Documents/Unreal Projects/UE5_STUGame/Content/ExternalContent/Weapons/Textures/MagGunT2_section.uasset" 201
"C:/Users/lev/Documents/Unreal Projects/UE5_STUGame/Content/ExternalContent/Weapons/Textures/MagGunT2_section.uexp" 202
"C:/Users/lev/Documents/Unreal Projects/UE5_STUGame/Content/ExternalContent/Weapons/Textures/MagGunT2_section.ubulk" 203
"C:/Users/lev/Documents/Unreal Projects/UE5_STUGame/Content/ExternalContent/Weapons/Materials/MagGun_MatB.uasset" 204
"C:/Users/lev/Documents/Unreal Projects/UE5_STUGame/Content/ExternalContent/Weapons/Materials/MagGun_MatB.uexp" 205
"C:/Users/lev/Documents/Unreal Projects/UE5_STUGame/Content/ExternalContent/Weapons/Materials/MagGun_MatB_Inst2.uasset" 206
"C:/Users/lev/Documents/Unreal Projects/UE5_STUGame/Content/ExternalContent/Weapons/Materials/MagGun_MatB_Inst2.uexp" 207
"C:/Users/lev/Documents/Unreal Projects/UE5_STUGame/Content/ExternalContent/Environment/Textures/holo_layer_1_5.uasset" 208
"C:/Users/lev/Documents/Unreal Projects/UE5_STUGame/Content/ExternalContent/Environment/Textures/holo_layer_1_5.uexp" 209
"C:/Users/lev/Documents/Unreal Projects/UE5_STUGame/Content/ExternalContent/Environment/Textures/holo_layer_1_5.ubulk" 210
"C:/Users/lev/Documents/Unreal Projects/UE5_STUGame/Content/ExternalContent/Weapons/Textures/SightLens_maskA.uasset" 211
"C:/Users/lev/Documents/Unreal Projects/UE5_STUGame/Content/ExternalContent/Weapons/Textures/SightLens_maskA.uexp" 212
"C:/Users/lev/Documents/Unreal Projects/UE5_STUGame/Content/ExternalContent/Weapons/Textures/SightLens_maskA.ubulk" 213
"C:/Users/lev/Documents/Unreal Projects/UE5_STUGame/Content/ExternalContent/Weapons/Textures/SightLens_maskB.uasset" 214
"C:/Users/lev/Documents/Unreal Projects/UE5_STUGame/Content/ExternalContent/Weapons/Textures/SightLens_maskB.uexp" 215
"C:/Users/lev/Documents/Unreal Projects/UE5_STUGame/Content/ExternalContent/Weapons/Textures/SightLens_maskB.ubulk" 216
"C:/Users/lev/Documents/Unreal Projects/UE5_STUGame/Content/ExternalContent/Weapons/Materials/MagGun_SightLens_Mat.uasset" 217
"C:/Users/lev/Documents/Unreal Projects/UE5_STUGame/Content/ExternalContent/Weapons/Materials/MagGun_SightLens_Mat.uexp" 218
"C:/Users/lev/Documents/Unreal Projects/UE5_STUGame/Content/ExternalContent/Weapons/Materials/MagGun_SightLens_Mat_Inst.uasset" 219
"C:/Users/lev/Documents/Unreal Projects/UE5_STUGame/Content/ExternalContent/Weapons/Materials/MagGun_SightLens_Mat_Inst.uexp" 220
"C:/Users/lev/Documents/Unreal Projects/UE5_STUGame/Content/ExternalContent/Weapons/Rifle_Skeleton.uasset" 221
"C:/Users/lev/Documents/Unreal Projects/UE5_STUGame/Content/ExternalContent/Weapons/Rifle_Skeleton.uexp" 222
"C:/Users/lev/Documents/Unreal Projects/UE5_STUGame/Content/ExternalContent/Weapons/Rifle.uasset" 223
"C:/Users/lev/Documents/Unreal Projects/UE5_STUGame/Content/ExternalContent/Weapons/Rifle.uexp" 224
"../../../Engine/Plugins/Bridge/Content/MSPresets/MSTextures/Placeholder_Normal.uasset" 225
"../../../Engine/Plugins/Bridge/Content/MSPresets/MSTextures/Placeholder_Normal.uexp" 226
"../../../Engine/Plugins/Bridge/Content/MSPresets/MSTextures/WhitePlaceholder.uasset" 227
"../../../Engine/Plugins/Bridge/Content/MSPresets/MSTextures/WhitePlaceholder.uexp" 228
"../../../Engine/Content/EngineMaterials/DefaultDiffuse.uasset" 229
"../../../Engine/Content/EngineMaterials/DefaultDiffuse.uexp" 230
"../../../Engine/Content/EngineMaterials/DefaultDiffuse.ubulk" 231
"../../../Engine/Plugins/Bridge/Content/MSPresets/MSTextures/BlackPlaceholder.uasset" 232
"../../../Engine/Plugins/Bridge/Content/MSPresets/MSTextures/BlackPlaceholder.uexp" 233
"../../../Engine/Plugins/Bridge/Content/MSPresets/M_MS_Default_Fuzz_Material/Functions/MF_Fuzz.uasset" 234
"../../../Engine/Plugins/Bridge/Content/MSPresets/M_MS_Default_Fuzz_Material/Functions/MF_Fuzz.uexp" 235
"../../../Engine/Content/Functions/Engine_MaterialFunctions02/Texturing/CustomRotator.uasset" 236
"../../../Engine/Content/Functions/Engine_MaterialFunctions02/Texturing/CustomRotator.uexp" 237
"../../../Engine/Plugins/Bridge/Content/MSPresets/M_MS_Default_Fuzz_Material/Functions/MF_Tiling.uasset" 238
"../../../Engine/Plugins/Bridge/Content/MSPresets/M_MS_Default_Fuzz_Material/Functions/MF_Tiling.uexp" 239
"../../../Engine/Content/EngineResources/Black.uasset" 240
"../../../Engine/Content/EngineResources/Black.uexp" 241
"../../../Engine/Plugins/Bridge/Content/MSPresets/M_MS_Default_Material/Functions/MF_Transmission.uasset" 242
"../../../Engine/Plugins/Bridge/Content/MSPresets/M_MS_Default_Material/Functions/MF_Transmission.uexp" 243
"../../../Engine/Plugins/Bridge/Content/MSPresets/M_MS_Default_Material/Functions/MF_MapAdjustments.uasset" 244
"../../../Engine/Plugins/Bridge/Content/MSPresets/M_MS_Default_Material/Functions/MF_MapAdjustments.uexp" 245
"C:/Users/lev/Documents/Unreal Projects/UE5_STUGame/Content/MSPresets/M_MS_Default_Fuzz_Material/M_MS_Default_Fuzz_Material.uasset" 246
"C:/Users/lev/Documents/Unreal Projects/UE5_STUGame/Content/MSPresets/M_MS_Default_Fuzz_Material/M_MS_Default_Fuzz_Material.uexp" 247
"C:/Users/lev/Documents/Unreal Projects/UE5_STUGame/Content/Megascans/3D_Assets/Japanese_Stone_Wall_ud0sdajfa/T_Japanese_Stone_Wall_ud0sdajfa_2K_D.uasset" 248
"C:/Users/lev/Documents/Unreal Projects/UE5_STUGame/Content/Megascans/3D_Assets/Japanese_Stone_Wall_ud0sdajfa/T_Japanese_Stone_Wall_ud0sdajfa_2K_D.uexp" 249
"C:/Users/lev/Documents/Unreal Projects/UE5_STUGame/Content/Megascans/3D_Assets/Japanese_Stone_Wall_ud0sdajfa/T_Japanese_Stone_Wall_ud0sdajfa_2K_D.ubulk" 250
"C:/Users/lev/Documents/Unreal Projects/UE5_STUGame/Content/Megascans/3D_Assets/Japanese_Stone_Wall_ud0sdajfa/T_Japanese_Stone_Wall_ud0sdajfa_2K_N.uasset" 251
"C:/Users/lev/Documents/Unreal Projects/UE5_STUGame/Content/Megascans/3D_Assets/Japanese_Stone_Wall_ud0sdajfa/T_Japanese_Stone_Wall_ud0sdajfa_2K_N.uexp" 252
"C:/Users/lev/Documents/Unreal Projects/UE5_STUGame/Content/Megascans/3D_Assets/Japanese_Stone_Wall_ud0sdajfa/T_Japanese_Stone_Wall_ud0sdajfa_2K_N.ubulk" 253
"C:/Users/lev/Documents/Unreal Projects/UE5_STUGame/Content/Megascans/3D_Assets/Japanese_Stone_Wall_ud0sdajfa/T_JapaneseStoneWall_ud0sdajfa_2K_DpRF.uasset" 254
"C:/Users/lev/Documents/Unreal Projects/UE5_STUGame/Content/Megascans/3D_Assets/Japanese_Stone_Wall_ud0sdajfa/T_JapaneseStoneWall_ud0sdajfa_2K_DpRF.uexp" 255
"C:/Users/lev/Documents/Unreal Projects/UE5_STUGame/Content/Megascans/3D_Assets/Japanese_Stone_Wall_ud0sdajfa/T_JapaneseStoneWall_ud0sdajfa_2K_DpRF.ubulk" 256
"C:/Users/lev/Documents/Unreal Projects/UE5_STUGame/Content/Megascans/3D_Assets/Japanese_Stone_Wall_ud0sdajfa/MI_Japanese_Stone_Wall_ud0sdajfa_2K.uasset" 257
"C:/Users/lev/Documents/Unreal Projects/UE5_STUGame/Content/Megascans/3D_Assets/Japanese_Stone_Wall_ud0sdajfa/MI_Japanese_Stone_Wall_ud0sdajfa_2K.uexp" 258
"C:/Users/lev/Documents/Unreal Projects/UE5_STUGame/Content/Megascans/3D_Assets/Japanese_Stone_Wall_ud0sdajfa/S_Japanese_Stone_Wall_ud0sdajfa_lod3_Var1.uasset" 259
"C:/Users/lev/Documents/Unreal Projects/UE5_STUGame/Content/Megascans/3D_Assets/Japanese_Stone_Wall_ud0sdajfa/S_Japanese_Stone_Wall_ud0sdajfa_lod3_Var1.uexp" 260
"C:/Users/lev/Documents/Unreal Projects/UE5_STUGame/Content/Megascans/3D_Assets/Japanese_Stone_Wall_ud0sdajfa/S_Japanese_Stone_Wall_ud0sdajfa_lod3_Var1.ubulk" 261
"C:/Users/lev/Documents/Unreal Projects/UE5_STUGame/Content/MSPresets/MSTextures/BlackPlaceholder.uasset" 262
"C:/Users/lev/Documents/Unreal Projects/UE5_STUGame/Content/MSPresets/MSTextures/BlackPlaceholder.uexp" 263
"C:/Users/lev/Documents/Unreal Projects/UE5_STUGame/Content/MSPresets/MSTextures/Placeholder.uasset" 264
"C:/Users/lev/Documents/Unreal Projects/UE5_STUGame/Content/MSPresets/MSTextures/Placeholder.uexp" 265
"C:/Users/lev/Documents/Unreal Projects/UE5_STUGame/Content/MSPresets/MSTextures/Placeholder_Normal.uasset" 266
"C:/Users/lev/Documents/Unreal Projects/UE5_STUGame/Content/MSPresets/MSTextures/Placeholder_Normal.uexp" 267
"C:/Users/lev/Documents/Unreal Projects/UE5_STUGame/Content/MSPresets/MSTextures/WhitePlaceholder.uasset" 268
"C:/Users/lev/Documents/Unreal Projects/UE5_STUGame/Content/MSPresets/MSTextures/WhitePlaceholder.uexp" 269
"../../../Engine/Plugins/Bridge/Content/MSPresets/M_MS_Foliage_Material/Functions/MF_Translucency.uasset" 270
"../../../Engine/Plugins/Bridge/Content/MSPresets/M_MS_Foliage_Material/Functions/MF_Translucency.uexp" 271
"../../../Engine/Content/Functions/Engine_MaterialFunctions02/Utility/VectorToRadialValue.uasset" 272
"../../../Engine/Content/Functions/Engine_MaterialFunctions02/Utility/VectorToRadialValue.uexp" 273
"../../../Engine/Content/ArtTools/RenderToTexture/MaterialFunctions/FoliageZRotation.uasset" 274
"../../../Engine/Content/ArtTools/RenderToTexture/MaterialFunctions/FoliageZRotation.uexp" 275
"../../../Engine/Content/Functions/Engine_MaterialFunctions01/SpeedTree/SpeedTreeColorVariation.uasset" 276
"../../../Engine/Content/Functions/Engine_MaterialFunctions01/SpeedTree/SpeedTreeColorVariation.uexp" 277
"../../../Engine/Content/Functions/Engine_MaterialFunctions01/WorldPositionOffset/SimpleGrassWind.uasset" 278
"../../../Engine/Content/Functions/Engine_MaterialFunctions01/WorldPositionOffset/SimpleGrassWind.uexp" 279
"../../../Engine/Content/Functions/Engine_MaterialFunctions02/Utility/BreakOutFloat3Components.uasset" 280
"../../../Engine/Content/Functions/Engine_MaterialFunctions02/Utility/BreakOutFloat3Components.uexp" 281
"../../../Engine/Content/Functions/Engine_MaterialFunctions02/Math/Transform3x3Matrix.uasset" 282
"../../../Engine/Content/Functions/Engine_MaterialFunctions02/Math/Transform3x3Matrix.uexp" 283
"../../../Engine/Content/Functions/Engine_MaterialFunctions02/WorldPositionOffset/ObjectPivotPoint.uasset" 284
"../../../Engine/Content/Functions/Engine_MaterialFunctions02/WorldPositionOffset/ObjectPivotPoint.uexp" 285
"../../../Engine/Content/EngineMaterials/BlendFunc_DefBase.uasset" 286
"../../../Engine/Content/EngineMaterials/BlendFunc_DefBase.uexp" 287
"../../../Engine/Content/EngineMaterials/BlendFunc_DefBlend.uasset" 288
"../../../Engine/Content/EngineMaterials/BlendFunc_DefBlend.uexp" 289
"../../../Engine/Content/Functions/Engine_MaterialFunctions03/Blends/Blend_Overlay.uasset" 290
"../../../Engine/Content/Functions/Engine_MaterialFunctions03/Blends/Blend_Overlay.uexp" 291
"C:/Users/lev/Documents/Unreal Projects/UE5_STUGame/Content/MSPresets/M_MS_Billboard_Material/M_MS_Billboard_Material.uasset" 292
"C:/Users/lev/Documents/Unreal Projects/UE5_STUGame/Content/MSPresets/M_MS_Billboard_Material/M_MS_Billboard_Material.uexp" 293
"../../../Engine/Content/Functions/Engine_MaterialFunctions02/Math/InverseTransformMatrix.uasset" 294
"../../../Engine/Content/Functions/Engine_MaterialFunctions02/Math/InverseTransformMatrix.uexp" 295
"../../../Engine/Content/Functions/Engine_MaterialFunctions02/SafeNormalize.uasset" 296
"../../../Engine/Content/Functions/Engine_MaterialFunctions02/SafeNormalize.uexp" 297
"../../../Engine/Content/Functions/Engine_MaterialFunctions02/Math/CreateThirdOrthogonalVector.uasset" 298
"../../../Engine/Content/Functions/Engine_MaterialFunctions02/Math/CreateThirdOrthogonalVector.uexp" 299
"../../../Engine/Content/Functions/Engine_MaterialFunctions02/Math/TransformToZVector.uasset" 300
"../../../Engine/Content/Functions/Engine_MaterialFunctions02/Math/TransformToZVector.uexp" 301
"../../../Engine/Content/Functions/Engine_MaterialFunctions02/Utility/CameraDirectionVector.uasset" 302
"../../../Engine/Content/Functions/Engine_MaterialFunctions02/Utility/CameraDirectionVector.uexp" 303
"../../../Engine/Content/Functions/Engine_MaterialFunctions02/Utility/VectorLength.uasset" 304
"../../../Engine/Content/Functions/Engine_MaterialFunctions02/Utility/VectorLength.uexp" 305
"../../../Engine/Content/EngineVolumetrics/Fogsheet/Materials/T_EV_BlankWhite_01.uasset" 306
"../../../Engine/Content/EngineVolumetrics/Fogsheet/Materials/T_EV_BlankWhite_01.uexp" 307
"C:/Users/lev/Documents/Unreal Projects/UE5_STUGame/Content/MSPresets/M_MS_Decal_Material/MF_QuixelDecalPOM.uasset" 308
"C:/Users/lev/Documents/Unreal Projects/UE5_STUGame/Content/MSPresets/M_MS_Decal_Material/MF_QuixelDecalPOM.uexp" 309
"../../../Engine/Plugins/Bridge/Content/MSPresets/M_MS_Decal_Material/MF_QuixelDecalPOM.uasset" 310
"../../../Engine/Plugins/Bridge/Content/MSPresets/M_MS_Decal_Material/MF_QuixelDecalPOM.uexp" 311
"../../../Engine/Content/Functions/Engine_MaterialFunctions02/Utility/MakeFloat2.uasset" 312
"../../../Engine/Content/Functions/Engine_MaterialFunctions02/Utility/MakeFloat2.uexp" 313
"../../../Engine/Content/EngineMaterials/DefaultNormal.uasset" 314
"../../../Engine/Content/EngineMaterials/DefaultNormal.uexp" 315
"../../../Engine/Content/EngineMaterials/DefaultNormal.ubulk" 316
"C:/Users/lev/Documents/Unreal Projects/UE5_STUGame/Content/MSPresets/M_MS_Decal_Material/M_MS_Decal_Material.uasset" 317
"C:/Users/lev/Documents/Unreal Projects/UE5_STUGame/Content/MSPresets/M_MS_Decal_Material/M_MS_Decal_Material.uexp" 318
"C:/Users/lev/Documents/Unreal Projects/UE5_STUGame/Content/MSPresets/M_MS_Default_Fuzz_Material/Functions/MF_Fuzz.uasset" 319
"C:/Users/lev/Documents/Unreal Projects/UE5_STUGame/Content/MSPresets/M_MS_Default_Fuzz_Material/Functions/MF_Fuzz.uexp" 320
"C:/Users/lev/Documents/Unreal Projects/UE5_STUGame/Content/MSPresets/M_MS_Default_Fuzz_Material/Functions/MF_Tiling.uasset" 321
"C:/Users/lev/Documents/Unreal Projects/UE5_STUGame/Content/MSPresets/M_MS_Default_Fuzz_Material/Functions/MF_Tiling.uexp" 322
"../../../Engine/Plugins/Bridge/Content/MSPresets/M_MS_Default_Material/Functions/MF_ObjAdjustments.uasset" 323
"../../../Engine/Plugins/Bridge/Content/MSPresets/M_MS_Default_Material/Functions/MF_ObjAdjustments.uexp" 324
"C:/Users/lev/Documents/Unreal Projects/UE5_STUGame/Content/MSPresets/M_MS_Default_Material/M_MS_Default_Material.uasset" 325
"C:/Users/lev/Documents/Unreal Projects/UE5_STUGame/Content/MSPresets/M_MS_Default_Material/M_MS_Default_Material.uexp" 326
"C:/Users/lev/Documents/Unreal Projects/UE5_STUGame/Content/MSPresets/M_MS_Default_Material/Functions/MF_DetailNormalTiling.uasset" 327
"C:/Users/lev/Documents/Unreal Projects/UE5_STUGame/Content/MSPresets/M_MS_Default_Material/Functions/MF_DetailNormalTiling.uexp" 328
"C:/Users/lev/Documents/Unreal Projects/UE5_STUGame/Content/MSPresets/M_MS_Default_Material/Functions/MF_Displacement.uasset" 329
"C:/Users/lev/Documents/Unreal Projects/UE5_STUGame/Content/MSPresets/M_MS_Default_Material/Functions/MF_Displacement.uexp" 330
"C:/Users/lev/Documents/Unreal Projects/UE5_STUGame/Content/MSPresets/M_MS_Default_Material/Functions/MF_Fuzz.uasset" 331
"C:/Users/lev/Documents/Unreal Projects/UE5_STUGame/Content/MSPresets/M_MS_Default_Material/Functions/MF_Fuzz.uexp" 332
"C:/Users/lev/Documents/Unreal Projects/UE5_STUGame/Content/MSPresets/M_MS_Default_Material/Functions/MF_MapAdjustments.uasset" 333
"C:/Users/lev/Documents/Unreal Projects/UE5_STUGame/Content/MSPresets/M_MS_Default_Material/Functions/MF_MapAdjustments.uexp" 334
"C:/Users/lev/Documents/Unreal Projects/UE5_STUGame/Content/MSPresets/M_MS_Default_Material/Functions/MF_ObjAdjustments.uasset" 335
"C:/Users/lev/Documents/Unreal Projects/UE5_STUGame/Content/MSPresets/M_MS_Default_Material/Functions/MF_ObjAdjustments.uexp" 336
"C:/Users/lev/Documents/Unreal Projects/UE5_STUGame/Content/MSPresets/M_MS_Default_Material/Functions/MF_Tiling.uasset" 337
"C:/Users/lev/Documents/Unreal Projects/UE5_STUGame/Content/MSPresets/M_MS_Default_Material/Functions/MF_Tiling.uexp" 338
"C:/Users/lev/Documents/Unreal Projects/UE5_STUGame/Content/MSPresets/M_MS_Default_Material/Functions/MF_Transmission.uasset" 339
"C:/Users/lev/Documents/Unreal Projects/UE5_STUGame/Content/MSPresets/M_MS_Default_Material/Functions/MF_Transmission.uexp" 340
"../../../Engine/Plugins/Bridge/Content/MSPresets/M_MS_Default_Transmission_Material/Functions/MF_SSSObjAdjustments.uasset" 341
"../../../Engine/Plugins/Bridge/Content/MSPresets/M_MS_Default_Transmission_Material/Functions/MF_SSSObjAdjustments.uexp" 342
"C:/Users/lev/Documents/Unreal Projects/UE5_STUGame/Content/MSPresets/M_MS_Default_Transmission_Material/M_MS_Default_Transmission_Material.uasset" 343
"C:/Users/lev/Documents/Unreal Projects/UE5_STUGame/Content/MSPresets/M_MS_Default_Transmission_Material/M_MS_Default_Transmission_Material.uexp" 344
"C:/Users/lev/Documents/Unreal Projects/UE5_STUGame/Content/MSPresets/M_MS_Default_Transmission_Material/Functions/MF_SSSObjAdjustments.uasset" 345
"C:/Users/lev/Documents/Unreal Projects/UE5_STUGame/Content/MSPresets/M_MS_Default_Transmission_Material/Functions/MF_SSSObjAdjustments.uexp" 346
"C:/Users/lev/Documents/Unreal Projects/UE5_STUGame/Content/MSPresets/M_MS_Foliage_Material/MF_Translucency.uasset" 347
"C:/Users/lev/Documents/Unreal Projects/UE5_STUGame/Content/MSPresets/M_MS_Foliage_Material/MF_Translucency.uexp" 348
"C:/Users/lev/Documents/Unreal Projects/UE5_STUGame/Content/MSPresets/M_MS_Foliage_Material/M_MS_Foliage_Material.uasset" 349
"C:/Users/lev/Documents/Unreal Projects/UE5_STUGame/Content/MSPresets/M_MS_Foliage_Material/M_MS_Foliage_Material.uexp" 350
"C:/Users/lev/Documents/Unreal Projects/UE5_STUGame/Content/MSPresets/M_MS_Foliage_Material/Functions/MF_Translucency.uasset" 351
"C:/Users/lev/Documents/Unreal Projects/UE5_STUGame/Content/MSPresets/M_MS_Foliage_Material/Functions/MF_Translucency.uexp" 352
"../../../Engine/Content/Functions/Engine_MaterialFunctions01/Texturing/ParallaxOcclusionMapping.uasset" 353
"../../../Engine/Content/Functions/Engine_MaterialFunctions01/Texturing/ParallaxOcclusionMapping.uexp" 354
"../../../Engine/Content/EngineMaterials/DefaultWhiteGrid.uasset" 355
"../../../Engine/Content/EngineMaterials/DefaultWhiteGrid.uexp" 356
"../../../Engine/Content/EngineMaterials/DefaultWhiteGrid.ubulk" 357
"C:/Users/lev/Documents/Unreal Projects/UE5_STUGame/Content/MSPresets/M_MS_ImperfectionDecal_Material/M_MS_ImperfectionDecal_Material.uasset" 358
"C:/Users/lev/Documents/Unreal Projects/UE5_STUGame/Content/MSPresets/M_MS_ImperfectionDecal_Material/M_MS_ImperfectionDecal_Material.uexp" 359
"../../../Engine/Plugins/Bridge/Content/MSPresets/M_MS_Default_Material/Functions/MF_Tiling.uasset" 360
"../../../Engine/Plugins/Bridge/Content/MSPresets/M_MS_Default_Material/Functions/MF_Tiling.uexp" 361
"C:/Users/lev/Documents/Unreal Projects/UE5_STUGame/Content/MSPresets/M_MS_Imperfection_Material/M_MS_Imperfection_Material.uasset" 362
"C:/Users/lev/Documents/Unreal Projects/UE5_STUGame/Content/MSPresets/M_MS_Imperfection_Material/M_MS_Imperfection_Material.uexp" 363
"C:/Users/lev/Documents/Unreal Projects/UE5_STUGame/Content/MSPresets/M_MS_Imperfection_Material/M_MS_Imperfection_Material_Var.uasset" 364
"C:/Users/lev/Documents/Unreal Projects/UE5_STUGame/Content/MSPresets/M_MS_Imperfection_Material/M_MS_Imperfection_Material_Var.uexp" 365
"C:/Users/lev/Documents/Unreal Projects/UE5_STUGame/Content/MSPresets/M_MS_Imperfection_Material_Var/M_MS_Imperfection_Material_Var.uasset" 366
"C:/Users/lev/Documents/Unreal Projects/UE5_STUGame/Content/MSPresets/M_MS_Imperfection_Material_Var/M_MS_Imperfection_Material_Var.uexp" 367
"../../../Engine/Plugins/Bridge/Content/MSPresets/M_MS_SurfaceBlend_Material/LayerFunctions/Top/MF_TopLayerAdjustments.uasset" 368
"../../../Engine/Plugins/Bridge/Content/MSPresets/M_MS_SurfaceBlend_Material/LayerFunctions/Top/MF_TopLayerAdjustments.uexp" 369
"../../../Engine/Plugins/Bridge/Content/MSPresets/M_MS_SurfaceBlend_Material/LayerFunctions/Base/MF_BaseLayerAdjustments.uasset" 370
"../../../Engine/Plugins/Bridge/Content/MSPresets/M_MS_SurfaceBlend_Material/LayerFunctions/Base/MF_BaseLayerAdjustments.uexp" 371
"../../../Engine/Plugins/Bridge/Content/MSPresets/M_MS_SurfaceBlend_Material/LayerFunctions/MF_NormalCorrection.uasset" 372
"../../../Engine/Plugins/Bridge/Content/MSPresets/M_MS_SurfaceBlend_Material/LayerFunctions/MF_NormalCorrection.uexp" 373
"../../../Engine/Plugins/Bridge/Content/MSPresets/M_MS_SurfaceBlend_Material/LayerFunctions/Base/MF_BaseLayerTextures.uasset" 374
"../../../Engine/Plugins/Bridge/Content/MSPresets/M_MS_SurfaceBlend_Material/LayerFunctions/Base/MF_BaseLayerTextures.uexp" 375
"../../../Engine/Content/Engine_MI_Shaders/T_Base_Tile_Normal.uasset" 376
"../../../Engine/Content/Engine_MI_Shaders/T_Base_Tile_Normal.uexp" 377
"../../../Engine/Content/Engine_MI_Shaders/T_Base_Tile_Normal.ubulk" 378
"../../../Engine/Content/Functions/Engine_MaterialFunctions03/ComplexMotion/Motion_4WayChaos_Normal.uasset" 379
"../../../Engine/Content/Functions/Engine_MaterialFunctions03/ComplexMotion/Motion_4WayChaos_Normal.uexp" 380
"../../../Engine/Plugins/Bridge/Content/MSPresets/M_MS_SurfaceBlend_Material/LayerFunctions/Puddle/MF_PuddleLayer.uasset" 381
"../../../Engine/Plugins/Bridge/Content/MSPresets/M_MS_SurfaceBlend_Material/LayerFunctions/Puddle/MF_PuddleLayer.uexp" 382
"../../../Engine/Content/Functions/Engine_MaterialFunctions01/Gradient/LinearGradient.uasset" 383
"../../../Engine/Content/Functions/Engine_MaterialFunctions01/Gradient/LinearGradient.uexp" 384
"../../../Engine/Content/Functions/Engine_MaterialFunctions01/ImageAdjustment/CheapContrast.uasset" 385
"../../../Engine/Content/Functions/Engine_MaterialFunctions01/ImageAdjustment/CheapContrast.uexp" 386
"../../../Engine/Plugins/Bridge/Content/MSPresets/M_MS_SurfaceBlend_Material/LayerFunctions/MF_BlendScatter.uasset" 387
"../../../Engine/Plugins/Bridge/Content/MSPresets/M_MS_SurfaceBlend_Material/LayerFunctions/MF_BlendScatter.uexp" 388
"../../../Engine/Plugins/Bridge/Content/MSPresets/M_MS_SurfaceBlend_Material/LayerFunctions/MF_MaterialBlend.uasset" 389
"../../../Engine/Plugins/Bridge/Content/MSPresets/M_MS_SurfaceBlend_Material/LayerFunctions/MF_MaterialBlend.uexp" 390
"../../../Engine/Plugins/Bridge/Content/MSPresets/M_MS_SurfaceBlend_Material/LayerFunctions/MF_ScatterLayer.uasset" 391
"../../../Engine/Plugins/Bridge/Content/MSPresets/M_MS_SurfaceBlend_Material/LayerFunctions/MF_ScatterLayer.uexp" 392
"../../../Engine/Plugins/Bridge/Content/MSPresets/M_MS_SurfaceBlend_Material/LayerFunctions/Middle/MF_MiddleLayerAdjustments.uasset" 393
"../../../Engine/Plugins/Bridge/Content/MSPresets/M_MS_SurfaceBlend_Material/LayerFunctions/Middle/MF_MiddleLayerAdjustments.uexp" 394
"../../../Engine/Plugins/Bridge/Content/MSPresets/M_MS_SurfaceBlend_Material/LayerFunctions/Top/MF_TopLayerTextures.uasset" 395
"../../../Engine/Plugins/Bridge/Content/MSPresets/M_MS_SurfaceBlend_Material/LayerFunctions/Top/MF_TopLayerTextures.uexp" 396
"../../../Engine/Plugins/Bridge/Content/MSPresets/M_MS_SurfaceBlend_Material/LayerFunctions/Middle/MF_MiddleLayerTextures.uasset" 397
"../../../Engine/Plugins/Bridge/Content/MSPresets/M_MS_SurfaceBlend_Material/LayerFunctions/Middle/MF_MiddleLayerTextures.uexp" 398
"C:/Users/lev/Documents/Unreal Projects/UE5_STUGame/Content/MSPresets/M_MS_SurfaceBlend_Material/M_MS_SurfaceBlend_Material.uasset" 399
"C:/Users/lev/Documents/Unreal Projects/UE5_STUGame/Content/MSPresets/M_MS_SurfaceBlend_Material/M_MS_SurfaceBlend_Material.uexp" 400
"C:/Users/lev/Documents/Unreal Projects/UE5_STUGame/Content/MSPresets/M_MS_SurfaceBlend_Material/LayerFunctions/MF_BlendScatter.uasset" 401
"C:/Users/lev/Documents/Unreal Projects/UE5_STUGame/Content/MSPresets/M_MS_SurfaceBlend_Material/LayerFunctions/MF_BlendScatter.uexp" 402
"C:/Users/lev/Documents/Unreal Projects/UE5_STUGame/Content/MSPresets/M_MS_SurfaceBlend_Material/LayerFunctions/MF_Displacement.uasset" 403
"C:/Users/lev/Documents/Unreal Projects/UE5_STUGame/Content/MSPresets/M_MS_SurfaceBlend_Material/LayerFunctions/MF_Displacement.uexp" 404
"../../../Engine/Plugins/Bridge/Content/MSPresets/M_MS_SurfaceBlend_Material/LayerFunctions/MF_Displacement.uasset" 405
"../../../Engine/Plugins/Bridge/Content/MSPresets/M_MS_SurfaceBlend_Material/LayerFunctions/MF_Displacement.uexp" 406
"C:/Users/lev/Documents/Unreal Projects/UE5_STUGame/Content/MSPresets/M_MS_SurfaceBlend_Material/LayerFunctions/MF_DisplacementBlend.uasset" 407
"C:/Users/lev/Documents/Unreal Projects/UE5_STUGame/Content/MSPresets/M_MS_SurfaceBlend_Material/LayerFunctions/MF_DisplacementBlend.uexp" 408
"C:/Users/lev/Documents/Unreal Projects/UE5_STUGame/Content/MSPresets/M_MS_SurfaceBlend_Material/LayerFunctions/MF_MaterialBlend.uasset" 409
"C:/Users/lev/Documents/Unreal Projects/UE5_STUGame/Content/MSPresets/M_MS_SurfaceBlend_Material/LayerFunctions/MF_MaterialBlend.uexp" 410
"C:/Users/lev/Documents/Unreal Projects/UE5_STUGame/Content/MSPresets/M_MS_SurfaceBlend_Material/LayerFunctions/MF_NormalCorrection.uasset" 411
"C:/Users/lev/Documents/Unreal Projects/UE5_STUGame/Content/MSPresets/M_MS_SurfaceBlend_Material/LayerFunctions/MF_NormalCorrection.uexp" 412
"C:/Users/lev/Documents/Unreal Projects/UE5_STUGame/Content/MSPresets/M_MS_SurfaceBlend_Material/LayerFunctions/MF_ScatterLayer.uasset" 413
"C:/Users/lev/Documents/Unreal Projects/UE5_STUGame/Content/MSPresets/M_MS_SurfaceBlend_Material/LayerFunctions/MF_ScatterLayer.uexp" 414
"C:/Users/lev/Documents/Unreal Projects/UE5_STUGame/Content/MSPresets/M_MS_SurfaceBlend_Material/LayerFunctions/Base/MF_BaseLayerAdjustments.uasset" 415
"C:/Users/lev/Documents/Unreal Projects/UE5_STUGame/Content/MSPresets/M_MS_SurfaceBlend_Material/LayerFunctions/Base/MF_BaseLayerAdjustments.uexp" 416
"C:/Users/lev/Documents/Unreal Projects/UE5_STUGame/Content/MSPresets/M_MS_SurfaceBlend_Material/LayerFunctions/Base/MF_BaseLayerTessellation.uasset" 417
"C:/Users/lev/Documents/Unreal Projects/UE5_STUGame/Content/MSPresets/M_MS_SurfaceBlend_Material/LayerFunctions/Base/MF_BaseLayerTessellation.uexp" 418
"C:/Users/lev/Documents/Unreal Projects/UE5_STUGame/Content/MSPresets/M_MS_SurfaceBlend_Material/LayerFunctions/Base/MF_BaseLayerTextures.uasset" 419
"C:/Users/lev/Documents/Unreal Projects/UE5_STUGame/Content/MSPresets/M_MS_SurfaceBlend_Material/LayerFunctions/Base/MF_BaseLayerTextures.uexp" 420
"C:/Users/lev/Documents/Unreal Projects/UE5_STUGame/Content/MSPresets/M_MS_SurfaceBlend_Material/LayerFunctions/Middle/MF_MiddleLayerAdjustments.uasset" 421
"C:/Users/lev/Documents/Unreal Projects/UE5_STUGame/Content/MSPresets/M_MS_SurfaceBlend_Material/LayerFunctions/Middle/MF_MiddleLayerAdjustments.uexp" 422
"C:/Users/lev/Documents/Unreal Projects/UE5_STUGame/Content/MSPresets/M_MS_SurfaceBlend_Material/LayerFunctions/Middle/MF_MiddleLayerTessellation.uasset" 423
"C:/Users/lev/Documents/Unreal Projects/UE5_STUGame/Content/MSPresets/M_MS_SurfaceBlend_Material/LayerFunctions/Middle/MF_MiddleLayerTessellation.uexp" 424
"C:/Users/lev/Documents/Unreal Projects/UE5_STUGame/Content/MSPresets/M_MS_SurfaceBlend_Material/LayerFunctions/Middle/MF_MiddleLayerTextures.uasset" 425
"C:/Users/lev/Documents/Unreal Projects/UE5_STUGame/Content/MSPresets/M_MS_SurfaceBlend_Material/LayerFunctions/Middle/MF_MiddleLayerTextures.uexp" 426
"C:/Users/lev/Documents/Unreal Projects/UE5_STUGame/Content/MSPresets/M_MS_SurfaceBlend_Material/LayerFunctions/Puddle/MF_PuddleLayer.uasset" 427
"C:/Users/lev/Documents/Unreal Projects/UE5_STUGame/Content/MSPresets/M_MS_SurfaceBlend_Material/LayerFunctions/Puddle/MF_PuddleLayer.uexp" 428
"C:/Users/lev/Documents/Unreal Projects/UE5_STUGame/Content/MSPresets/M_MS_SurfaceBlend_Material/LayerFunctions/Top/MF_TopLayerAdjustments.uasset" 429
"C:/Users/lev/Documents/Unreal Projects/UE5_STUGame/Content/MSPresets/M_MS_SurfaceBlend_Material/LayerFunctions/Top/MF_TopLayerAdjustments.uexp" 430
"C:/Users/lev/Documents/Unreal Projects/UE5_STUGame/Content/MSPresets/M_MS_SurfaceBlend_Material/LayerFunctions/Top/MF_TopLayerTessellation.uasset" 431
"C:/Users/lev/Documents/Unreal Projects/UE5_STUGame/Content/MSPresets/M_MS_SurfaceBlend_Material/LayerFunctions/Top/MF_TopLayerTessellation.uexp" 432
"C:/Users/lev/Documents/Unreal Projects/UE5_STUGame/Content/MSPresets/M_MS_SurfaceBlend_Material/LayerFunctions/Top/MF_TopLayerTextures.uasset" 433
"C:/Users/lev/Documents/Unreal Projects/UE5_STUGame/Content/MSPresets/M_MS_SurfaceBlend_Material/LayerFunctions/Top/MF_TopLayerTextures.uexp" 434
"C:/Users/lev/Documents/Unreal Projects/UE5_STUGame/Content/MSPresets/M_MS_Surface_Material/M_MS_Surface_Material.uasset" 435
"C:/Users/lev/Documents/Unreal Projects/UE5_STUGame/Content/MSPresets/M_MS_Surface_Material/M_MS_Surface_Material.uexp" 436
"C:/Users/lev/Documents/Unreal Projects/UE5_STUGame/Content/MSPresets/M_MS_Surface_Material/Functions/MF_Displacement.uasset" 437
"C:/Users/lev/Documents/Unreal Projects/UE5_STUGame/Content/MSPresets/M_MS_Surface_Material/Functions/MF_Displacement.uexp" 438
"../../../Engine/Plugins/Bridge/Content/MSPresets/M_MS_Surface_Material/Functions/MF_Transmission.uasset" 439
"../../../Engine/Plugins/Bridge/Content/MSPresets/M_MS_Surface_Material/Functions/MF_Transmission.uexp" 440
"C:/Users/lev/Documents/Unreal Projects/UE5_STUGame/Content/MSPresets/M_MS_Surface_Material/Functions/MF_MapAdjustments.uasset" 441
"C:/Users/lev/Documents/Unreal Projects/UE5_STUGame/Content/MSPresets/M_MS_Surface_Material/Functions/MF_MapAdjustments.uexp" 442
"C:/Users/lev/Documents/Unreal Projects/UE5_STUGame/Content/MSPresets/M_MS_Surface_Material/Functions/MF_ObjAdjustments.uasset" 443
"C:/Users/lev/Documents/Unreal Projects/UE5_STUGame/Content/MSPresets/M_MS_Surface_Material/Functions/MF_ObjAdjustments.uexp" 444
"C:/Users/lev/Documents/Unreal Projects/UE5_STUGame/Content/MSPresets/M_MS_Surface_Material/Functions/MF_Tiling.uasset" 445
"C:/Users/lev/Documents/Unreal Projects/UE5_STUGame/Content/MSPresets/M_MS_Surface_Material/Functions/MF_Tiling.uexp" 446
"C:/Users/lev/Documents/Unreal Projects/UE5_STUGame/Content/MSPresets/M_MS_Surface_Material/Functions/MF_Transmission.uasset" 447
"C:/Users/lev/Documents/Unreal Projects/UE5_STUGame/Content/MSPresets/M_MS_Surface_Material/Functions/MF_Transmission.uexp" 448
"C:/Users/lev/Documents/Unreal Projects/UE5_STUGame/Content/ExternalContent/Animations/TTP_Animations/RoadieRun_Fwd.uasset" 449
"C:/Users/lev/Documents/Unreal Projects/UE5_STUGame/Content/ExternalContent/Animations/TTP_Animations/RoadieRun_Fwd.uexp" 450
"C:/Users/lev/Documents/Unreal Projects/UE5_STUGame/Content/Player/Animations/BS_LocomotionRun.uasset" 451
"C:/Users/lev/Documents/Unreal Projects/UE5_STUGame/Content/Player/Animations/BS_LocomotionRun.uexp" 452
"../../../Engine/Content/Functions/Engine_MaterialFunctions01/Opacity/CameraDepthFade.uasset" 453
"../../../Engine/Content/Functions/Engine_MaterialFunctions01/Opacity/CameraDepthFade.uexp" 454
"../../../Engine/Content/EngineMaterials/T_Default_Material_Grid_M.uasset" 455
"../../../Engine/Content/EngineMaterials/T_Default_Material_Grid_M.uexp" 456
"../../../Engine/Content/EngineMaterials/T_Default_Material_Grid_M.ubulk" 457
"../../../Engine/Content/EngineMaterials/T_Default_Material_Grid_N.uasset" 458
"../../../Engine/Content/EngineMaterials/T_Default_Material_Grid_N.uexp" 459
"../../../Engine/Content/EngineMaterials/T_Default_Material_Grid_N.ubulk" 460
"../../../Engine/Content/EngineMaterials/WorldGridMaterial.uasset" 461
"../../../Engine/Content/EngineMaterials/WorldGridMaterial.uexp" 462
"../../../Engine/Content/ArtTools/RenderToTexture/Meshes/S_1_Unit_Plane.uasset" 463
"../../../Engine/Content/ArtTools/RenderToTexture/Meshes/S_1_Unit_Plane.uexp" 464
"../../../Engine/Content/ArtTools/RenderToTexture/Meshes/S_1_Unit_Plane.ubulk" 465
"../../../Engine/Content/EngineMaterials/DefaultMaterial.uasset" 466
"../../../Engine/Content/EngineMaterials/DefaultMaterial.uexp" 467
"../../../Engine/Content/BasicShapes/Cone.uasset" 468
"../../../Engine/Content/BasicShapes/Cone.uexp" 469
"../../../Engine/Content/BasicShapes/Cone.ubulk" 470
"../../../Engine/Content/BasicShapes/Plane.uasset" 471
"../../../Engine/Content/BasicShapes/Plane.uexp" 472
"../../../Engine/Content/BasicShapes/Plane.ubulk" 473
"../../../Engine/Content/BasicShapes/Sphere.uasset" 474
"../../../Engine/Content/BasicShapes/Sphere.uexp" 475
"../../../Engine/Content/BasicShapes/Sphere.ubulk" 476
"../../../Engine/Content/EditorLandscapeResources/DataLayer.uasset" 477
"../../../Engine/Content/EditorLandscapeResources/DataLayer.uexp" 478
"../../../Engine/Content/EditorLandscapeResources/DefaultAlphaTexture.uasset" 479
"../../../Engine/Content/EditorLandscapeResources/DefaultAlphaTexture.uexp" 480
"../../../Engine/Content/EditorMaterials/MAT_Groups_Toggle.uasset" 481
"../../../Engine/Content/EditorMaterials/MAT_Groups_Toggle.uexp" 482
"../../../Engine/Content/EditorMaterials/MAT_Groups_Visibility.uasset" 483
"../../../Engine/Content/EditorMaterials/MAT_Groups_Visibility.uexp" 484
"../../../Engine/Content/EditorMaterials/PreviewShadowIndicator.uasset" 485
"../../../Engine/Content/EditorMaterials/PreviewShadowIndicator.uexp" 486
"../../../Engine/Content/EditorMaterials/PreviewShadowIndicator.ubulk" 487
"../../../Engine/Content/EditorMaterials/PreviewShadowIndicatorMaterial.uasset" 488
"../../../Engine/Content/EditorMaterials/PreviewShadowIndicatorMaterial.uexp" 489
"../../../Engine/Content/EditorMaterials/MatineeGroups/MAT_ColorTrack.uasset" 490
"../../../Engine/Content/EditorMaterials/MatineeGroups/MAT_ColorTrack.uexp" 491
"../../../Engine/Content/EditorMaterials/MatineeGroups/MAT_Groups_Anim.uasset" 492
"../../../Engine/Content/EditorMaterials/MatineeGroups/MAT_Groups_Anim.uexp" 493
"../../../Engine/Content/EditorMaterials/MatineeGroups/MAT_Groups_AudioMaster.uasset" 494
"../../../Engine/Content/EditorMaterials/MatineeGroups/MAT_Groups_AudioMaster.uexp" 495
"../../../Engine/Content/EditorMaterials/MatineeGroups/MAT_Groups_Director.uasset" 496
"../../../Engine/Content/EditorMaterials/MatineeGroups/MAT_Groups_Director.uexp" 497
"../../../Engine/Content/EditorMaterials/MatineeGroups/MAT_Groups_Event.uasset" 498
"../../../Engine/Content/EditorMaterials/MatineeGroups/MAT_Groups_Event.uexp" 499
"../../../Engine/Content/EditorMaterials/MatineeGroups/MAT_Groups_Fade.uasset" 500
"../../../Engine/Content/EditorMaterials/MatineeGroups/MAT_Groups_Fade.uexp" 501
"../../../Engine/Content/EditorMaterials/MatineeGroups/MAT_Groups_Float.uasset" 502
"../../../Engine/Content/EditorMaterials/MatineeGroups/MAT_Groups_Float.uexp" 503
"../../../Engine/Content/EditorMaterials/MatineeGroups/MAT_Groups_Move.uasset" 504
"../../../Engine/Content/EditorMaterials/MatineeGroups/MAT_Groups_Move.uexp" 505
"../../../Engine/Content/EditorMaterials/MatineeGroups/MAT_Groups_Slomo.uasset" 506
"../../../Engine/Content/EditorMaterials/MatineeGroups/MAT_Groups_Slomo.uexp" 507
"../../../Engine/Content/EditorMaterials/MatineeGroups/MAT_Groups_Sound.uasset" 508
"../../../Engine/Content/EditorMaterials/MatineeGroups/MAT_Groups_Sound.uexp" 509
"../../../Engine/Content/EditorMaterials/MatineeGroups/MAT_Groups_Vector.uasset" 510
"../../../Engine/Content/EditorMaterials/MatineeGroups/MAT_Groups_Vector.uexp" 511
"../../../Engine/Content/EditorMaterials/ParticleSystems/PSysThumbnail_NoImage.uasset" 512
"../../../Engine/Content/EditorMaterials/ParticleSystems/PSysThumbnail_NoImage.uexp" 513
"../../../Engine/Content/EditorMaterials/ParticleSystems/PSysThumbnail_NoImage.ubulk" 514
"../../../Engine/Content/EditorMaterials/ParticleSystems/PSysThumbnail_OOD.uasset" 515
"../../../Engine/Content/EditorMaterials/ParticleSystems/PSysThumbnail_OOD.uexp" 516
"../../../Engine/Content/EditorMaterials/ParticleSystems/PSysThumbnail_OOD.ubulk" 517
"../../../Engine/Content/Functions/Engine_MaterialFunctions02/Utility/MakeFloat4.uasset" 518
"../../../Engine/Content/Functions/Engine_MaterialFunctions02/Utility/MakeFloat4.uexp" 519
"../../../Engine/Content/Functions/Engine_MaterialFunctions02/Utility/MakeFloat3.uasset" 520
"../../../Engine/Content/Functions/Engine_MaterialFunctions02/Utility/MakeFloat3.uexp" 521
"../../../Engine/Content/EditorMaterials/WorldPartition/WorldPartitionSpatialHashGridPreviewMaterial.uasset" 522
"../../../Engine/Content/EditorMaterials/WorldPartition/WorldPartitionSpatialHashGridPreviewMaterial.uexp" 523
"../../../Engine/Content/EditorMaterials/Camera/CineMat.uasset" 524
"../../../Engine/Content/EditorMaterials/Camera/CineMat.uexp" 525
"../../../Engine/Content/EditorMaterials/Camera/MI_CineMat_Rig.uasset" 526
"../../../Engine/Content/EditorMaterials/Camera/MI_CineMat_Rig.uexp" 527
"../../../Engine/Content/EditorMeshes/Camera/SM_CraneRig_Arm.uasset" 528
"../../../Engine/Content/EditorMeshes/Camera/SM_CraneRig_Arm.uexp" 529
"../../../Engine/Content/EditorMeshes/Camera/SM_CraneRig_Arm.ubulk" 530
"../../../Engine/Content/EditorMeshes/Camera/SM_CraneRig_Base.uasset" 531
"../../../Engine/Content/EditorMeshes/Camera/SM_CraneRig_Base.uexp" 532
"../../../Engine/Content/EditorMeshes/Camera/SM_CraneRig_Base.ubulk" 533
"../../../Engine/Content/EditorMeshes/Camera/SM_CraneRig_Body.uasset" 534
"../../../Engine/Content/EditorMeshes/Camera/SM_CraneRig_Body.uexp" 535
"../../../Engine/Content/EditorMeshes/Camera/SM_CraneRig_Body.ubulk" 536
"../../../Engine/Content/EditorMeshes/Camera/SM_CraneRig_Mount.uasset" 537
"../../../Engine/Content/EditorMeshes/Camera/SM_CraneRig_Mount.uexp" 538
"../../../Engine/Content/EditorMeshes/Camera/SM_CraneRig_Mount.ubulk" 539
"../../../Engine/Content/EditorMeshes/Camera/SM_RailRig_Mount.uasset" 540
"../../../Engine/Content/EditorMeshes/Camera/SM_RailRig_Mount.uexp" 541
"../../../Engine/Content/EditorMeshes/Camera/SM_RailRig_Mount.ubulk" 542
"../../../Engine/Content/EditorMeshes/Camera/SM_RailRig_Track.uasset" 543
"../../../Engine/Content/EditorMeshes/Camera/SM_RailRig_Track.uexp" 544
"../../../Engine/Content/EditorMeshes/Camera/SM_RailRig_Track.ubulk" 545
"../../../Engine/Content/EditorResources/BSPVertex.uasset" 546
"../../../Engine/Content/EditorResources/BSPVertex.uexp" 547
"../../../Engine/Content/EditorResources/EmptyActor.uasset" 548
"../../../Engine/Content/EditorResources/EmptyActor.uexp" 549
"../../../Engine/Content/EditorResources/S_Actor.uasset" 550
"../../../Engine/Content/EditorResources/S_Actor.uexp" 551
"../../../Engine/Content/EditorResources/S_Actor.ubulk" 552
"../../../Engine/Content/EditorResources/S_BoxReflectionCapture.uasset" 553
"../../../Engine/Content/EditorResources/S_BoxReflectionCapture.uexp" 554
"../../../Engine/Content/EditorResources/S_Note.uasset" 555
"../../../Engine/Content/EditorResources/S_Note.uexp" 556
"../../../Engine/Content/EditorResources/S_Solver.uasset" 557
"../../../Engine/Content/EditorResources/S_Solver.uexp" 558
"../../../Engine/Content/EditorResources/S_Solver.ubulk" 559
"../../../Engine/Content/EditorResources/S_Terrain.uasset" 560
"../../../Engine/Content/EditorResources/S_Terrain.uexp" 561
"../../../Engine/Content/EditorResources/S_Terrain.ubulk" 562
"../../../Engine/Content/EditorResources/S_Trigger.uasset" 563
"../../../Engine/Content/EditorResources/S_Trigger.uexp" 564
"../../../Engine/Content/EditorResources/S_Trigger.ubulk" 565
"../../../Engine/Content/EditorResources/S_TriggerBox.uasset" 566
"../../../Engine/Content/EditorResources/S_TriggerBox.uexp" 567
"../../../Engine/Content/EditorResources/S_TriggerCapsule.uasset" 568
"../../../Engine/Content/EditorResources/S_TriggerCapsule.uexp" 569
"../../../Engine/Content/EditorResources/S_TriggerSphere.uasset" 570
"../../../Engine/Content/EditorResources/S_TriggerSphere.uexp" 571
"../../../Engine/Content/EditorResources/AudioIcons/S_AudioComponent_AutoActivate.uasset" 572
"../../../Engine/Content/EditorResources/AudioIcons/S_AudioComponent_AutoActivate.uexp" 573
"../../../Engine/Content/EditorResources/SequenceRecorder/Countdown.uasset" 574
"../../../Engine/Content/EditorResources/SequenceRecorder/Countdown.uexp" 575
"../../../Engine/Content/EditorResources/SequenceRecorder/RecordingIndicator.uasset" 576
"../../../Engine/Content/EditorResources/SequenceRecorder/RecordingIndicator.uexp" 577
"../../../Engine/Content/EngineDamageTypes/DmgTypeBP_Environmental.uasset" 578
"../../../Engine/Content/EngineDamageTypes/DmgTypeBP_Environmental.uexp" 579
"../../../Engine/Content/EngineDebugMaterials/DebugEditorMaterial.uasset" 580
"../../../Engine/Content/EngineDebugMaterials/DebugEditorMaterial.uexp" 581
"../../../Engine/Content/EngineDebugMaterials/DebugMeshMaterial.uasset" 582
"../../../Engine/Content/EngineDebugMaterials/DebugMeshMaterial.uexp" 583
"../../../Engine/Content/EngineDebugMaterials/M_SimpleUnlitTranslucent.uasset" 584
"../../../Engine/Content/EngineDebugMaterials/M_SimpleUnlitTranslucent.uexp" 585
"../../../Engine/Content/EngineDebugMaterials/VolumeToRender.uasset" 586
"../../../Engine/Content/EngineDebugMaterials/VolumeToRender.uexp" 587
"../../../Engine/Content/EngineDebugMaterials/M_VolumeRenderSphereTracePP.uasset" 588
"../../../Engine/Content/EngineDebugMaterials/M_VolumeRenderSphereTracePP.uexp" 589
"../../../Engine/Content/Functions/Engine_MaterialFunctions01/Shading/ConvertFromDiffSpec.uasset" 590
"../../../Engine/Content/Functions/Engine_MaterialFunctions01/Shading/ConvertFromDiffSpec.uexp" 591
"../../../Engine/Content/EngineDebugMaterials/VertexColorMaterial.uasset" 592
"../../../Engine/Content/EngineDebugMaterials/VertexColorMaterial.uexp" 593
"../../../Engine/Content/EngineDebugMaterials/WireframeMaterial.uasset" 594
"../../../Engine/Content/EngineDebugMaterials/WireframeMaterial.uexp" 595
"../../../Engine/Content/EngineFonts/Faces/RobotoBoldItalic.uasset" 596
"../../../Engine/Content/EngineFonts/Faces/RobotoBoldItalic.uexp" 597
"../../../Engine/Content/EngineFonts/Faces/RobotoBoldItalic.ufont" 598
"../../../Engine/Content/EngineFonts/Faces/DroidSansFallback.uasset" 599
"../../../Engine/Content/EngineFonts/Faces/DroidSansFallback.uexp" 600
"../../../Engine/Content/EngineFonts/Faces/DroidSansFallback.ufont" 601
"../../../Engine/Content/EngineFonts/Faces/RobotoBold.uasset" 602
"../../../Engine/Content/EngineFonts/Faces/RobotoBold.uexp" 603
"../../../Engine/Content/EngineFonts/Faces/RobotoBold.ufont" 604
"../../../Engine/Content/EngineFonts/Faces/RobotoItalic.uasset" 605
"../../../Engine/Content/EngineFonts/Faces/RobotoItalic.uexp" 606
"../../../Engine/Content/EngineFonts/Faces/RobotoItalic.ufont" 607
"../../../Engine/Content/EngineFonts/Faces/RobotoLight.uasset" 608
"../../../Engine/Content/EngineFonts/Faces/RobotoLight.uexp" 609
"../../../Engine/Content/EngineFonts/Faces/RobotoLight.ufont" 610
"../../../Engine/Content/EngineFonts/Faces/RobotoRegular.uasset" 611
"../../../Engine/Content/EngineFonts/Faces/RobotoRegular.uexp" 612
"../../../Engine/Content/EngineFonts/Faces/RobotoRegular.ufont" 613
"../../../Engine/Content/EngineFonts/Roboto.uasset" 614
"../../../Engine/Content/EngineFonts/Roboto.uexp" 615
"../../../Engine/Content/EngineMaterials/BaseFlattenGrayscaleMap.uasset" 616
"../../../Engine/Content/EngineMaterials/BaseFlattenGrayscaleMap.uexp" 617
"../../../Engine/Content/EngineMaterials/BaseFlattenDiffuseMap.uasset" 618
"../../../Engine/Content/EngineMaterials/BaseFlattenDiffuseMap.uexp" 619
"../../../Engine/Content/EngineMaterials/BaseFlattenEmissiveMap.uasset" 620
"../../../Engine/Content/EngineMaterials/BaseFlattenEmissiveMap.uexp" 621
"../../../Engine/Content/EngineMaterials/BaseFlattenNormalMap.uasset" 622
"../../../Engine/Content/EngineMaterials/BaseFlattenNormalMap.uexp" 623
"../../../Engine/Content/EngineMaterials/BaseFlattenMaterial.uasset" 624
"../../../Engine/Content/EngineMaterials/BaseFlattenMaterial.uexp" 625
"../../../Engine/Content/EngineMaterials/BaseFlattenGrayscaleMap_VT.uasset" 626
"../../../Engine/Content/EngineMaterials/BaseFlattenGrayscaleMap_VT.uexp" 627
"../../../Engine/Content/EngineMaterials/BaseFlattenEmissiveMap_VT.uasset" 628
"../../../Engine/Content/EngineMaterials/BaseFlattenEmissiveMap_VT.uexp" 629
"../../../Engine/Content/EngineMaterials/BaseFlattenDiffuseMap_VT.uasset" 630
"../../../Engine/Content/EngineMaterials/BaseFlattenDiffuseMap_VT.uexp" 631
"../../../Engine/Content/EngineMaterials/BaseFlattenNormalMap_VT.uasset" 632
"../../../Engine/Content/EngineMaterials/BaseFlattenNormalMap_VT.uexp" 633
"../../../Engine/Content/EngineMaterials/BaseFlattenMaterial_VT.uasset" 634
"../../../Engine/Content/EngineMaterials/BaseFlattenMaterial_VT.uexp" 635
"../../../Engine/Content/EngineMaterials/BlueNoise.uasset" 636
"../../../Engine/Content/EngineMaterials/BlueNoise.uexp" 637
"../../../Engine/Content/EngineMaterials/DefaultBloomKernel.uasset" 638
"../../../Engine/Content/EngineMaterials/DefaultBloomKernel.uexp" 639
"../../../Engine/Content/EngineMaterials/DefaultBokeh.uasset" 640
"../../../Engine/Content/EngineMaterials/DefaultBokeh.uexp" 641
"../../../Engine/Content/EngineMaterials/DefaultDeferredDecalMaterial.uasset" 642
"../../../Engine/Content/EngineMaterials/DefaultDeferredDecalMaterial.uexp" 643
"../../../Engine/Content/EngineMaterials/DefaultLightFunctionMaterial.uasset" 644
"../../../Engine/Content/EngineMaterials/DefaultLightFunctionMaterial.uexp" 645
"../../../Engine/Content/Functions/Engine_MaterialFunctions02/Utility/BreakOutFloat2Components.uasset" 646
"../../../Engine/Content/Functions/Engine_MaterialFunctions02/Utility/BreakOutFloat2Components.uexp" 647
"../../../Engine/Content/EngineMaterials/DefaultPostProcessMaterial.uasset" 648
"../../../Engine/Content/EngineMaterials/DefaultPostProcessMaterial.uexp" 649
"../../../Engine/Content/EngineFonts/RobotoDistanceField.uasset" 650
"../../../Engine/Content/EngineFonts/RobotoDistanceField.uexp" 651
"../../../Engine/Content/EngineMaterials/DefaultTextMaterialOpaque.uasset" 652
"../../../Engine/Content/EngineMaterials/DefaultTextMaterialOpaque.uexp" 653
"../../../Engine/Content/EngineMaterials/DefaultWhiteGrid_Low.uasset" 654
"../../../Engine/Content/EngineMaterials/DefaultWhiteGrid_Low.uexp" 655
"../../../Engine/Content/EngineMaterials/EmissiveMeshMaterial.uasset" 656
"../../../Engine/Content/EngineMaterials/EmissiveMeshMaterial.uexp" 657
"../../../Engine/Content/EngineMaterials/GizmoMaterial.uasset" 658
"../../../Engine/Content/EngineMaterials/GizmoMaterial.uexp" 659
"../../../Engine/Content/EngineMaterials/Good64x64TilingNoiseHighFreq.uasset" 660
"../../../Engine/Content/EngineMaterials/Good64x64TilingNoiseHighFreq.uexp" 661
"../../../Engine/Content/EngineMaterials/MiniFont.uasset" 662
"../../../Engine/Content/EngineMaterials/MiniFont.uexp" 663
"../../../Engine/Content/EngineMaterials/InvalidLightmapSettings.uasset" 664
"../../../Engine/Content/EngineMaterials/InvalidLightmapSettings.uexp" 665
"../../../Engine/Content/EngineMaterials/InvalidLightmapSettings.ubulk" 666
"../../../Engine/Content/EngineMaterials/M_InvalidLightmapSettings.uasset" 667
"../../../Engine/Content/EngineMaterials/M_InvalidLightmapSettings.uexp" 668
"../../../Engine/Content/Functions/Engine_MaterialFunctions02/WorldPositionOffset/CameraOffset.uasset" 669
"../../../Engine/Content/Functions/Engine_MaterialFunctions02/WorldPositionOffset/CameraOffset.uexp" 670
"../../../Engine/Content/EngineMaterials/PhAT_JointLimitMaterial.uasset" 671
"../../../Engine/Content/EngineMaterials/PhAT_JointLimitMaterial.uexp" 672
"../../../Engine/Content/EngineMaterials/PreintegratedSkinBRDF.uasset" 673
"../../../Engine/Content/EngineMaterials/PreintegratedSkinBRDF.uexp" 674
"../../../Engine/Content/EngineMaterials/RemoveSurfaceMaterial.uasset" 675
"../../../Engine/Content/EngineMaterials/RemoveSurfaceMaterial.uexp" 676
"../../../Engine/Content/EngineMaterials/WeightMapPlaceholderTexture.uasset" 677
"../../../Engine/Content/EngineMaterials/WeightMapPlaceholderTexture.uexp" 678
"../../../Engine/Content/EngineResources/WhiteSquareTexture.uasset" 679
"../../../Engine/Content/EngineResources/WhiteSquareTexture.uexp" 680
"../../../Engine/Content/EngineMaterials/Widget3DPassThrough.uasset" 681
"../../../Engine/Content/EngineMaterials/Widget3DPassThrough.uexp" 682
"../../../Engine/Content/EngineMaterials/Widget3DPassThrough_Masked.uasset" 683
"../../../Engine/Content/EngineMaterials/Widget3DPassThrough_Masked.uexp" 684
"../../../Engine/Content/EngineMaterials/Widget3DPassThrough_Opaque.uasset" 685
"../../../Engine/Content/EngineMaterials/Widget3DPassThrough_Opaque.uexp" 686
"../../../Engine/Content/EngineMaterials/Widget3DPassThrough_Masked_OneSided.uasset" 687
"../../../Engine/Content/EngineMaterials/Widget3DPassThrough_Masked_OneSided.uexp" 688
"../../../Engine/Content/EngineMaterials/Widget3DPassThrough_Opaque_OneSided.uasset" 689
"../../../Engine/Content/EngineMaterials/Widget3DPassThrough_Opaque_OneSided.uexp" 690
"../../../Engine/Content/EngineMaterials/Widget3DPassThrough_Translucent.uasset" 691
"../../../Engine/Content/EngineMaterials/Widget3DPassThrough_Translucent.uexp" 692
"../../../Engine/Content/EngineMaterials/Widget3DPassThrough_Translucent_OneSided.uasset" 693
"../../../Engine/Content/EngineMaterials/Widget3DPassThrough_Translucent_OneSided.uexp" 694
"../../../Engine/Content/EngineMeshes/Sphere.uasset" 695
"../../../Engine/Content/EngineMeshes/Sphere.uexp" 696
"../../../Engine/Content/EngineMeshes/Sphere.ubulk" 697
"../../../Engine/Content/EngineResources/DefaultTextureCube.uasset" 698
"../../../Engine/Content/EngineResources/DefaultTextureCube.uexp" 699
"../../../Engine/Content/EngineResources/DefaultVolumeTexture2D.uasset" 700
"../../../Engine/Content/EngineResources/DefaultVolumeTexture2D.uexp" 701
"../../../Engine/Content/EngineResources/DefaultVolumeTexture.uasset" 702
"../../../Engine/Content/EngineResources/DefaultVolumeTexture.uexp" 703
"../../../Engine/Content/EngineResources/GradientTexture0.uasset" 704
"../../../Engine/Content/EngineResources/GradientTexture0.uexp" 705
"../../../Engine/Content/EngineSky/VolumetricClouds/CloudWeatherTexture.uasset" 706
"../../../Engine/Content/EngineSky/VolumetricClouds/CloudWeatherTexture.uexp" 707
"../../../Engine/Content/EngineSky/VolumetricClouds/CloudGradientTexture.uasset" 708
"../../../Engine/Content/EngineSky/VolumetricClouds/CloudGradientTexture.uexp" 709
"../../../Engine/Content/EngineSky/VolumetricClouds/T_NoiseErosion.uasset" 710
"../../../Engine/Content/EngineSky/VolumetricClouds/T_NoiseErosion.uexp" 711
"../../../Engine/Content/EngineSky/VolumetricClouds/T_NoiseErosion.ubulk" 712
"../../../Engine/Content/EngineSky/VolumetricClouds/T_VolumeNoiseErosion32.uasset" 713
"../../../Engine/Content/EngineSky/VolumetricClouds/T_VolumeNoiseErosion32.uexp" 714
"../../../Engine/Content/EngineSky/VolumetricClouds/T_NoiseShape64.uasset" 715
"../../../Engine/Content/EngineSky/VolumetricClouds/T_NoiseShape64.uexp" 716
"../../../Engine/Content/EngineSky/VolumetricClouds/T_NoiseShape64.ubulk" 717
"../../../Engine/Content/EngineSky/VolumetricClouds/T_VolumeNoiseShape64.uasset" 718
"../../../Engine/Content/EngineSky/VolumetricClouds/T_VolumeNoiseShape64.uexp" 719
"../../../Engine/Content/EngineSky/VolumetricClouds/m_SimpleVolumetricCloud.uasset" 720
"../../../Engine/Content/EngineSky/VolumetricClouds/m_SimpleVolumetricCloud.uexp" 721
"../../../Engine/Content/EngineSky/VolumetricClouds/m_SimpleVolumetricCloud_Inst.uasset" 722
"../../../Engine/Content/EngineSky/VolumetricClouds/m_SimpleVolumetricCloud_Inst.uexp" 723
"../../../Engine/Content/EngineSounds/Master.uasset" 724
"../../../Engine/Content/EngineSounds/Master.uexp" 725
"../../../Engine/Content/Functions/Engine_MaterialFunctions01/Shading/PowerToRoughness.uasset" 726
"../../../Engine/Content/Functions/Engine_MaterialFunctions01/Shading/PowerToRoughness.uexp" 727
"../../../Engine/Content/Maps/Templates/Thumbnails/Default.uasset" 728
"../../../Engine/Content/Maps/Templates/Thumbnails/Default.uexp" 729
"../../../Engine/Content/Maps/Templates/Thumbnails/TimeOfDay.uasset" 730
"../../../Engine/Content/Maps/Templates/Thumbnails/TimeOfDay.uexp" 731
"../../../Engine/Content/Maps/Templates/Thumbnails/VR-Basic.uasset" 732
"../../../Engine/Content/Maps/Templates/Thumbnails/VR-Basic.uexp" 733
"../../../Engine/Content/MobileResources/T_MobileControls_texture.uasset" 734
"../../../Engine/Content/MobileResources/T_MobileControls_texture.uexp" 735
"../../../Engine/Content/MobileResources/T_MobileMenu2.uasset" 736
"../../../Engine/Content/MobileResources/T_MobileMenu2.uexp" 737
"../../../Engine/Content/MobileResources/HUD/AnalogHat.uasset" 738
"../../../Engine/Content/MobileResources/HUD/AnalogHat.uexp" 739
"../../../Engine/Content/MobileResources/HUD/VirtualJoystick_Background.uasset" 740
"../../../Engine/Content/MobileResources/HUD/VirtualJoystick_Background.uexp" 741
"../../../Engine/Content/MobileResources/HUD/VirtualJoystick_Thumb.uasset" 742
"../../../Engine/Content/MobileResources/HUD/VirtualJoystick_Thumb.uexp" 743
"../../../Engine/Content/MobileResources/HUD/DefaultVirtualJoysticks.uasset" 744
"../../../Engine/Content/MobileResources/HUD/DefaultVirtualJoysticks.uexp" 745
"../../../Engine/Content/MobileResources/HUD/LeftVirtualJoystickOnly.uasset" 746
"../../../Engine/Content/MobileResources/HUD/LeftVirtualJoystickOnly.uexp" 747
"../../../Engine/Content/MobileResources/HUD/MobileHUDButton1_off.uasset" 748
"../../../Engine/Content/MobileResources/HUD/MobileHUDButton1_off.uexp" 749
"../../../Engine/Content/MobileResources/HUD/MobileHUDButton1_on.uasset" 750
"../../../Engine/Content/MobileResources/HUD/MobileHUDButton1_on.uexp" 751
"../../../Engine/Content/MobileResources/HUD/MobileHUDButton2_off.uasset" 752
"../../../Engine/Content/MobileResources/HUD/MobileHUDButton2_off.uexp" 753
"../../../Engine/Content/MobileResources/HUD/MobileHUDButton2_on.uasset" 754
"../../../Engine/Content/MobileResources/HUD/MobileHUDButton2_on.uexp" 755
"../../../Engine/Content/MobileResources/HUD/MobileHUDButton3.uasset" 756
"../../../Engine/Content/MobileResources/HUD/MobileHUDButton3.uexp" 757
"../../../Engine/Content/MobileResources/HUD/MobileHUDButtonFire.uasset" 758
"../../../Engine/Content/MobileResources/HUD/MobileHUDButtonFire.uexp" 759
"../../../Engine/Content/MobileResources/HUD/MobileHUDDirectionPad.uasset" 760
"../../../Engine/Content/MobileResources/HUD/MobileHUDDirectionPad.uexp" 761
"../../../Engine/Content/MobileResources/HUD/MobileHUDDirectionPad2.uasset" 762
"../../../Engine/Content/MobileResources/HUD/MobileHUDDirectionPad2.uexp" 763
"../../../Engine/Content/MobileResources/HUD/MobileHUDDirectionPad3.uasset" 764
"../../../Engine/Content/MobileResources/HUD/MobileHUDDirectionPad3.uexp" 765
"../../../Engine/Content/MobileResources/HUD/MobileHUDDirectionStick.uasset" 766
"../../../Engine/Content/MobileResources/HUD/MobileHUDDirectionStick.uexp" 767
"../../../Engine/Content/MobileResources/HUD/T_Castle_ThumbstickInner.uasset" 768
"../../../Engine/Content/MobileResources/HUD/T_Castle_ThumbstickInner.uexp" 769
"../../../Engine/Content/MobileResources/HUD/T_Castle_ThumbstickOutter.uasset" 770
"../../../Engine/Content/MobileResources/HUD/T_Castle_ThumbstickOutter.uexp" 771
"../../../Engine/Content/Tutorial/ContentIntroCurve.uasset" 772
"../../../Engine/Content/Tutorial/ContentIntroCurve.uexp" 773
"../../../Engine/Content/Tutorial/Foliage/TutorialAssets/Foliage.uasset" 774
"../../../Engine/Content/Tutorial/Foliage/TutorialAssets/Foliage.uexp" 775
"../../../Engine/Content/VREditor/LaserPointer/VR_LaserPower_01.uasset" 776
"../../../Engine/Content/VREditor/LaserPointer/VR_LaserPower_01.uexp" 777
"../../../Engine/Content/VREditor/LaserPointer/VR_LaserPower_01.ubulk" 778
"../../../Engine/Content/VREditor/TransformGizmo/TransformGizmoMaterial.uasset" 779
"../../../Engine/Content/VREditor/TransformGizmo/TransformGizmoMaterial.uexp" 780
"../../../Engine/Content/VREditor/TransformGizmo/TranslucentTransformGizmoMaterial.uasset" 781
"../../../Engine/Content/VREditor/TransformGizmo/TranslucentTransformGizmoMaterial.uexp" 782
"../../../Engine/Content/VREditor/TransformGizmo/BoundingBoxCorner.uasset" 783
"../../../Engine/Content/VREditor/TransformGizmo/BoundingBoxCorner.uexp" 784
"../../../Engine/Content/VREditor/TransformGizmo/BoundingBoxCorner.ubulk" 785
"../../../Engine/Content/VREditor/TransformGizmo/BoundingBoxEdge.uasset" 786
"../../../Engine/Content/VREditor/TransformGizmo/BoundingBoxEdge.uexp" 787
"../../../Engine/Content/VREditor/TransformGizmo/BoundingBoxEdge.ubulk" 788
"../../../Engine/Content/VREditor/TransformGizmo/PlaneTranslationHandle.uasset" 789
"../../../Engine/Content/VREditor/TransformGizmo/PlaneTranslationHandle.uexp" 790
"../../../Engine/Content/VREditor/TransformGizmo/PlaneTranslationHandle.ubulk" 791
"../../../Engine/Content/VREditor/TransformGizmo/Main.uasset" 792
"../../../Engine/Content/VREditor/TransformGizmo/Main.uexp" 793
"../../../Engine/Content/VREditor/TransformGizmo/Xray.uasset" 794
"../../../Engine/Content/VREditor/TransformGizmo/Xray.uexp" 795
"../../../Engine/Content/VREditor/TransformGizmo/SM_Sequencer_Key.uasset" 796
"../../../Engine/Content/VREditor/TransformGizmo/SM_Sequencer_Key.uexp" 797
"../../../Engine/Content/VREditor/TransformGizmo/SM_Sequencer_Key.ubulk" 798
"../../../Engine/Content/VREditor/TransformGizmo/SM_Sequencer_Node.uasset" 799
"../../../Engine/Content/VREditor/TransformGizmo/SM_Sequencer_Node.uexp" 800
"../../../Engine/Content/VREditor/TransformGizmo/SM_Sequencer_Node.ubulk" 801
"../../../Engine/Plugins/2D/Paper2D/Content/PlaceholderTextures/DummySpriteTexture.uasset" 802
"../../../Engine/Plugins/2D/Paper2D/Content/PlaceholderTextures/DummySpriteTexture.uexp" 803
"../../../Engine/Plugins/2D/Paper2D/Content/PlaceholderTextures/DummySpriteTexture.ubulk" 804
"../../../Engine/Plugins/2D/Paper2D/Content/DummySprite.uasset" 805
"../../../Engine/Plugins/2D/Paper2D/Content/DummySprite.uexp" 806
"../../../Engine/Plugins/2D/Paper2D/Content/DefaultPaperTerrainMaterial.uasset" 807
"../../../Engine/Plugins/2D/Paper2D/Content/DefaultPaperTerrainMaterial.uexp" 808
"../../../Engine/Plugins/2D/Paper2D/Content/DefaultSpriteMaterial.uasset" 809
"../../../Engine/Plugins/2D/Paper2D/Content/DefaultSpriteMaterial.uexp" 810
"../../../Engine/Plugins/2D/Paper2D/Content/MaskedUnlitSpriteMaterial.uasset" 811
"../../../Engine/Plugins/2D/Paper2D/Content/MaskedUnlitSpriteMaterial.uexp" 812
"../../../Engine/Plugins/2D/Paper2D/Content/OpaqueUnlitSpriteMaterial.uasset" 813
"../../../Engine/Plugins/2D/Paper2D/Content/OpaqueUnlitSpriteMaterial.uexp" 814
"../../../Engine/Content/EngineResources/DefaultTexture.uasset" 815
"../../../Engine/Content/EngineResources/DefaultTexture.uexp" 816
"../../../Engine/Content/EngineResources/DefaultTexture.ubulk" 817
"../../../Engine/Content/Functions/Engine_MaterialFunctions02/ObjectLocalBounds.uasset" 818
"../../../Engine/Content/Functions/Engine_MaterialFunctions02/ObjectLocalBounds.uexp" 819
"../../../Engine/Plugins/Editor/SpeedTreeImporter/Content/SpeedTree9/game_wind_noise.uasset" 820
"../../../Engine/Plugins/Editor/SpeedTreeImporter/Content/SpeedTree9/game_wind_noise.uexp" 821
"../../../Engine/Plugins/Editor/SpeedTreeImporter/Content/SpeedTree9/game_wind_noise.ubulk" 822
"../../../Engine/Plugins/Editor/SpeedTreeImporter/Content/SpeedTree9/SpeedTreeBillboard.uasset" 823
"../../../Engine/Plugins/Editor/SpeedTreeImporter/Content/SpeedTree9/SpeedTreeBillboard.uexp" 824
"../../../Engine/Plugins/Editor/SpeedTreeImporter/Content/SpeedTree9/SpeedTreeWindMotion.uasset" 825
"../../../Engine/Plugins/Editor/SpeedTreeImporter/Content/SpeedTree9/SpeedTreeWindMotion.uexp" 826
"../../../Engine/Plugins/Editor/SpeedTreeImporter/Content/SpeedTree9/UnpackDirection.uasset" 827
"../../../Engine/Plugins/Editor/SpeedTreeImporter/Content/SpeedTree9/UnpackDirection.uexp" 828
"../../../Engine/Plugins/Editor/SpeedTreeImporter/Content/SpeedTree9/UnpackInteger3.uasset" 829
"../../../Engine/Plugins/Editor/SpeedTreeImporter/Content/SpeedTree9/UnpackInteger3.uexp" 830
"../../../Engine/Plugins/Editor/SpeedTreeImporter/Content/SpeedTree9/SpeedTreeBranchMotion.uasset" 831
"../../../Engine/Plugins/Editor/SpeedTreeImporter/Content/SpeedTree9/SpeedTreeBranchMotion.uexp" 832
"../../../Engine/Content/Functions/Engine_MaterialFunctions02/UVs/BoundingBoxBased_0-1_UVW.uasset" 833
"../../../Engine/Content/Functions/Engine_MaterialFunctions02/UVs/BoundingBoxBased_0-1_UVW.uexp" 834
"../../../Engine/Plugins/Editor/SpeedTreeImporter/Content/SpeedTree9/SpeedTreeWind.uasset" 835
"../../../Engine/Plugins/Editor/SpeedTreeImporter/Content/SpeedTree9/SpeedTreeWind.uexp" 836
"../../../Engine/Plugins/Editor/SpeedTreeImporter/Content/SpeedTree9/SpeedTreeBillboardMaster.uasset" 837
"../../../Engine/Plugins/Editor/SpeedTreeImporter/Content/SpeedTree9/SpeedTreeBillboardMaster.uexp" 838
"../../../Engine/Plugins/Editor/SpeedTreeImporter/Content/SpeedTree9/SpeedTreeCameraFacing.uasset" 839
"../../../Engine/Plugins/Editor/SpeedTreeImporter/Content/SpeedTree9/SpeedTreeCameraFacing.uexp" 840
"../../../Engine/Plugins/Editor/SpeedTreeImporter/Content/SpeedTree9/SpeedTreeMaster.uasset" 841
"../../../Engine/Plugins/Editor/SpeedTreeImporter/Content/SpeedTree9/SpeedTreeMaster.uexp" 842
"../../../Engine/Content/ArtTools/RenderToTexture/Materials/Debug/M_Emissive_Color.uasset" 843
"../../../Engine/Content/ArtTools/RenderToTexture/Materials/Debug/M_Emissive_Color.uexp" 844
"../../../Engine/Content/BasicShapes/Cylinder.uasset" 845
"../../../Engine/Content/BasicShapes/Cylinder.uexp" 846
"../../../Engine/Content/BasicShapes/Cylinder.ubulk" 847
"../../../Engine/Plugins/Runtime/HairStrands/Content/Materials/HairCardsDefaultMaterial.uasset" 848
"../../../Engine/Plugins/Runtime/HairStrands/Content/Materials/HairCardsDefaultMaterial.uexp" 849
"../../../Engine/Content/EngineMaterials/HairColorMap.uasset" 850
"../../../Engine/Content/EngineMaterials/HairColorMap.uexp" 851
"../../../Engine/Content/EngineMaterials/HairDebugColor.uasset" 852
"../../../Engine/Content/EngineMaterials/HairDebugColor.uexp" 853
"../../../Engine/Plugins/Runtime/HairStrands/Content/Materials/HairDebugMaterial.uasset" 854
"../../../Engine/Plugins/Runtime/HairStrands/Content/Materials/HairDebugMaterial.uexp" 855
"../../../Engine/Plugins/Runtime/HairStrands/Content/Materials/HairDefaultMaterial.uasset" 856
"../../../Engine/Plugins/Runtime/HairStrands/Content/Materials/HairDefaultMaterial.uexp" 857
"../../../Engine/Plugins/Runtime/HairStrands/Content/Materials/HairMeshesDefaultMaterial.uasset" 858
"../../../Engine/Plugins/Runtime/HairStrands/Content/Materials/HairMeshesDefaultMaterial.uexp" 859
"../../../Engine/Content/Functions/Engine_MaterialFunctions02/Utility/BreakOutFloat4Components.uasset" 860
"../../../Engine/Content/Functions/Engine_MaterialFunctions02/Utility/BreakOutFloat4Components.uexp" 861
"C:/Users/lev/Documents/Unreal Projects/UE5_STUGame/Content/Player/BP_STUPlayerController.uasset" 862
"C:/Users/lev/Documents/Unreal Projects/UE5_STUGame/Content/Player/BP_STUPlayerController.uexp" 863
"C:/Users/lev/Documents/Unreal Projects/UE5_STUGame/Content/ExternalContent/Animations/TTP_Animations/JumpEnd.uasset" 864
"C:/Users/lev/Documents/Unreal Projects/UE5_STUGame/Content/ExternalContent/Animations/TTP_Animations/JumpEnd.uexp" 865
"C:/Users/lev/Documents/Unreal Projects/UE5_STUGame/Content/ExternalContent/Animations/TTP_Animations/JumpLoop.uasset" 866
"C:/Users/lev/Documents/Unreal Projects/UE5_STUGame/Content/ExternalContent/Animations/TTP_Animations/JumpLoop.uexp" 867
"C:/Users/lev/Documents/Unreal Projects/UE5_STUGame/Content/ExternalContent/Animations/TTP_Animations/JumpStart.uasset" 868
"C:/Users/lev/Documents/Unreal Projects/UE5_STUGame/Content/ExternalContent/Animations/TTP_Animations/JumpStart.uexp" 869
"C:/Users/lev/Documents/Unreal Projects/UE5_STUGame/Content/ExternalContent/Animations/TTP_Animations/Run_Rt.uasset" 870
"C:/Users/lev/Documents/Unreal Projects/UE5_STUGame/Content/ExternalContent/Animations/TTP_Animations/Run_Rt.uexp" 871
"C:/Users/lev/Documents/Unreal Projects/UE5_STUGame/Content/ExternalContent/Animations/TTP_Animations/Run_Bwd.uasset" 872
"C:/Users/lev/Documents/Unreal Projects/UE5_STUGame/Content/ExternalContent/Animations/TTP_Animations/Run_Bwd.uexp" 873
"C:/Users/lev/Documents/Unreal Projects/UE5_STUGame/Content/ExternalContent/Animations/TTP_Animations/Run_Fwd.uasset" 874
"C:/Users/lev/Documents/Unreal Projects/UE5_STUGame/Content/ExternalContent/Animations/TTP_Animations/Run_Fwd.uexp" 875
"C:/Users/lev/Documents/Unreal Projects/UE5_STUGame/Content/ExternalContent/Animations/TTP_Animations/Run_Lt.uasset" 876
"C:/Users/lev/Documents/Unreal Projects/UE5_STUGame/Content/ExternalContent/Animations/TTP_Animations/Run_Lt.uexp" 877
"C:/Users/lev/Documents/Unreal Projects/UE5_STUGame/Content/Player/Animations/BS_LocomotionWalk.uasset" 878
"C:/Users/lev/Documents/Unreal Projects/UE5_STUGame/Content/Player/Animations/BS_LocomotionWalk.uexp" 879
"../../../Engine/Content/EditorBlueprintResources/StandardMacros.uasset" 880
"../../../Engine/Content/EditorBlueprintResources/StandardMacros.uexp" 881
"C:/Users/lev/Documents/Unreal Projects/UE5_STUGame/Content/Player/Animations/APB_BaseCharacter.uasset" 882
"C:/Users/lev/Documents/Unreal Projects/UE5_STUGame/Content/Player/Animations/APB_BaseCharacter.uexp" 883
"C:/Users/lev/Documents/Unreal Projects/UE5_STUGame/Content/ExternalContent/Animations/TTP_Animations/Death.uasset" 884
"C:/Users/lev/Documents/Unreal Projects/UE5_STUGame/Content/ExternalContent/Animations/TTP_Animations/Death.uexp" 885
"C:/Users/lev/Documents/Unreal Projects/UE5_STUGame/Content/Player/Animations/AM_Death.uasset" 886
"C:/Users/lev/Documents/Unreal Projects/UE5_STUGame/Content/Player/Animations/AM_Death.uexp" 887
"C:/Users/lev/Documents/Unreal Projects/UE5_STUGame/Content/ExternalContent/Characters/Textures/Chr_FPS_D.uasset" 888
"C:/Users/lev/Documents/Unreal Projects/UE5_STUGame/Content/ExternalContent/Characters/Textures/Chr_FPS_D.uexp" 889
"C:/Users/lev/Documents/Unreal Projects/UE5_STUGame/Content/ExternalContent/Characters/Textures/Chr_FPS_D.ubulk" 890
"C:/Users/lev/Documents/Unreal Projects/UE5_STUGame/Content/ExternalContent/Environment/Textures/T_Vista_Grass_N.uasset" 891
"C:/Users/lev/Documents/Unreal Projects/UE5_STUGame/Content/ExternalContent/Environment/Textures/T_Vista_Grass_N.uexp" 892
"C:/Users/lev/Documents/Unreal Projects/UE5_STUGame/Content/ExternalContent/Environment/Textures/T_Vista_Grass_N.ubulk" 893
"C:/Users/lev/Documents/Unreal Projects/UE5_STUGame/Content/ExternalContent/Characters/Materials/ML_Base.uasset" 894
"C:/Users/lev/Documents/Unreal Projects/UE5_STUGame/Content/ExternalContent/Characters/Materials/ML_Base.uexp" 895
"C:/Users/lev/Documents/Unreal Projects/UE5_STUGame/Content/ExternalContent/Characters/Textures/Chr_FPS_02_M.uasset" 896
"C:/Users/lev/Documents/Unreal Projects/UE5_STUGame/Content/ExternalContent/Characters/Textures/Chr_FPS_02_M.uexp" 897
"C:/Users/lev/Documents/Unreal Projects/UE5_STUGame/Content/ExternalContent/Characters/Textures/Chr_FPS_02_M.ubulk" 898
"C:/Users/lev/Documents/Unreal Projects/UE5_STUGame/Content/ExternalContent/Characters/Textures/Chr_FPS_M.uasset" 899
"C:/Users/lev/Documents/Unreal Projects/UE5_STUGame/Content/ExternalContent/Characters/Textures/Chr_FPS_M.uexp" 900
"C:/Users/lev/Documents/Unreal Projects/UE5_STUGame/Content/ExternalContent/Characters/Textures/Chr_FPS_M.ubulk" 901
"C:/Users/lev/Documents/Unreal Projects/UE5_STUGame/Content/ExternalContent/Characters/Materials/ML_Emissive_Custom.uasset" 902
"C:/Users/lev/Documents/Unreal Projects/UE5_STUGame/Content/ExternalContent/Characters/Materials/ML_Emissive_Custom.uexp" 903
"C:/Users/lev/Documents/Unreal Projects/UE5_STUGame/Content/ExternalContent/Characters/Textures/Tiles/T_Sctraches_01.uasset" 904
"C:/Users/lev/Documents/Unreal Projects/UE5_STUGame/Content/ExternalContent/Characters/Textures/Tiles/T_Sctraches_01.uexp" 905
"C:/Users/lev/Documents/Unreal Projects/UE5_STUGame/Content/ExternalContent/Characters/Textures/Tiles/T_Sctraches_01.ubulk" 906
"C:/Users/lev/Documents/Unreal Projects/UE5_STUGame/Content/ExternalContent/Characters/Materials/ML_Glass.uasset" 907
"C:/Users/lev/Documents/Unreal Projects/UE5_STUGame/Content/ExternalContent/Characters/Materials/ML_Glass.uexp" 908
"C:/Users/lev/Documents/Unreal Projects/UE5_STUGame/Content/ExternalContent/Characters/Materials/ML_Metal_light.uasset" 909
"C:/Users/lev/Documents/Unreal Projects/UE5_STUGame/Content/ExternalContent/Characters/Materials/ML_Metal_light.uexp" 910
"C:/Users/lev/Documents/Unreal Projects/UE5_STUGame/Content/ExternalContent/Characters/Textures/Chr_FPS_Metal_01.uasset" 911
"C:/Users/lev/Documents/Unreal Projects/UE5_STUGame/Content/ExternalContent/Characters/Textures/Chr_FPS_Metal_01.uexp" 912
"C:/Users/lev/Documents/Unreal Projects/UE5_STUGame/Content/ExternalContent/Characters/Textures/Chr_FPS_Metal_01.ubulk" 913
"C:/Users/lev/Documents/Unreal Projects/UE5_STUGame/Content/ExternalContent/Characters/Materials/ML_Metal_Painted.uasset" 914
"C:/Users/lev/Documents/Unreal Projects/UE5_STUGame/Content/ExternalContent/Characters/Materials/ML_Metal_Painted.uexp" 915
"C:/Users/lev/Documents/Unreal Projects/UE5_STUGame/Content/ExternalContent/Characters/Materials/ML_Rubber_dark.uasset" 916
"C:/Users/lev/Documents/Unreal Projects/UE5_STUGame/Content/ExternalContent/Characters/Materials/ML_Rubber_dark.uexp" 917
"C:/Users/lev/Documents/Unreal Projects/UE5_STUGame/Content/ExternalContent/Characters/Textures/Chr_FPS_Fabric_N_01.uasset" 918
"C:/Users/lev/Documents/Unreal Projects/UE5_STUGame/Content/ExternalContent/Characters/Textures/Chr_FPS_Fabric_N_01.uexp" 919
"C:/Users/lev/Documents/Unreal Projects/UE5_STUGame/Content/ExternalContent/Characters/Textures/Chr_FPS_Fabric_N_01.ubulk" 920
"C:/Users/lev/Documents/Unreal Projects/UE5_STUGame/Content/ExternalContent/Characters/Materials/ML_Rubber_light.uasset" 921
"C:/Users/lev/Documents/Unreal Projects/UE5_STUGame/Content/ExternalContent/Characters/Materials/ML_Rubber_light.uexp" 922
"C:/Users/lev/Documents/Unreal Projects/UE5_STUGame/Content/ExternalContent/Characters/Textures/Chr_FPS_M_03tga.uasset" 923
"C:/Users/lev/Documents/Unreal Projects/UE5_STUGame/Content/ExternalContent/Characters/Textures/Chr_FPS_M_03tga.uexp" 924
"C:/Users/lev/Documents/Unreal Projects/UE5_STUGame/Content/ExternalContent/Characters/Textures/Chr_FPS_M_03tga.ubulk" 925
"C:/Users/lev/Documents/Unreal Projects/UE5_STUGame/Content/ExternalContent/Characters/Textures/Chr_FPS_N.uasset" 926
"C:/Users/lev/Documents/Unreal Projects/UE5_STUGame/Content/ExternalContent/Characters/Textures/Chr_FPS_N.uexp" 927
"C:/Users/lev/Documents/Unreal Projects/UE5_STUGame/Content/ExternalContent/Characters/Materials/HeroTPP.uasset" 928
"C:/Users/lev/Documents/Unreal Projects/UE5_STUGame/Content/ExternalContent/Characters/Materials/HeroTPP.uexp" 929
"C:/Users/lev/Documents/Unreal Projects/UE5_STUGame/Content/ExternalContent/Characters/HeroTPP/HeroTPP_Physics.uasset" 930
"C:/Users/lev/Documents/Unreal Projects/UE5_STUGame/Content/ExternalContent/Characters/HeroTPP/HeroTPP_Physics.uexp" 931
"C:/Users/lev/Documents/Unreal Projects/UE5_STUGame/Content/ExternalContent/Characters/HeroTPP/HeroTPP.uasset" 932
"C:/Users/lev/Documents/Unreal Projects/UE5_STUGame/Content/ExternalContent/Characters/HeroTPP/HeroTPP.uexp" 933
"C:/Users/lev/Documents/Unreal Projects/UE5_STUGame/Content/Player/BP_STUBaseCharacter.uasset" 934
"C:/Users/lev/Documents/Unreal Projects/UE5_STUGame/Content/Player/BP_STUBaseCharacter.uexp" 935
"C:/Users/lev/Documents/Unreal Projects/UE5_STUGame/Content/BP_STUGameModeBase.uasset" 936
"C:/Users/lev/Documents/Unreal Projects/UE5_STUGame/Content/BP_STUGameModeBase.uexp" 937
"C:/Users/lev/Documents/Unreal Projects/UE5_STUGame/Content/Levels/TestLevel_BuiltData.uasset" 938
"C:/Users/lev/Documents/Unreal Projects/UE5_STUGame/Content/Levels/TestLevel_BuiltData.uexp" 939
"C:/Users/lev/Documents/Unreal Projects/UE5_STUGame/Content/Levels/TestLevel_BuiltData.ubulk" 940
"../../../Engine/Content/BasicShapes/BasicShapeMaterial.uasset" 941
"../../../Engine/Content/BasicShapes/BasicShapeMaterial.uexp" 942
"../../../Engine/Content/BasicShapes/Cube.uasset" 943
"../../../Engine/Content/BasicShapes/Cube.uexp" 944
"../../../Engine/Content/BasicShapes/Cube.ubulk" 945
"../../../Engine/Content/EngineMaterials/DefaultPhysicalMaterial.uasset" 946
"../../../Engine/Content/EngineMaterials/DefaultPhysicalMaterial.uexp" 947
"C:/Users/lev/Documents/Unreal Projects/UE5_STUGame/Content/Music/Dude_s_Cover_-_Giorno_s_Theme.uasset" 948
"C:/Users/lev/Documents/Unreal Projects/UE5_STUGame/Content/Music/Dude_s_Cover_-_Giorno_s_Theme.uexp" 949
"C:/Users/lev/Documents/Unreal Projects/UE5_STUGame/Content/Music/Dude_s_Cover_-_Giorno_s_Theme.ubulk" 950
"C:/Users/lev/Documents/Unreal Projects/UE5_STUGame/Content/Levels/TestLevel.uexp" 951
"C:/Users/lev/Documents/Unreal Projects/UE5_STUGame/Content/Levels/TestLevel.ubulk" 952
"C:/Users/lev/Documents/Unreal Projects/UE5_STUGame/Content/Levels/TestLevel.umap" 953
"../../../Engine/Content/Maps/Entry_BuiltData.uasset" 954
"../../../Engine/Content/Maps/Entry_BuiltData.uexp" 955
"../../../Engine/Content/Maps/Entry.uexp" 956
"../../../Engine/Content/Maps/Entry.umap" 957
